#
# A fatal error has been detected by the Java Runtime Environment:
#
#  EXCEPTION_ACCESS_VIOLATION (0xc0000005) at pc=0x00007ffd989ad632, pid=109428, tid=108112
#
# JRE version: OpenJDK Runtime Environment JBR-21.0.6+9-895.91-nomod (21.0.6+9) (build 21.0.6+9-b895.91)
# Java VM: OpenJDK 64-Bit Server VM JBR-21.0.6+9-895.91-nomod (21.0.6+9-b895.91, mixed mode, sharing, tiered, compressed oops, compressed class ptrs, g1 gc, windows-amd64)
# Problematic frame:
# V  [jvm.dll+0x8d632]  Node::add_out+0x32
#
# No core dump will be written. Minidumps are not enabled by default on client versions of Windows
#
# If you would like to submit a bug report, please visit:
#   https://youtrack.jetbrains.com/issues/JBR
#

---------------  S U M M A R Y ------------

Command Line: -agentlib:jdwp=transport=dt_socket,address=127.0.0.1:62099,suspend=y,server=n --add-modules=javafx.controls,javafx.fxml,javafx.base --add-exports=javafx.base/com.sun.javafx.event=org.controlsfx.controls -ea -Xmx1024m -agentpath:C:\Users\messi\AppData\Local\Temp\idea_libasyncProfiler_dll_temp_folder10241\libasyncProfiler.dll=version,jfr,event=wall,interval=10ms,cstack=no,file=C:\Users\messi\IdeaSnapshots\Login_2025_03_07_013038.jfr,dbghelppath=C:\Users\messi\AppData\Local\Temp\idea_dbghelp_dll_temp_folder8\dbghelp.dll,log=C:\Users\messi\AppData\Local\Temp\Login_2025_03_07_013038.jfr.log.txt,logLevel=DEBUG -javaagent:C:\Users\messi\.hotswap\hotswap-agent.jar -XX:+AllowEnhancedClassRedefinition -XX:HotswapAgent=external -XX:+ClassUnloading --add-opens=java.base/sun.nio.ch=ALL-UNNAMED --add-opens=java.base/java.lang=ALL-UNNAMED --add-opens=java.base/java.lang.reflect=ALL-UNNAMED --add-opens=java.base/java.io=ALL-UNNAMED --add-opens=java.base/sun.security.action=ALL-UNNAMED --add-opens=java.base/jdk.internal.reflect=ALL-UNNAMED --add-opens=java.base/java.net=ALL-UNNAMED -javaagent:C:\Users\messi\AppData\Local\JetBrains\IntelliJIdea2024.3\captureAgent\debugger-agent.jar -Dkotlinx.coroutines.debug.enable.creation.stack.trace=false -Ddebugger.agent.enable.coroutines=true -Dkotlinx.coroutines.debug.enable.flows.stack.trace=true -Dkotlinx.coroutines.debug.enable.mutable.state.flows.stack.trace=true -Dfile.encoding=UTF-8 -Dsun.stdout.encoding=UTF-8 -Dsun.stderr.encoding=UTF-8 --module-path=C:\Users\messi\.m2\repository\io\github\palexdev\materialfx\11.17.0\materialfx-11.17.0.jar;C:\Users\messi\.m2\repository\com\itextpdf\io\9.1.0\io-9.1.0.jar;C:\Users\messi\.m2\repository\org\apache\pdfbox\pdfbox\3.0.3\pdfbox-3.0.3.jar;C:\Users\messi\.m2\repository\com\mysql\mysql-connector-j\8.0.33\mysql-connector-j-8.0.33.jar;C:\Users\messi\.m2\repository\io\github\palexdev\mfxresources\11.9.1\mfxresources-11.9.1.jar;C:\Users\messi\.m2\repository\io\github\palexdev\mfxcore\11.8.0\mfxcore-11.8.0.jar;C:\Users\messi\.m2\repository\org\openjfx\javafx-controls\17.0.6\javafx-controls-17.0.6-win.jar;C:\Users\messi\.m2\repository\io\github\palexdev\mfxlocalization\11.1.0\mfxlocalization-11.1.0.jar;C:\Users\messi\.m2\repository\org\openjfx\javafx-media\17.0.6\javafx-media-17.0.6-win.jar;C:\Users\messi\.m2\repository\io\github\palexdev\mfxeffects\11.3.0\mfxeffects-11.3.0.jar;C:\Users\messi\.m2\repository\org\openjfx\javafx-fxml\17.0.6\javafx-fxml-17.0.6-win.jar;C:\Users\messi\.m2\repository\de\jensd\fontawesomefx-fontawesome\4.7.0-9.1.2\fontawesomefx-fontawesome-4.7.0-9.1.2.jar;C:\Users\messi\.m2\repository\io\github\palexdev\virtualizedfx\11.9.6\virtualizedfx-11.9.6.jar;C:\Users\messi\.m2\repository\com\itextpdf\itextpdf\5.5.13.3\itextpdf-5.5.13.3.jar;C:\Users\messi\.m2\repository\org\controlsfx\controlsfx\11.1.0\controlsfx-11.1.0.jar;C:\Users\messi\.m2\repository\org\openjfx\javafx-graphics\17.0.6\javafx-graphics-17.0.6-win.jar;D:\CodingProjects\JavaProjects\BiaManagement_07_03\BilliardsManagement\target\classes;C:\Users\messi\.m2\repository\de\jensd\fontawesomefx-commons\9.1.2\fontawesomefx-commons-9.1.2.jar;C:\Users\messi\.m2\repository\org\openjfx\javafx-base\17.0.6\javafx-base-17.0.6-win.jar;C:\Users\messi\.m2\repository\com\itextpdf\kernel\9.1.0\kernel-9.1.0.jar -Djdk.module.main=src.billiardsmanagement src.billiardsmanagement/src.billiardsmanagement.view.Login

Host: AMD Ryzen 7 7735HS with Radeon Graphics        , 16 cores, 15G,  Windows 11 , 64 bit Build 22621 (10.0.22621.4830)
Time: Fri Mar  7 01:30:39 2025 SE Asia Standard Time elapsed time: 1.054677 seconds (0d 0h 0m 1s)

---------------  T H R E A D  ---------------

Current thread (0x000001e9684e7990):  JavaThread "C2 CompilerThread0" daemon [_thread_in_native, id=108112, stack(0x0000009479100000,0x0000009479200000) (1024K)]


Current CompileTask:
C2:1054 1729       4       java.util.ArrayList$Itr::next (66 bytes)

Stack: [0x0000009479100000,0x0000009479200000],  sp=0x00000094791fca10,  free space=1010k
Native frames: (J=compiled Java code, j=interpreted, Vv=VM code, C=native code)
V  [jvm.dll+0x8d632]  Node::add_out+0x32  (node.hpp:505)
V  [jvm.dll+0x6bee1f]  Node::add_req+0x8f  (node.cpp:775)
V  [jvm.dll+0x66d8b4]  Matcher::find_shared+0x324  (matcher.cpp:2193)
V  [jvm.dll+0x6720b9]  Matcher::match+0x549  (matcher.cpp:327)
V  [jvm.dll+0x25063f]  Compile::Code_Gen+0xbf  (compile.cpp:2918)
V  [jvm.dll+0x24fd91]  Compile::Compile+0xee1  (compile.cpp:885)
V  [jvm.dll+0x1cd6c4]  C2Compiler::compile_method+0xd4  (c2compiler.cpp:123)
V  [jvm.dll+0x25f60c]  CompileBroker::invoke_compiler_on_method+0x78c  (compileBroker.cpp:2310)
V  [jvm.dll+0x25db33]  CompileBroker::compiler_thread_loop+0x393  (compileBroker.cpp:1974)
V  [jvm.dll+0x3ff796]  JavaThread::run+0x116  (javaThread.cpp:702)
V  [jvm.dll+0x86bc68]  Thread::call_run+0xc8  (thread.cpp:231)
V  [jvm.dll+0x6e44bd]  os::win32::thread_native_entry+0x7d  (os_windows.cpp:557)
C  [ucrtbase.dll+0x29333]
C  [KERNEL32.DLL+0x1259d]
C  [ntdll.dll+0x5af38]


siginfo: EXCEPTION_ACCESS_VIOLATION (0xc0000005), reading address 0xffffffffffffffff


Registers:
RAX=0x000000009892fee0, RBX=0x00007ffd99323458, RCX=0x00007ffd98934700, RDX=0x000001e96d197190
RSP=0x00000094791fca10, RBP=0x00000094791fcab9, RSI=0x0000000000000000, RDI=0x000001e96d197190
R8 =0x0000000000000002, R9 =0x0000000000000000, R10=0x00007ffe10fe0000, R11=0x000001e96d19d848
R12=0x00000000000000b1, R13=0x0000000000000000, R14=0x0000000000000000, R15=0x00000094791fcf10
RIP=0x00007ffd989ad632, EFLAGS=0x0000000000010292

XMM[0]=0x0000000000000000 0x0000000000000000
XMM[1]=0x000001e96d197148 0x000001e9685a5610
XMM[2]=0x000001e96d197148 0x000001e9685a5610
XMM[3]=0x0000000000000000 0x000000003f7fffef
XMM[4]=0x000001e96d19a758 0x000001e96d19b0d0
XMM[5]=0x000001e96d199b98 0x000001e96d199280
XMM[6]=0x0000000000000000 0x0000000000000000
XMM[7]=0x0000000000000000 0x0000000000000000
XMM[8]=0x0000000000000000 0x0000000000000000
XMM[9]=0x0000000000000000 0x0000000000000000
XMM[10]=0x0000000000000000 0x0000000000000000
XMM[11]=0x0000000000000000 0x0000000000000000
XMM[12]=0x0000000000000000 0x0000000000000000
XMM[13]=0x0000000000000000 0x0000000000000000
XMM[14]=0x0000000000000000 0x0000000000000000
XMM[15]=0x0000000000000000 0x0000000000000000
  MXCSR=0x00001fa0


Register to memory mapping:

RAX=0x000000009892fee0 is an unknown value
RBX=0x00007ffd99323458 jvm.dll::IfNode::`vftable' + 0x0
RCX=0x00007ffd98934700 jvm.dll::jmpConUCF2_shortNode::pinned + 0x0
RDX=0x000001e96d197190 points into unknown readable memory: 0x00007ffd99323458 | 58 34 32 99 fd 7f 00 00
RSP=0x00000094791fca10 is pointing into the stack for thread: 0x000001e9684e7990
RBP=0x00000094791fcab9 is pointing into the stack for thread: 0x000001e9684e7990
RSI=0x0 is null
RDI=0x000001e96d197190 points into unknown readable memory: 0x00007ffd99323458 | 58 34 32 99 fd 7f 00 00
R8 =0x0000000000000002 is an unknown value
R9 =0x0 is null
R10=0x00007ffe10fe0000 VCRUNTIME140.dll
R11=0x000001e96d19d848 points into unknown readable memory: 0x00007ffd99323458 | 58 34 32 99 fd 7f 00 00
R12=0x00000000000000b1 is an unknown value
R13=0x0 is null
R14=0x0 is null
R15=0x00000094791fcf10 is pointing into the stack for thread: 0x000001e9684e7990

Top of Stack: (sp=0x00000094791fca10)
0x00000094791fca10:   0000000000000003 000001e96d197190
0x00000094791fca20:   0000000000000000 0000000000000000
0x00000094791fca30:   00007ffd99323458 00007ffd98fdee1f
0x00000094791fca40:   000001e96d197190 0000000000000000
0x00000094791fca50:   00000094791fcf10 0000000000000000
0x00000094791fca60:   000001e96d197190 00007ffd98f8d8b4
0x00000094791fca70:   0000000000000003 000000000000007b
0x00000094791fca80:   0000000000000000 0000000000000000
0x00000094791fca90:   00000094791fcb20 00000094791fcb28
0x00000094791fcaa0:   000001e96dd8b9b8 000001e96dd8c5b8
0x00000094791fcab0:   000001e96dd8b838 000001e9684af080
0x00000094791fcac0:   0000000000000002 000001e96dd8c5b8
0x00000094791fcad0:   00007ffd00000002 000001e9684af080
0x00000094791fcae0:   000001e96dd8b7d0 0000000000000000
0x00000094791fcaf0:   0000000000000000 0000000000000060
0x00000094791fcb00:   0000000000000004 00000094791fcf10
0x00000094791fcb10:   00000094791fcba9 00007ffd98f920b9
0x00000094791fcb20:   00000094791fcf00 00000094791fcba9
0x00000094791fcb30:   0000000000000010 000001e9686c61f0
0x00000094791fcb40:   000001e96dd8b7b8 0000000000000000
0x00000094791fcb50:   0000000000100000 0000000000000000
0x00000094791fcb60:   0000000000000000 0000000000000000
0x00000094791fcb70:   0000000000000000 0000000000000000
0x00000094791fcb80:   0000000000000000 0000000000000000
0x00000094791fcb90:   0000000000000000 0000000000000000
0x00000094791fcba0:   0000000000000000 0000000000000000
0x00000094791fcbb0:   00000094791fcfb8 0000000000000007
0x00000094791fcbc0:   0000000000000000 0000000000000000
0x00000094791fcbd0:   0000c2e69afc0310 00007ffd98f8b78e
0x00000094791fcbe0:   0000000000000000 0000000080000000
0x00000094791fcbf0:   000001e9684a5330 0000000000000000
0x00000094791fcc00:   00000094791fcd10 00007ffd98b7063f 

Instructions: (pc=0x00007ffd989ad632)
0x00007ffd989ad532:   00 00 00 48 89 03 c6 43 3c 00 c7 43 2c 08 00 00
0x00007ffd989ad542:   00 8b 4d 2c 83 e1 0f 80 f9 09 75 04 83 4b 30 40
0x00007ffd989ad552:   4c 89 23 0f 28 05 64 92 bb 00 0f 11 43 40 0f 28
0x00007ffd989ad562:   0d 69 92 bb 00 0f 11 4b 50 0f 28 05 6e 92 bb 00
0x00007ffd989ad572:   0f 11 43 60 0f 28 0d 73 92 bb 00 0f 11 4b 70 0f
0x00007ffd989ad582:   28 05 78 92 bb 00 0f 11 83 80 00 00 00 0f 28 0d
0x00007ffd989ad592:   7a 92 bb 00 0f 11 8b 90 00 00 00 c7 83 a0 00 00
0x00007ffd989ad5a2:   00 0f 00 00 00 c7 43 2c 08 02 00 00 eb 02 33 db
0x00007ffd989ad5b2:   8b 77 18 8d 46 01 89 47 18 3b 77 08 72 0a 8b d6
0x00007ffd989ad5c2:   48 8b cf e8 e6 2e 63 00 48 8b 47 10 48 8b 7c 24
0x00007ffd989ad5d2:   58 48 89 1c f0 48 8b c5 48 8b 6c 24 48 48 8b 5c
0x00007ffd989ad5e2:   24 40 48 8b 74 24 50 48 83 c4 20 41 5f 41 5e 41
0x00007ffd989ad5f2:   5c c3 cc cc cc cc cc cc cc cc cc cc cc cc 48 89
0x00007ffd989ad602:   5c 24 08 57 48 83 ec 20 48 8b d9 48 8b fa 48 8b
0x00007ffd989ad612:   49 10 48 85 c9 74 20 8b 43 20 3b 43 24 75 11 8b
0x00007ffd989ad622:   d0 48 8b cb e8 85 40 63 00 8b 43 20 48 8b 4b 10
0x00007ffd989ad632:   48 89 3c c1 ff 43 20 48 8b 5c 24 30 48 83 c4 20
0x00007ffd989ad642:   5f c3 cc cc cc cc cc cc cc cc cc cc cc cc 48 89
0x00007ffd989ad652:   5c 24 08 57 48 83 ec 20 48 8b 01 48 8b d9 ff 90
0x00007ffd989ad662:   c8 00 00 00 8d 50 01 48 8b 43 08 48 8b 0c d0 48
0x00007ffd989ad672:   8b 01 ff 50 28 48 8b 13 48 8b cb 48 8b f8 ff 92
0x00007ffd989ad682:   c8 00 00 00 83 c0 02 39 43 18 77 0e 48 8b c7 48
0x00007ffd989ad692:   8b 5c 24 30 48 83 c4 20 5f c3 48 8b 03 48 8b cb
0x00007ffd989ad6a2:   ff 90 c8 00 00 00 8d 48 02 48 8b 43 08 48 8b 0c
0x00007ffd989ad6b2:   c8 48 8b 01 ff 50 28 45 33 c0 48 8b cf 48 8b d0
0x00007ffd989ad6c2:   48 8b 5c 24 30 48 83 c4 20 5f e9 1f 57 7f 00 cc
0x00007ffd989ad6d2:   cc cc cc cc cc cc cc cc cc cc cc cc cc cc 48 8b
0x00007ffd989ad6e2:   41 60 c3 cc cc cc cc cc cc cc cc cc cc cc 48 8b
0x00007ffd989ad6f2:   41 70 c3 cc cc cc cc cc cc cc cc cc cc cc 8b 81
0x00007ffd989ad702:   a0 00 00 00 c3 cc cc cc cc cc cc cc cc cc 48 89
0x00007ffd989ad712:   5c 24 08 48 89 74 24 10 57 48 83 ec 20 49 8b f0
0x00007ffd989ad722:   8b da 48 8b f9 3b 51 08 72 07 8b d3 e8 7d 2d 63 


Stack slot to memory mapping:

stack at sp + 0 slots: 0x0000000000000003 is an unknown value
stack at sp + 1 slots: 0x000001e96d197190 points into unknown readable memory: 0x00007ffd99323458 | 58 34 32 99 fd 7f 00 00
stack at sp + 2 slots: 0x0 is null
stack at sp + 3 slots: 0x0 is null
stack at sp + 4 slots: 0x00007ffd99323458 jvm.dll::IfNode::`vftable' + 0x0
stack at sp + 5 slots: 0x00007ffd98fdee1f jvm.dll::Node::add_req + 0x8f
stack at sp + 6 slots: 0x000001e96d197190 points into unknown readable memory: 0x00007ffd99323458 | 58 34 32 99 fd 7f 00 00
stack at sp + 7 slots: 0x0 is null


---------------  P R O C E S S  ---------------

Threads class SMR info:
_java_thread_list=0x000001e96eb939e0, length=25, elements={
0x000001e953faf390, 0x000001e9684dac70, 0x000001e9684dbba0, 0x000001e9684e0c10,
0x000001e9684e2a00, 0x000001e9684e37a0, 0x000001e9684e4690, 0x000001e9684e7990,
0x000001e9684f4030, 0x000001e96859f9a0, 0x000001e9685ff310, 0x000001e9686c1730,
0x000001e96877c3e0, 0x000001e96877ce90, 0x000001e96867ec70, 0x000001e96d4a50e0,
0x000001e96877dd40, 0x000001e96e002850, 0x000001e96d7e8210, 0x000001e96d3a5d10,
0x000001e96d567be0, 0x000001e96d56c7e0, 0x000001e96d663b50, 0x000001e96d51f680,
0x000001e96eb92fb0
}

Java Threads: ( => current thread )
  0x000001e953faf390 JavaThread "main"                              [_thread_in_native, id=109524, stack(0x0000009478300000,0x0000009478400000) (1024K)]
  0x000001e9684dac70 JavaThread "Reference Handler"          daemon [_thread_blocked, id=107104, stack(0x0000009478b00000,0x0000009478c00000) (1024K)]
  0x000001e9684dbba0 JavaThread "Finalizer"                  daemon [_thread_blocked, id=109664, stack(0x0000009478c00000,0x0000009478d00000) (1024K)]
  0x000001e9684e0c10 JavaThread "Signal Dispatcher"          daemon [_thread_blocked, id=110100, stack(0x0000009478d00000,0x0000009478e00000) (1024K)]
  0x000001e9684e2a00 JavaThread "Attach Listener"            daemon [_thread_blocked, id=111200, stack(0x0000009478e00000,0x0000009478f00000) (1024K)]
  0x000001e9684e37a0 JavaThread "Service Thread"             daemon [_thread_blocked, id=109008, stack(0x0000009478f00000,0x0000009479000000) (1024K)]
  0x000001e9684e4690 JavaThread "Monitor Deflation Thread"   daemon [_thread_blocked, id=107776, stack(0x0000009479000000,0x0000009479100000) (1024K)]
=>0x000001e9684e7990 JavaThread "C2 CompilerThread0"         daemon [_thread_in_native, id=108112, stack(0x0000009479100000,0x0000009479200000) (1024K)]
  0x000001e9684f4030 JavaThread "C1 CompilerThread0"         daemon [_thread_blocked, id=110724, stack(0x0000009479200000,0x0000009479300000) (1024K)]
  0x000001e96859f9a0 JavaThread "C1 CompilerThread1"         daemon [_thread_blocked, id=107804, stack(0x0000009479300000,0x0000009479400000) (1024K)]
  0x000001e9685ff310 JavaThread "Common-Cleaner"             daemon [_thread_blocked, id=95368, stack(0x0000009479400000,0x0000009479500000) (1024K)]
  0x000001e9686c1730 JavaThread "C2 CompilerThread1"         daemon [_thread_in_native, id=110584, stack(0x0000009479500000,0x0000009479600000) (1024K)]
  0x000001e96877c3e0 JavaThread "C1 CompilerThread2"         daemon [_thread_blocked, id=109192, stack(0x0000009479600000,0x0000009479700000) (1024K)]
  0x000001e96877ce90 JavaThread "C1 CompilerThread3"         daemon [_thread_blocked, id=108136, stack(0x0000009479700000,0x0000009479800000) (1024K)]
  0x000001e96867ec70 JavaThread "C2 CompilerThread2"         daemon [_thread_in_native, id=110376, stack(0x0000009479800000,0x0000009479900000) (1024K)]
  0x000001e96d4a50e0 JavaThread "C2 CompilerThread3"         daemon [_thread_in_native, id=108400, stack(0x0000009479900000,0x0000009479a00000) (1024K)]
  0x000001e96877dd40 JavaThread "C2 CompilerThread4"         daemon [_thread_in_native, id=109640, stack(0x0000009479a00000,0x0000009479b00000) (1024K)]
  0x000001e96e002850 JavaThread "JDWP Transport Listener: dt_socket" daemon [_thread_blocked, id=111180, stack(0x0000009479b00000,0x0000009479c00000) (1024K)]
  0x000001e96d7e8210 JavaThread "JDWP Event Helper Thread"   daemon [_thread_blocked, id=110436, stack(0x0000009479c00000,0x0000009479d00000) (1024K)]
  0x000001e96d3a5d10 JavaThread "JDWP Command Reader"        daemon [_thread_in_native, id=69712, stack(0x0000009479d00000,0x0000009479e00000) (1024K)]
  0x000001e96d567be0 JavaThread "FileSystemWatchService"     daemon [_thread_in_native, id=107768, stack(0x0000009479e00000,0x0000009479f00000) (1024K)]
  0x000001e96d56c7e0 JavaThread "HotSwap Watcher"            daemon [_thread_blocked, id=108300, stack(0x0000009479f00000,0x000000947a000000) (1024K)]
  0x000001e96d663b50 JavaThread "HotSwap Dispatcher"         daemon [_thread_blocked, id=109804, stack(0x000000947a000000,0x000000947a100000) (1024K)]
  0x000001e96d51f680 JavaThread "Thread-2"                   daemon [_thread_blocked, id=110496, stack(0x000000947aa00000,0x000000947ab00000) (1024K)]
  0x000001e96eb92fb0 JavaThread "Notification Thread"        daemon [_thread_blocked, id=110140, stack(0x000000947ab00000,0x000000947ac00000) (1024K)]
Total: 25

Other Threads:
  0x000001e9684ba530 VMThread "VM Thread"                           [id=108540, stack(0x0000009478a00000,0x0000009478b00000) (1024K)]
  0x000001e9684a3d60 WatcherThread "VM Periodic Task Thread"        [id=101856, stack(0x0000009478900000,0x0000009478a00000) (1024K)]
  0x000001e953ff5bc0 WorkerThread "GC Thread#0"                     [id=108260, stack(0x0000009478400000,0x0000009478500000) (1024K)]
  0x000001e96ded5720 WorkerThread "GC Thread#1"                     [id=108772, stack(0x000000947a100000,0x000000947a200000) (1024K)]
  0x000001e96ded5ac0 WorkerThread "GC Thread#2"                     [id=110756, stack(0x000000947a200000,0x000000947a300000) (1024K)]
  0x000001e96ded6270 WorkerThread "GC Thread#3"                     [id=110752, stack(0x000000947a300000,0x000000947a400000) (1024K)]
  0x000001e96d669170 WorkerThread "GC Thread#4"                     [id=104864, stack(0x000000947a400000,0x000000947a500000) (1024K)]
  0x000001e96deaccf0 WorkerThread "GC Thread#5"                     [id=110616, stack(0x000000947a500000,0x000000947a600000) (1024K)]
  0x000001e96df605d0 WorkerThread "GC Thread#6"                     [id=107472, stack(0x000000947a600000,0x000000947a700000) (1024K)]
  0x000001e96e089fe0 WorkerThread "GC Thread#7"                     [id=92036, stack(0x000000947a700000,0x000000947a800000) (1024K)]
  0x000001e96e08a380 WorkerThread "GC Thread#8"                     [id=110844, stack(0x000000947a800000,0x000000947a900000) (1024K)]
  0x000001e96e08a720 WorkerThread "GC Thread#9"                     [id=108748, stack(0x000000947a900000,0x000000947aa00000) (1024K)]
  0x000001e953ffee70 ConcurrentGCThread "G1 Main Marker"            [id=108228, stack(0x0000009478500000,0x0000009478600000) (1024K)]
  0x000001e953fff870 WorkerThread "G1 Conc#0"                       [id=110076, stack(0x0000009478600000,0x0000009478700000) (1024K)]
  0x000001e954145cf0 ConcurrentGCThread "G1 Refine#0"               [id=108484, stack(0x0000009478700000,0x0000009478800000) (1024K)]
  0x000001e954146760 ConcurrentGCThread "G1 Service"                [id=109060, stack(0x0000009478800000,0x0000009478900000) (1024K)]
Total: 16

Threads with active compile tasks:
C2 CompilerThread0  1143 1729       4       java.util.ArrayList$Itr::next (66 bytes)
C2 CompilerThread1  1143 1751 %     4       java.lang.StringLatin1::replace @ 57 (198 bytes)
C2 CompilerThread2  1143 1740   !   4       java.util.regex.Pattern::matcher (44 bytes)
C2 CompilerThread3  1143 1770       4       java.util.regex.Matcher::reset (128 bytes)
C2 CompilerThread4  1143 1741       4       java.util.regex.Matcher::<init> (95 bytes)
Total: 5

VM state: not at safepoint (normal execution)

VM Mutex/Monitor currently owned by a thread: None

Heap address: 0x00000000c0000000, size: 1024 MB, Compressed Oops mode: 32-bit

CDS archive(s) mapped at: [0x000001e900000000-0x000001e900d00000-0x000001e900d00000), size 13631488, SharedBaseAddress: 0x000001e900000000, ArchiveRelocationMode: 1.
Compressed class space mapped at: 0x000001e901000000-0x000001e941000000, reserved size: 1073741824
Narrow klass base: 0x000001e900000000, Narrow klass shift: 0, Narrow klass range: 0x100000000

GC Precious Log:
 CardTable entry size: 512
 Card Set container configuration: InlinePtr #cards 5 size 8 Array Of Cards #cards 12 size 40 Howl #buckets 4 coarsen threshold 1843 Howl Bitmap #cards 512 size 80 coarsen threshold 460 Card regions per heap region 1 cards per card region 2048
 CPUs: 16 total, 16 available
 Memory: 15611M
 Large Page Support: Disabled
 NUMA Support: Disabled
 Compressed Oops: Enabled (32-bit)
 Heap Region Size: 1M
 Heap Min Capacity: 8M
 Heap Initial Capacity: 244M
 Heap Max Capacity: 1G
 Pre-touch: Disabled
 Parallel Workers: 13
 Concurrent Workers: 3
 Concurrent Refinement Workers: 13
 Periodic GC: Disabled

Heap:
 garbage-first heap   total 249856K, used 34919K [0x00000000c0000000, 0x0000000100000000)
  region size 1024K, 34 young (34816K), 3 survivors (3072K)
 Metaspace       used 6370K, committed 6592K, reserved 1114112K
  class space    used 644K, committed 768K, reserved 1048576K

Heap Regions: E=young(eden), S=young(survivor), O=old, HS=humongous(starts), HC=humongous(continues), CS=collection set, F=free, TAMS=top-at-mark-start, PB=parsable bottom
|   0|0x00000000c0000000, 0x00000000c0100000, 0x00000000c0100000|100%| O|  |TAMS 0x00000000c0000000| PB 0x00000000c0000000| Untracked 
|   1|0x00000000c0100000, 0x00000000c0119ff0, 0x00000000c0200000| 10%| O|  |TAMS 0x00000000c0100000| PB 0x00000000c0100000| Untracked 
|   2|0x00000000c0200000, 0x00000000c0200000, 0x00000000c0300000|  0%| F|  |TAMS 0x00000000c0200000| PB 0x00000000c0200000| Untracked 
|   3|0x00000000c0300000, 0x00000000c0300000, 0x00000000c0400000|  0%| F|  |TAMS 0x00000000c0300000| PB 0x00000000c0300000| Untracked 
|   4|0x00000000c0400000, 0x00000000c0400000, 0x00000000c0500000|  0%| F|  |TAMS 0x00000000c0400000| PB 0x00000000c0400000| Untracked 
|   5|0x00000000c0500000, 0x00000000c0500000, 0x00000000c0600000|  0%| F|  |TAMS 0x00000000c0500000| PB 0x00000000c0500000| Untracked 
|   6|0x00000000c0600000, 0x00000000c0600000, 0x00000000c0700000|  0%| F|  |TAMS 0x00000000c0600000| PB 0x00000000c0600000| Untracked 
|   7|0x00000000c0700000, 0x00000000c0700000, 0x00000000c0800000|  0%| F|  |TAMS 0x00000000c0700000| PB 0x00000000c0700000| Untracked 
|   8|0x00000000c0800000, 0x00000000c0800000, 0x00000000c0900000|  0%| F|  |TAMS 0x00000000c0800000| PB 0x00000000c0800000| Untracked 
|   9|0x00000000c0900000, 0x00000000c0900000, 0x00000000c0a00000|  0%| F|  |TAMS 0x00000000c0900000| PB 0x00000000c0900000| Untracked 
|  10|0x00000000c0a00000, 0x00000000c0a00000, 0x00000000c0b00000|  0%| F|  |TAMS 0x00000000c0a00000| PB 0x00000000c0a00000| Untracked 
|  11|0x00000000c0b00000, 0x00000000c0b00000, 0x00000000c0c00000|  0%| F|  |TAMS 0x00000000c0b00000| PB 0x00000000c0b00000| Untracked 
|  12|0x00000000c0c00000, 0x00000000c0c00000, 0x00000000c0d00000|  0%| F|  |TAMS 0x00000000c0c00000| PB 0x00000000c0c00000| Untracked 
|  13|0x00000000c0d00000, 0x00000000c0d00000, 0x00000000c0e00000|  0%| F|  |TAMS 0x00000000c0d00000| PB 0x00000000c0d00000| Untracked 
|  14|0x00000000c0e00000, 0x00000000c0e00000, 0x00000000c0f00000|  0%| F|  |TAMS 0x00000000c0e00000| PB 0x00000000c0e00000| Untracked 
|  15|0x00000000c0f00000, 0x00000000c0f00000, 0x00000000c1000000|  0%| F|  |TAMS 0x00000000c0f00000| PB 0x00000000c0f00000| Untracked 
|  16|0x00000000c1000000, 0x00000000c1000000, 0x00000000c1100000|  0%| F|  |TAMS 0x00000000c1000000| PB 0x00000000c1000000| Untracked 
|  17|0x00000000c1100000, 0x00000000c1100000, 0x00000000c1200000|  0%| F|  |TAMS 0x00000000c1100000| PB 0x00000000c1100000| Untracked 
|  18|0x00000000c1200000, 0x00000000c1200000, 0x00000000c1300000|  0%| F|  |TAMS 0x00000000c1200000| PB 0x00000000c1200000| Untracked 
|  19|0x00000000c1300000, 0x00000000c1300000, 0x00000000c1400000|  0%| F|  |TAMS 0x00000000c1300000| PB 0x00000000c1300000| Untracked 
|  20|0x00000000c1400000, 0x00000000c1400000, 0x00000000c1500000|  0%| F|  |TAMS 0x00000000c1400000| PB 0x00000000c1400000| Untracked 
|  21|0x00000000c1500000, 0x00000000c1500000, 0x00000000c1600000|  0%| F|  |TAMS 0x00000000c1500000| PB 0x00000000c1500000| Untracked 
|  22|0x00000000c1600000, 0x00000000c1600000, 0x00000000c1700000|  0%| F|  |TAMS 0x00000000c1600000| PB 0x00000000c1600000| Untracked 
|  23|0x00000000c1700000, 0x00000000c1700000, 0x00000000c1800000|  0%| F|  |TAMS 0x00000000c1700000| PB 0x00000000c1700000| Untracked 
|  24|0x00000000c1800000, 0x00000000c1800000, 0x00000000c1900000|  0%| F|  |TAMS 0x00000000c1800000| PB 0x00000000c1800000| Untracked 
|  25|0x00000000c1900000, 0x00000000c1900000, 0x00000000c1a00000|  0%| F|  |TAMS 0x00000000c1900000| PB 0x00000000c1900000| Untracked 
|  26|0x00000000c1a00000, 0x00000000c1a00000, 0x00000000c1b00000|  0%| F|  |TAMS 0x00000000c1a00000| PB 0x00000000c1a00000| Untracked 
|  27|0x00000000c1b00000, 0x00000000c1b00000, 0x00000000c1c00000|  0%| F|  |TAMS 0x00000000c1b00000| PB 0x00000000c1b00000| Untracked 
|  28|0x00000000c1c00000, 0x00000000c1c00000, 0x00000000c1d00000|  0%| F|  |TAMS 0x00000000c1c00000| PB 0x00000000c1c00000| Untracked 
|  29|0x00000000c1d00000, 0x00000000c1d00000, 0x00000000c1e00000|  0%| F|  |TAMS 0x00000000c1d00000| PB 0x00000000c1d00000| Untracked 
|  30|0x00000000c1e00000, 0x00000000c1e00000, 0x00000000c1f00000|  0%| F|  |TAMS 0x00000000c1e00000| PB 0x00000000c1e00000| Untracked 
|  31|0x00000000c1f00000, 0x00000000c1f00000, 0x00000000c2000000|  0%| F|  |TAMS 0x00000000c1f00000| PB 0x00000000c1f00000| Untracked 
|  32|0x00000000c2000000, 0x00000000c2000000, 0x00000000c2100000|  0%| F|  |TAMS 0x00000000c2000000| PB 0x00000000c2000000| Untracked 
|  33|0x00000000c2100000, 0x00000000c2100000, 0x00000000c2200000|  0%| F|  |TAMS 0x00000000c2100000| PB 0x00000000c2100000| Untracked 
|  34|0x00000000c2200000, 0x00000000c2200000, 0x00000000c2300000|  0%| F|  |TAMS 0x00000000c2200000| PB 0x00000000c2200000| Untracked 
|  35|0x00000000c2300000, 0x00000000c2300000, 0x00000000c2400000|  0%| F|  |TAMS 0x00000000c2300000| PB 0x00000000c2300000| Untracked 
|  36|0x00000000c2400000, 0x00000000c2400000, 0x00000000c2500000|  0%| F|  |TAMS 0x00000000c2400000| PB 0x00000000c2400000| Untracked 
|  37|0x00000000c2500000, 0x00000000c2500000, 0x00000000c2600000|  0%| F|  |TAMS 0x00000000c2500000| PB 0x00000000c2500000| Untracked 
|  38|0x00000000c2600000, 0x00000000c2600000, 0x00000000c2700000|  0%| F|  |TAMS 0x00000000c2600000| PB 0x00000000c2600000| Untracked 
|  39|0x00000000c2700000, 0x00000000c2700000, 0x00000000c2800000|  0%| F|  |TAMS 0x00000000c2700000| PB 0x00000000c2700000| Untracked 
|  40|0x00000000c2800000, 0x00000000c2800000, 0x00000000c2900000|  0%| F|  |TAMS 0x00000000c2800000| PB 0x00000000c2800000| Untracked 
|  41|0x00000000c2900000, 0x00000000c2900000, 0x00000000c2a00000|  0%| F|  |TAMS 0x00000000c2900000| PB 0x00000000c2900000| Untracked 
|  42|0x00000000c2a00000, 0x00000000c2a00000, 0x00000000c2b00000|  0%| F|  |TAMS 0x00000000c2a00000| PB 0x00000000c2a00000| Untracked 
|  43|0x00000000c2b00000, 0x00000000c2b00000, 0x00000000c2c00000|  0%| F|  |TAMS 0x00000000c2b00000| PB 0x00000000c2b00000| Untracked 
|  44|0x00000000c2c00000, 0x00000000c2c00000, 0x00000000c2d00000|  0%| F|  |TAMS 0x00000000c2c00000| PB 0x00000000c2c00000| Untracked 
|  45|0x00000000c2d00000, 0x00000000c2d00000, 0x00000000c2e00000|  0%| F|  |TAMS 0x00000000c2d00000| PB 0x00000000c2d00000| Untracked 
|  46|0x00000000c2e00000, 0x00000000c2e00000, 0x00000000c2f00000|  0%| F|  |TAMS 0x00000000c2e00000| PB 0x00000000c2e00000| Untracked 
|  47|0x00000000c2f00000, 0x00000000c2f00000, 0x00000000c3000000|  0%| F|  |TAMS 0x00000000c2f00000| PB 0x00000000c2f00000| Untracked 
|  48|0x00000000c3000000, 0x00000000c3000000, 0x00000000c3100000|  0%| F|  |TAMS 0x00000000c3000000| PB 0x00000000c3000000| Untracked 
|  49|0x00000000c3100000, 0x00000000c3100000, 0x00000000c3200000|  0%| F|  |TAMS 0x00000000c3100000| PB 0x00000000c3100000| Untracked 
|  50|0x00000000c3200000, 0x00000000c3200000, 0x00000000c3300000|  0%| F|  |TAMS 0x00000000c3200000| PB 0x00000000c3200000| Untracked 
|  51|0x00000000c3300000, 0x00000000c3300000, 0x00000000c3400000|  0%| F|  |TAMS 0x00000000c3300000| PB 0x00000000c3300000| Untracked 
|  52|0x00000000c3400000, 0x00000000c3400000, 0x00000000c3500000|  0%| F|  |TAMS 0x00000000c3400000| PB 0x00000000c3400000| Untracked 
|  53|0x00000000c3500000, 0x00000000c3500000, 0x00000000c3600000|  0%| F|  |TAMS 0x00000000c3500000| PB 0x00000000c3500000| Untracked 
|  54|0x00000000c3600000, 0x00000000c3600000, 0x00000000c3700000|  0%| F|  |TAMS 0x00000000c3600000| PB 0x00000000c3600000| Untracked 
|  55|0x00000000c3700000, 0x00000000c3700000, 0x00000000c3800000|  0%| F|  |TAMS 0x00000000c3700000| PB 0x00000000c3700000| Untracked 
|  56|0x00000000c3800000, 0x00000000c3800000, 0x00000000c3900000|  0%| F|  |TAMS 0x00000000c3800000| PB 0x00000000c3800000| Untracked 
|  57|0x00000000c3900000, 0x00000000c3900000, 0x00000000c3a00000|  0%| F|  |TAMS 0x00000000c3900000| PB 0x00000000c3900000| Untracked 
|  58|0x00000000c3a00000, 0x00000000c3a00000, 0x00000000c3b00000|  0%| F|  |TAMS 0x00000000c3a00000| PB 0x00000000c3a00000| Untracked 
|  59|0x00000000c3b00000, 0x00000000c3b00000, 0x00000000c3c00000|  0%| F|  |TAMS 0x00000000c3b00000| PB 0x00000000c3b00000| Untracked 
|  60|0x00000000c3c00000, 0x00000000c3c00000, 0x00000000c3d00000|  0%| F|  |TAMS 0x00000000c3c00000| PB 0x00000000c3c00000| Untracked 
|  61|0x00000000c3d00000, 0x00000000c3d00000, 0x00000000c3e00000|  0%| F|  |TAMS 0x00000000c3d00000| PB 0x00000000c3d00000| Untracked 
|  62|0x00000000c3e00000, 0x00000000c3e00000, 0x00000000c3f00000|  0%| F|  |TAMS 0x00000000c3e00000| PB 0x00000000c3e00000| Untracked 
|  63|0x00000000c3f00000, 0x00000000c3f00000, 0x00000000c4000000|  0%| F|  |TAMS 0x00000000c3f00000| PB 0x00000000c3f00000| Untracked 
|  64|0x00000000c4000000, 0x00000000c4000000, 0x00000000c4100000|  0%| F|  |TAMS 0x00000000c4000000| PB 0x00000000c4000000| Untracked 
|  65|0x00000000c4100000, 0x00000000c4100000, 0x00000000c4200000|  0%| F|  |TAMS 0x00000000c4100000| PB 0x00000000c4100000| Untracked 
|  66|0x00000000c4200000, 0x00000000c4200000, 0x00000000c4300000|  0%| F|  |TAMS 0x00000000c4200000| PB 0x00000000c4200000| Untracked 
|  67|0x00000000c4300000, 0x00000000c4300000, 0x00000000c4400000|  0%| F|  |TAMS 0x00000000c4300000| PB 0x00000000c4300000| Untracked 
|  68|0x00000000c4400000, 0x00000000c4400000, 0x00000000c4500000|  0%| F|  |TAMS 0x00000000c4400000| PB 0x00000000c4400000| Untracked 
|  69|0x00000000c4500000, 0x00000000c4500000, 0x00000000c4600000|  0%| F|  |TAMS 0x00000000c4500000| PB 0x00000000c4500000| Untracked 
|  70|0x00000000c4600000, 0x00000000c4600000, 0x00000000c4700000|  0%| F|  |TAMS 0x00000000c4600000| PB 0x00000000c4600000| Untracked 
|  71|0x00000000c4700000, 0x00000000c4700000, 0x00000000c4800000|  0%| F|  |TAMS 0x00000000c4700000| PB 0x00000000c4700000| Untracked 
|  72|0x00000000c4800000, 0x00000000c4800000, 0x00000000c4900000|  0%| F|  |TAMS 0x00000000c4800000| PB 0x00000000c4800000| Untracked 
|  73|0x00000000c4900000, 0x00000000c4900000, 0x00000000c4a00000|  0%| F|  |TAMS 0x00000000c4900000| PB 0x00000000c4900000| Untracked 
|  74|0x00000000c4a00000, 0x00000000c4a00000, 0x00000000c4b00000|  0%| F|  |TAMS 0x00000000c4a00000| PB 0x00000000c4a00000| Untracked 
|  75|0x00000000c4b00000, 0x00000000c4b00000, 0x00000000c4c00000|  0%| F|  |TAMS 0x00000000c4b00000| PB 0x00000000c4b00000| Untracked 
|  76|0x00000000c4c00000, 0x00000000c4c00000, 0x00000000c4d00000|  0%| F|  |TAMS 0x00000000c4c00000| PB 0x00000000c4c00000| Untracked 
|  77|0x00000000c4d00000, 0x00000000c4d00000, 0x00000000c4e00000|  0%| F|  |TAMS 0x00000000c4d00000| PB 0x00000000c4d00000| Untracked 
|  78|0x00000000c4e00000, 0x00000000c4e00000, 0x00000000c4f00000|  0%| F|  |TAMS 0x00000000c4e00000| PB 0x00000000c4e00000| Untracked 
|  79|0x00000000c4f00000, 0x00000000c4f00000, 0x00000000c5000000|  0%| F|  |TAMS 0x00000000c4f00000| PB 0x00000000c4f00000| Untracked 
|  80|0x00000000c5000000, 0x00000000c5000000, 0x00000000c5100000|  0%| F|  |TAMS 0x00000000c5000000| PB 0x00000000c5000000| Untracked 
|  81|0x00000000c5100000, 0x00000000c5100000, 0x00000000c5200000|  0%| F|  |TAMS 0x00000000c5100000| PB 0x00000000c5100000| Untracked 
|  82|0x00000000c5200000, 0x00000000c5200000, 0x00000000c5300000|  0%| F|  |TAMS 0x00000000c5200000| PB 0x00000000c5200000| Untracked 
|  83|0x00000000c5300000, 0x00000000c5300000, 0x00000000c5400000|  0%| F|  |TAMS 0x00000000c5300000| PB 0x00000000c5300000| Untracked 
|  84|0x00000000c5400000, 0x00000000c5400000, 0x00000000c5500000|  0%| F|  |TAMS 0x00000000c5400000| PB 0x00000000c5400000| Untracked 
|  85|0x00000000c5500000, 0x00000000c5500000, 0x00000000c5600000|  0%| F|  |TAMS 0x00000000c5500000| PB 0x00000000c5500000| Untracked 
|  86|0x00000000c5600000, 0x00000000c5600000, 0x00000000c5700000|  0%| F|  |TAMS 0x00000000c5600000| PB 0x00000000c5600000| Untracked 
|  87|0x00000000c5700000, 0x00000000c5700000, 0x00000000c5800000|  0%| F|  |TAMS 0x00000000c5700000| PB 0x00000000c5700000| Untracked 
|  88|0x00000000c5800000, 0x00000000c5800000, 0x00000000c5900000|  0%| F|  |TAMS 0x00000000c5800000| PB 0x00000000c5800000| Untracked 
|  89|0x00000000c5900000, 0x00000000c5900000, 0x00000000c5a00000|  0%| F|  |TAMS 0x00000000c5900000| PB 0x00000000c5900000| Untracked 
|  90|0x00000000c5a00000, 0x00000000c5a00000, 0x00000000c5b00000|  0%| F|  |TAMS 0x00000000c5a00000| PB 0x00000000c5a00000| Untracked 
|  91|0x00000000c5b00000, 0x00000000c5b00000, 0x00000000c5c00000|  0%| F|  |TAMS 0x00000000c5b00000| PB 0x00000000c5b00000| Untracked 
|  92|0x00000000c5c00000, 0x00000000c5c00000, 0x00000000c5d00000|  0%| F|  |TAMS 0x00000000c5c00000| PB 0x00000000c5c00000| Untracked 
|  93|0x00000000c5d00000, 0x00000000c5d00000, 0x00000000c5e00000|  0%| F|  |TAMS 0x00000000c5d00000| PB 0x00000000c5d00000| Untracked 
|  94|0x00000000c5e00000, 0x00000000c5e00000, 0x00000000c5f00000|  0%| F|  |TAMS 0x00000000c5e00000| PB 0x00000000c5e00000| Untracked 
|  95|0x00000000c5f00000, 0x00000000c5f00000, 0x00000000c6000000|  0%| F|  |TAMS 0x00000000c5f00000| PB 0x00000000c5f00000| Untracked 
|  96|0x00000000c6000000, 0x00000000c6000000, 0x00000000c6100000|  0%| F|  |TAMS 0x00000000c6000000| PB 0x00000000c6000000| Untracked 
|  97|0x00000000c6100000, 0x00000000c6100000, 0x00000000c6200000|  0%| F|  |TAMS 0x00000000c6100000| PB 0x00000000c6100000| Untracked 
|  98|0x00000000c6200000, 0x00000000c6200000, 0x00000000c6300000|  0%| F|  |TAMS 0x00000000c6200000| PB 0x00000000c6200000| Untracked 
|  99|0x00000000c6300000, 0x00000000c6300000, 0x00000000c6400000|  0%| F|  |TAMS 0x00000000c6300000| PB 0x00000000c6300000| Untracked 
| 100|0x00000000c6400000, 0x00000000c6400000, 0x00000000c6500000|  0%| F|  |TAMS 0x00000000c6400000| PB 0x00000000c6400000| Untracked 
| 101|0x00000000c6500000, 0x00000000c6500000, 0x00000000c6600000|  0%| F|  |TAMS 0x00000000c6500000| PB 0x00000000c6500000| Untracked 
| 102|0x00000000c6600000, 0x00000000c6600000, 0x00000000c6700000|  0%| F|  |TAMS 0x00000000c6600000| PB 0x00000000c6600000| Untracked 
| 103|0x00000000c6700000, 0x00000000c6700000, 0x00000000c6800000|  0%| F|  |TAMS 0x00000000c6700000| PB 0x00000000c6700000| Untracked 
| 104|0x00000000c6800000, 0x00000000c6800000, 0x00000000c6900000|  0%| F|  |TAMS 0x00000000c6800000| PB 0x00000000c6800000| Untracked 
| 105|0x00000000c6900000, 0x00000000c6900000, 0x00000000c6a00000|  0%| F|  |TAMS 0x00000000c6900000| PB 0x00000000c6900000| Untracked 
| 106|0x00000000c6a00000, 0x00000000c6a00000, 0x00000000c6b00000|  0%| F|  |TAMS 0x00000000c6a00000| PB 0x00000000c6a00000| Untracked 
| 107|0x00000000c6b00000, 0x00000000c6b00000, 0x00000000c6c00000|  0%| F|  |TAMS 0x00000000c6b00000| PB 0x00000000c6b00000| Untracked 
| 108|0x00000000c6c00000, 0x00000000c6c00000, 0x00000000c6d00000|  0%| F|  |TAMS 0x00000000c6c00000| PB 0x00000000c6c00000| Untracked 
| 109|0x00000000c6d00000, 0x00000000c6d00000, 0x00000000c6e00000|  0%| F|  |TAMS 0x00000000c6d00000| PB 0x00000000c6d00000| Untracked 
| 110|0x00000000c6e00000, 0x00000000c6e00000, 0x00000000c6f00000|  0%| F|  |TAMS 0x00000000c6e00000| PB 0x00000000c6e00000| Untracked 
| 111|0x00000000c6f00000, 0x00000000c6f00000, 0x00000000c7000000|  0%| F|  |TAMS 0x00000000c6f00000| PB 0x00000000c6f00000| Untracked 
| 112|0x00000000c7000000, 0x00000000c7000000, 0x00000000c7100000|  0%| F|  |TAMS 0x00000000c7000000| PB 0x00000000c7000000| Untracked 
| 113|0x00000000c7100000, 0x00000000c7100000, 0x00000000c7200000|  0%| F|  |TAMS 0x00000000c7100000| PB 0x00000000c7100000| Untracked 
| 114|0x00000000c7200000, 0x00000000c7200000, 0x00000000c7300000|  0%| F|  |TAMS 0x00000000c7200000| PB 0x00000000c7200000| Untracked 
| 115|0x00000000c7300000, 0x00000000c7300000, 0x00000000c7400000|  0%| F|  |TAMS 0x00000000c7300000| PB 0x00000000c7300000| Untracked 
| 116|0x00000000c7400000, 0x00000000c7400000, 0x00000000c7500000|  0%| F|  |TAMS 0x00000000c7400000| PB 0x00000000c7400000| Untracked 
| 117|0x00000000c7500000, 0x00000000c7500000, 0x00000000c7600000|  0%| F|  |TAMS 0x00000000c7500000| PB 0x00000000c7500000| Untracked 
| 118|0x00000000c7600000, 0x00000000c7600000, 0x00000000c7700000|  0%| F|  |TAMS 0x00000000c7600000| PB 0x00000000c7600000| Untracked 
| 119|0x00000000c7700000, 0x00000000c7700000, 0x00000000c7800000|  0%| F|  |TAMS 0x00000000c7700000| PB 0x00000000c7700000| Untracked 
| 120|0x00000000c7800000, 0x00000000c7800000, 0x00000000c7900000|  0%| F|  |TAMS 0x00000000c7800000| PB 0x00000000c7800000| Untracked 
| 121|0x00000000c7900000, 0x00000000c7900000, 0x00000000c7a00000|  0%| F|  |TAMS 0x00000000c7900000| PB 0x00000000c7900000| Untracked 
| 122|0x00000000c7a00000, 0x00000000c7a00000, 0x00000000c7b00000|  0%| F|  |TAMS 0x00000000c7a00000| PB 0x00000000c7a00000| Untracked 
| 123|0x00000000c7b00000, 0x00000000c7b00000, 0x00000000c7c00000|  0%| F|  |TAMS 0x00000000c7b00000| PB 0x00000000c7b00000| Untracked 
| 124|0x00000000c7c00000, 0x00000000c7c00000, 0x00000000c7d00000|  0%| F|  |TAMS 0x00000000c7c00000| PB 0x00000000c7c00000| Untracked 
| 125|0x00000000c7d00000, 0x00000000c7d00000, 0x00000000c7e00000|  0%| F|  |TAMS 0x00000000c7d00000| PB 0x00000000c7d00000| Untracked 
| 126|0x00000000c7e00000, 0x00000000c7e00000, 0x00000000c7f00000|  0%| F|  |TAMS 0x00000000c7e00000| PB 0x00000000c7e00000| Untracked 
| 127|0x00000000c7f00000, 0x00000000c7f00000, 0x00000000c8000000|  0%| F|  |TAMS 0x00000000c7f00000| PB 0x00000000c7f00000| Untracked 
| 128|0x00000000c8000000, 0x00000000c8000000, 0x00000000c8100000|  0%| F|  |TAMS 0x00000000c8000000| PB 0x00000000c8000000| Untracked 
| 129|0x00000000c8100000, 0x00000000c8100000, 0x00000000c8200000|  0%| F|  |TAMS 0x00000000c8100000| PB 0x00000000c8100000| Untracked 
| 130|0x00000000c8200000, 0x00000000c8200000, 0x00000000c8300000|  0%| F|  |TAMS 0x00000000c8200000| PB 0x00000000c8200000| Untracked 
| 131|0x00000000c8300000, 0x00000000c8300000, 0x00000000c8400000|  0%| F|  |TAMS 0x00000000c8300000| PB 0x00000000c8300000| Untracked 
| 132|0x00000000c8400000, 0x00000000c8400000, 0x00000000c8500000|  0%| F|  |TAMS 0x00000000c8400000| PB 0x00000000c8400000| Untracked 
| 133|0x00000000c8500000, 0x00000000c8500000, 0x00000000c8600000|  0%| F|  |TAMS 0x00000000c8500000| PB 0x00000000c8500000| Untracked 
| 134|0x00000000c8600000, 0x00000000c8600000, 0x00000000c8700000|  0%| F|  |TAMS 0x00000000c8600000| PB 0x00000000c8600000| Untracked 
| 135|0x00000000c8700000, 0x00000000c8700000, 0x00000000c8800000|  0%| F|  |TAMS 0x00000000c8700000| PB 0x00000000c8700000| Untracked 
| 136|0x00000000c8800000, 0x00000000c8800000, 0x00000000c8900000|  0%| F|  |TAMS 0x00000000c8800000| PB 0x00000000c8800000| Untracked 
| 137|0x00000000c8900000, 0x00000000c8900000, 0x00000000c8a00000|  0%| F|  |TAMS 0x00000000c8900000| PB 0x00000000c8900000| Untracked 
| 138|0x00000000c8a00000, 0x00000000c8a00000, 0x00000000c8b00000|  0%| F|  |TAMS 0x00000000c8a00000| PB 0x00000000c8a00000| Untracked 
| 139|0x00000000c8b00000, 0x00000000c8b00000, 0x00000000c8c00000|  0%| F|  |TAMS 0x00000000c8b00000| PB 0x00000000c8b00000| Untracked 
| 140|0x00000000c8c00000, 0x00000000c8c00000, 0x00000000c8d00000|  0%| F|  |TAMS 0x00000000c8c00000| PB 0x00000000c8c00000| Untracked 
| 141|0x00000000c8d00000, 0x00000000c8d00000, 0x00000000c8e00000|  0%| F|  |TAMS 0x00000000c8d00000| PB 0x00000000c8d00000| Untracked 
| 142|0x00000000c8e00000, 0x00000000c8e00000, 0x00000000c8f00000|  0%| F|  |TAMS 0x00000000c8e00000| PB 0x00000000c8e00000| Untracked 
| 143|0x00000000c8f00000, 0x00000000c8f00000, 0x00000000c9000000|  0%| F|  |TAMS 0x00000000c8f00000| PB 0x00000000c8f00000| Untracked 
| 144|0x00000000c9000000, 0x00000000c9000000, 0x00000000c9100000|  0%| F|  |TAMS 0x00000000c9000000| PB 0x00000000c9000000| Untracked 
| 145|0x00000000c9100000, 0x00000000c9100000, 0x00000000c9200000|  0%| F|  |TAMS 0x00000000c9100000| PB 0x00000000c9100000| Untracked 
| 146|0x00000000c9200000, 0x00000000c9200000, 0x00000000c9300000|  0%| F|  |TAMS 0x00000000c9200000| PB 0x00000000c9200000| Untracked 
| 147|0x00000000c9300000, 0x00000000c9300000, 0x00000000c9400000|  0%| F|  |TAMS 0x00000000c9300000| PB 0x00000000c9300000| Untracked 
| 148|0x00000000c9400000, 0x00000000c9400000, 0x00000000c9500000|  0%| F|  |TAMS 0x00000000c9400000| PB 0x00000000c9400000| Untracked 
| 149|0x00000000c9500000, 0x00000000c9500000, 0x00000000c9600000|  0%| F|  |TAMS 0x00000000c9500000| PB 0x00000000c9500000| Untracked 
| 150|0x00000000c9600000, 0x00000000c9600000, 0x00000000c9700000|  0%| F|  |TAMS 0x00000000c9600000| PB 0x00000000c9600000| Untracked 
| 151|0x00000000c9700000, 0x00000000c9700000, 0x00000000c9800000|  0%| F|  |TAMS 0x00000000c9700000| PB 0x00000000c9700000| Untracked 
| 152|0x00000000c9800000, 0x00000000c9800000, 0x00000000c9900000|  0%| F|  |TAMS 0x00000000c9800000| PB 0x00000000c9800000| Untracked 
| 153|0x00000000c9900000, 0x00000000c9900000, 0x00000000c9a00000|  0%| F|  |TAMS 0x00000000c9900000| PB 0x00000000c9900000| Untracked 
| 154|0x00000000c9a00000, 0x00000000c9a00000, 0x00000000c9b00000|  0%| F|  |TAMS 0x00000000c9a00000| PB 0x00000000c9a00000| Untracked 
| 155|0x00000000c9b00000, 0x00000000c9b00000, 0x00000000c9c00000|  0%| F|  |TAMS 0x00000000c9b00000| PB 0x00000000c9b00000| Untracked 
| 156|0x00000000c9c00000, 0x00000000c9c00000, 0x00000000c9d00000|  0%| F|  |TAMS 0x00000000c9c00000| PB 0x00000000c9c00000| Untracked 
| 157|0x00000000c9d00000, 0x00000000c9d00000, 0x00000000c9e00000|  0%| F|  |TAMS 0x00000000c9d00000| PB 0x00000000c9d00000| Untracked 
| 158|0x00000000c9e00000, 0x00000000c9e00000, 0x00000000c9f00000|  0%| F|  |TAMS 0x00000000c9e00000| PB 0x00000000c9e00000| Untracked 
| 159|0x00000000c9f00000, 0x00000000c9f00000, 0x00000000ca000000|  0%| F|  |TAMS 0x00000000c9f00000| PB 0x00000000c9f00000| Untracked 
| 160|0x00000000ca000000, 0x00000000ca000000, 0x00000000ca100000|  0%| F|  |TAMS 0x00000000ca000000| PB 0x00000000ca000000| Untracked 
| 161|0x00000000ca100000, 0x00000000ca100000, 0x00000000ca200000|  0%| F|  |TAMS 0x00000000ca100000| PB 0x00000000ca100000| Untracked 
| 162|0x00000000ca200000, 0x00000000ca200000, 0x00000000ca300000|  0%| F|  |TAMS 0x00000000ca200000| PB 0x00000000ca200000| Untracked 
| 163|0x00000000ca300000, 0x00000000ca300000, 0x00000000ca400000|  0%| F|  |TAMS 0x00000000ca300000| PB 0x00000000ca300000| Untracked 
| 164|0x00000000ca400000, 0x00000000ca400000, 0x00000000ca500000|  0%| F|  |TAMS 0x00000000ca400000| PB 0x00000000ca400000| Untracked 
| 165|0x00000000ca500000, 0x00000000ca500000, 0x00000000ca600000|  0%| F|  |TAMS 0x00000000ca500000| PB 0x00000000ca500000| Untracked 
| 166|0x00000000ca600000, 0x00000000ca600000, 0x00000000ca700000|  0%| F|  |TAMS 0x00000000ca600000| PB 0x00000000ca600000| Untracked 
| 167|0x00000000ca700000, 0x00000000ca700000, 0x00000000ca800000|  0%| F|  |TAMS 0x00000000ca700000| PB 0x00000000ca700000| Untracked 
| 168|0x00000000ca800000, 0x00000000ca800000, 0x00000000ca900000|  0%| F|  |TAMS 0x00000000ca800000| PB 0x00000000ca800000| Untracked 
| 169|0x00000000ca900000, 0x00000000ca900000, 0x00000000caa00000|  0%| F|  |TAMS 0x00000000ca900000| PB 0x00000000ca900000| Untracked 
| 170|0x00000000caa00000, 0x00000000caa00000, 0x00000000cab00000|  0%| F|  |TAMS 0x00000000caa00000| PB 0x00000000caa00000| Untracked 
| 171|0x00000000cab00000, 0x00000000cab00000, 0x00000000cac00000|  0%| F|  |TAMS 0x00000000cab00000| PB 0x00000000cab00000| Untracked 
| 172|0x00000000cac00000, 0x00000000cac00000, 0x00000000cad00000|  0%| F|  |TAMS 0x00000000cac00000| PB 0x00000000cac00000| Untracked 
| 173|0x00000000cad00000, 0x00000000cad00000, 0x00000000cae00000|  0%| F|  |TAMS 0x00000000cad00000| PB 0x00000000cad00000| Untracked 
| 174|0x00000000cae00000, 0x00000000cae00000, 0x00000000caf00000|  0%| F|  |TAMS 0x00000000cae00000| PB 0x00000000cae00000| Untracked 
| 175|0x00000000caf00000, 0x00000000caf00000, 0x00000000cb000000|  0%| F|  |TAMS 0x00000000caf00000| PB 0x00000000caf00000| Untracked 
| 176|0x00000000cb000000, 0x00000000cb000000, 0x00000000cb100000|  0%| F|  |TAMS 0x00000000cb000000| PB 0x00000000cb000000| Untracked 
| 177|0x00000000cb100000, 0x00000000cb100000, 0x00000000cb200000|  0%| F|  |TAMS 0x00000000cb100000| PB 0x00000000cb100000| Untracked 
| 178|0x00000000cb200000, 0x00000000cb200000, 0x00000000cb300000|  0%| F|  |TAMS 0x00000000cb200000| PB 0x00000000cb200000| Untracked 
| 179|0x00000000cb300000, 0x00000000cb300000, 0x00000000cb400000|  0%| F|  |TAMS 0x00000000cb300000| PB 0x00000000cb300000| Untracked 
| 180|0x00000000cb400000, 0x00000000cb400000, 0x00000000cb500000|  0%| F|  |TAMS 0x00000000cb400000| PB 0x00000000cb400000| Untracked 
| 181|0x00000000cb500000, 0x00000000cb500000, 0x00000000cb600000|  0%| F|  |TAMS 0x00000000cb500000| PB 0x00000000cb500000| Untracked 
| 182|0x00000000cb600000, 0x00000000cb600000, 0x00000000cb700000|  0%| F|  |TAMS 0x00000000cb600000| PB 0x00000000cb600000| Untracked 
| 183|0x00000000cb700000, 0x00000000cb700000, 0x00000000cb800000|  0%| F|  |TAMS 0x00000000cb700000| PB 0x00000000cb700000| Untracked 
| 184|0x00000000cb800000, 0x00000000cb800000, 0x00000000cb900000|  0%| F|  |TAMS 0x00000000cb800000| PB 0x00000000cb800000| Untracked 
| 185|0x00000000cb900000, 0x00000000cb900000, 0x00000000cba00000|  0%| F|  |TAMS 0x00000000cb900000| PB 0x00000000cb900000| Untracked 
| 186|0x00000000cba00000, 0x00000000cba00000, 0x00000000cbb00000|  0%| F|  |TAMS 0x00000000cba00000| PB 0x00000000cba00000| Untracked 
| 187|0x00000000cbb00000, 0x00000000cbb00000, 0x00000000cbc00000|  0%| F|  |TAMS 0x00000000cbb00000| PB 0x00000000cbb00000| Untracked 
| 188|0x00000000cbc00000, 0x00000000cbc00000, 0x00000000cbd00000|  0%| F|  |TAMS 0x00000000cbc00000| PB 0x00000000cbc00000| Untracked 
| 189|0x00000000cbd00000, 0x00000000cbd00000, 0x00000000cbe00000|  0%| F|  |TAMS 0x00000000cbd00000| PB 0x00000000cbd00000| Untracked 
| 190|0x00000000cbe00000, 0x00000000cbe00000, 0x00000000cbf00000|  0%| F|  |TAMS 0x00000000cbe00000| PB 0x00000000cbe00000| Untracked 
| 191|0x00000000cbf00000, 0x00000000cbf00000, 0x00000000cc000000|  0%| F|  |TAMS 0x00000000cbf00000| PB 0x00000000cbf00000| Untracked 
| 192|0x00000000cc000000, 0x00000000cc000000, 0x00000000cc100000|  0%| F|  |TAMS 0x00000000cc000000| PB 0x00000000cc000000| Untracked 
| 193|0x00000000cc100000, 0x00000000cc100000, 0x00000000cc200000|  0%| F|  |TAMS 0x00000000cc100000| PB 0x00000000cc100000| Untracked 
| 194|0x00000000cc200000, 0x00000000cc200000, 0x00000000cc300000|  0%| F|  |TAMS 0x00000000cc200000| PB 0x00000000cc200000| Untracked 
| 195|0x00000000cc300000, 0x00000000cc300000, 0x00000000cc400000|  0%| F|  |TAMS 0x00000000cc300000| PB 0x00000000cc300000| Untracked 
| 196|0x00000000cc400000, 0x00000000cc400000, 0x00000000cc500000|  0%| F|  |TAMS 0x00000000cc400000| PB 0x00000000cc400000| Untracked 
| 197|0x00000000cc500000, 0x00000000cc500000, 0x00000000cc600000|  0%| F|  |TAMS 0x00000000cc500000| PB 0x00000000cc500000| Untracked 
| 198|0x00000000cc600000, 0x00000000cc600000, 0x00000000cc700000|  0%| F|  |TAMS 0x00000000cc600000| PB 0x00000000cc600000| Untracked 
| 199|0x00000000cc700000, 0x00000000cc700000, 0x00000000cc800000|  0%| F|  |TAMS 0x00000000cc700000| PB 0x00000000cc700000| Untracked 
| 200|0x00000000cc800000, 0x00000000cc800000, 0x00000000cc900000|  0%| F|  |TAMS 0x00000000cc800000| PB 0x00000000cc800000| Untracked 
| 201|0x00000000cc900000, 0x00000000cc900000, 0x00000000cca00000|  0%| F|  |TAMS 0x00000000cc900000| PB 0x00000000cc900000| Untracked 
| 202|0x00000000cca00000, 0x00000000cca00000, 0x00000000ccb00000|  0%| F|  |TAMS 0x00000000cca00000| PB 0x00000000cca00000| Untracked 
| 203|0x00000000ccb00000, 0x00000000ccb00000, 0x00000000ccc00000|  0%| F|  |TAMS 0x00000000ccb00000| PB 0x00000000ccb00000| Untracked 
| 204|0x00000000ccc00000, 0x00000000ccc00000, 0x00000000ccd00000|  0%| F|  |TAMS 0x00000000ccc00000| PB 0x00000000ccc00000| Untracked 
| 205|0x00000000ccd00000, 0x00000000ccd00000, 0x00000000cce00000|  0%| F|  |TAMS 0x00000000ccd00000| PB 0x00000000ccd00000| Untracked 
| 206|0x00000000cce00000, 0x00000000cce00000, 0x00000000ccf00000|  0%| F|  |TAMS 0x00000000cce00000| PB 0x00000000cce00000| Untracked 
| 207|0x00000000ccf00000, 0x00000000ccf00000, 0x00000000cd000000|  0%| F|  |TAMS 0x00000000ccf00000| PB 0x00000000ccf00000| Untracked 
| 208|0x00000000cd000000, 0x00000000cd000000, 0x00000000cd100000|  0%| F|  |TAMS 0x00000000cd000000| PB 0x00000000cd000000| Untracked 
| 209|0x00000000cd100000, 0x00000000cd100000, 0x00000000cd200000|  0%| F|  |TAMS 0x00000000cd100000| PB 0x00000000cd100000| Untracked 
| 210|0x00000000cd200000, 0x00000000cd269b20, 0x00000000cd300000| 41%| E|  |TAMS 0x00000000cd200000| PB 0x00000000cd200000| Complete 
| 211|0x00000000cd300000, 0x00000000cd400000, 0x00000000cd400000|100%| E|CS|TAMS 0x00000000cd300000| PB 0x00000000cd300000| Complete 
| 212|0x00000000cd400000, 0x00000000cd500000, 0x00000000cd500000|100%| E|CS|TAMS 0x00000000cd400000| PB 0x00000000cd400000| Complete 
| 213|0x00000000cd500000, 0x00000000cd600000, 0x00000000cd600000|100%| E|CS|TAMS 0x00000000cd500000| PB 0x00000000cd500000| Complete 
| 214|0x00000000cd600000, 0x00000000cd700000, 0x00000000cd700000|100%| E|CS|TAMS 0x00000000cd600000| PB 0x00000000cd600000| Complete 
| 215|0x00000000cd700000, 0x00000000cd800000, 0x00000000cd800000|100%| E|CS|TAMS 0x00000000cd700000| PB 0x00000000cd700000| Complete 
| 216|0x00000000cd800000, 0x00000000cd900000, 0x00000000cd900000|100%| E|CS|TAMS 0x00000000cd800000| PB 0x00000000cd800000| Complete 
| 217|0x00000000cd900000, 0x00000000cda00000, 0x00000000cda00000|100%| E|CS|TAMS 0x00000000cd900000| PB 0x00000000cd900000| Complete 
| 218|0x00000000cda00000, 0x00000000cdb00000, 0x00000000cdb00000|100%| S|CS|TAMS 0x00000000cda00000| PB 0x00000000cda00000| Complete 
| 219|0x00000000cdb00000, 0x00000000cdc00000, 0x00000000cdc00000|100%| S|CS|TAMS 0x00000000cdb00000| PB 0x00000000cdb00000| Complete 
| 220|0x00000000cdc00000, 0x00000000cdd00000, 0x00000000cdd00000|100%| S|CS|TAMS 0x00000000cdc00000| PB 0x00000000cdc00000| Complete 
| 221|0x00000000cdd00000, 0x00000000cde00000, 0x00000000cde00000|100%| E|CS|TAMS 0x00000000cdd00000| PB 0x00000000cdd00000| Complete 
| 222|0x00000000cde00000, 0x00000000cdf00000, 0x00000000cdf00000|100%| E|CS|TAMS 0x00000000cde00000| PB 0x00000000cde00000| Complete 
| 223|0x00000000cdf00000, 0x00000000ce000000, 0x00000000ce000000|100%| E|CS|TAMS 0x00000000cdf00000| PB 0x00000000cdf00000| Complete 
| 224|0x00000000ce000000, 0x00000000ce100000, 0x00000000ce100000|100%| E|CS|TAMS 0x00000000ce000000| PB 0x00000000ce000000| Complete 
| 225|0x00000000ce100000, 0x00000000ce200000, 0x00000000ce200000|100%| E|CS|TAMS 0x00000000ce100000| PB 0x00000000ce100000| Complete 
| 226|0x00000000ce200000, 0x00000000ce300000, 0x00000000ce300000|100%| E|CS|TAMS 0x00000000ce200000| PB 0x00000000ce200000| Complete 
| 227|0x00000000ce300000, 0x00000000ce400000, 0x00000000ce400000|100%| E|CS|TAMS 0x00000000ce300000| PB 0x00000000ce300000| Complete 
| 228|0x00000000ce400000, 0x00000000ce500000, 0x00000000ce500000|100%| E|CS|TAMS 0x00000000ce400000| PB 0x00000000ce400000| Complete 
| 229|0x00000000ce500000, 0x00000000ce600000, 0x00000000ce600000|100%| E|CS|TAMS 0x00000000ce500000| PB 0x00000000ce500000| Complete 
| 230|0x00000000ce600000, 0x00000000ce700000, 0x00000000ce700000|100%| E|CS|TAMS 0x00000000ce600000| PB 0x00000000ce600000| Complete 
| 231|0x00000000ce700000, 0x00000000ce800000, 0x00000000ce800000|100%| E|CS|TAMS 0x00000000ce700000| PB 0x00000000ce700000| Complete 
| 232|0x00000000ce800000, 0x00000000ce900000, 0x00000000ce900000|100%| E|CS|TAMS 0x00000000ce800000| PB 0x00000000ce800000| Complete 
| 233|0x00000000ce900000, 0x00000000cea00000, 0x00000000cea00000|100%| E|CS|TAMS 0x00000000ce900000| PB 0x00000000ce900000| Complete 
| 234|0x00000000cea00000, 0x00000000ceb00000, 0x00000000ceb00000|100%| E|CS|TAMS 0x00000000cea00000| PB 0x00000000cea00000| Complete 
| 235|0x00000000ceb00000, 0x00000000cec00000, 0x00000000cec00000|100%| E|CS|TAMS 0x00000000ceb00000| PB 0x00000000ceb00000| Complete 
| 236|0x00000000cec00000, 0x00000000ced00000, 0x00000000ced00000|100%| E|CS|TAMS 0x00000000cec00000| PB 0x00000000cec00000| Complete 
| 237|0x00000000ced00000, 0x00000000cee00000, 0x00000000cee00000|100%| E|CS|TAMS 0x00000000ced00000| PB 0x00000000ced00000| Complete 
| 238|0x00000000cee00000, 0x00000000cef00000, 0x00000000cef00000|100%| E|CS|TAMS 0x00000000cee00000| PB 0x00000000cee00000| Complete 
| 239|0x00000000cef00000, 0x00000000cf000000, 0x00000000cf000000|100%| E|CS|TAMS 0x00000000cef00000| PB 0x00000000cef00000| Complete 
| 240|0x00000000cf000000, 0x00000000cf100000, 0x00000000cf100000|100%| E|CS|TAMS 0x00000000cf000000| PB 0x00000000cf000000| Complete 
| 241|0x00000000cf100000, 0x00000000cf200000, 0x00000000cf200000|100%| E|CS|TAMS 0x00000000cf100000| PB 0x00000000cf100000| Complete 
| 242|0x00000000cf200000, 0x00000000cf300000, 0x00000000cf300000|100%| E|CS|TAMS 0x00000000cf200000| PB 0x00000000cf200000| Complete 
| 243|0x00000000cf300000, 0x00000000cf400000, 0x00000000cf400000|100%| E|CS|TAMS 0x00000000cf300000| PB 0x00000000cf300000| Complete 

Card table byte_map: [0x000001e964340000,0x000001e964540000] _byte_map_base: 0x000001e963d40000

Marking Bits: (CMBitMap*) 0x000001e953ff61c0
 Bits: [0x000001e964540000, 0x000001e965540000)

Polling page: 0x000001e94e100000

Metaspace:

Usage:
  Non-class:      5.59 MB used.
      Class:    644.30 KB used.
       Both:      6.22 MB used.

Virtual space:
  Non-class space:       64.00 MB reserved,       5.69 MB (  9%) committed,  1 nodes.
      Class space:        1.00 GB reserved,     768.00 KB ( <1%) committed,  1 nodes.
             Both:        1.06 GB reserved,       6.44 MB ( <1%) committed. 

Chunk freelists:
   Non-Class:  9.92 MB
       Class:  15.16 MB
        Both:  25.09 MB

MaxMetaspaceSize: unlimited
CompressedClassSpaceSize: 1.00 GB
Initial GC threshold: 21.00 MB
Current GC threshold: 21.00 MB
CDS: on
 - commit_granule_bytes: 65536.
 - commit_granule_words: 8192.
 - virtual_space_node_default_size: 8388608.
 - enlarge_chunks_in_place: 1.
 - use_allocation_guard: 0.


Internal statistics:

num_allocs_failed_limit: 0.
num_arena_births: 130.
num_arena_deaths: 0.
num_vsnodes_births: 2.
num_vsnodes_deaths: 0.
num_space_committed: 103.
num_space_uncommitted: 0.
num_chunks_returned_to_freelist: 0.
num_chunks_taken_from_freelist: 254.
num_chunk_merges: 0.
num_chunk_splits: 166.
num_chunks_enlarged: 110.
num_inconsistent_stats: 0.

CodeHeap 'non-profiled nmethods': size=119168Kb used=1091Kb max_used=1091Kb free=118076Kb
 bounds [0x000001e95bd00000, 0x000001e95bf70000, 0x000001e963160000]
CodeHeap 'profiled nmethods': size=119104Kb used=5160Kb max_used=5160Kb free=113943Kb
 bounds [0x000001e954160000, 0x000001e954670000, 0x000001e95b5b0000]
CodeHeap 'non-nmethods': size=7488Kb used=3123Kb max_used=3153Kb free=4364Kb
 bounds [0x000001e95b5b0000, 0x000001e95b8e0000, 0x000001e95bd00000]
 total_blobs=2748 nmethods=2274 adapters=376
 compilation: enabled
              stopped_count=0, restarted_count=0
 full_count=0

Compilation events (20 events):
Event: 0.888 Thread 0x000001e96877ce90 nmethod 1752 0x000001e954530e90 code [0x000001e954531080, 0x000001e954531448]
Event: 0.888 Thread 0x000001e96877c3e0 nmethod 1754 0x000001e954531790 code [0x000001e954531960, 0x000001e954531e50]
Event: 0.888 Thread 0x000001e96877c3e0 1760       3       com.intellij.rt.debugger.agent.CaptureAgent::getInternalClsName (5 bytes)
Event: 0.888 Thread 0x000001e96859f9a0 nmethod 1758 0x000001e954532110 code [0x000001e9545322e0, 0x000001e954532518]
Event: 0.888 Thread 0x000001e96877ce90 1762       3       org.jetbrains.capture.org.objectweb.asm.Type::getInternalName (12 bytes)
Event: 0.889 Thread 0x000001e96877c3e0 nmethod 1760 0x000001e954532690 code [0x000001e954532860, 0x000001e954532ae0]
Event: 0.889 Thread 0x000001e96877ce90 nmethod 1762 0x000001e954532d10 code [0x000001e954532ee0, 0x000001e954533100]
Event: 0.889 Thread 0x000001e96877ce90 1765       3       java.util.LinkedHashMap::valuesToArray (80 bytes)
Event: 0.889 Thread 0x000001e96859f9a0 1766       3       java.util.Arrays::copyOf (40 bytes)
Event: 0.889 Thread 0x000001e96877ce90 nmethod 1765 0x000001e954533310 code [0x000001e954533500, 0x000001e954533b18]
Event: 0.889 Thread 0x000001e96877c3e0 1771       3       java.util.regex.Pattern$Begin::match (62 bytes)
Event: 0.889 Thread 0x000001e96859f9a0 nmethod 1766 0x000001e954533f10 code [0x000001e954534120, 0x000001e9545347d8]
Event: 0.889 Thread 0x000001e96877ce90 1775       2       java.util.regex.Pattern$Slice::match (79 bytes)
Event: 0.889 Thread 0x000001e96859f9a0 1776       3       java.util.regex.Matcher::getTextLength (10 bytes)
Event: 0.890 Thread 0x000001e96859f9a0 nmethod 1776 0x000001e954534b90 code [0x000001e954534d40, 0x000001e954534f20]
Event: 0.890 Thread 0x000001e96859f9a0 1777       3       jdk.internal.util.Preconditions::checkIndex (18 bytes)
Event: 0.890 Thread 0x000001e96877c3e0 nmethod 1771 0x000001e954535010 code [0x000001e9545351e0, 0x000001e954535538]
Event: 0.890 Thread 0x000001e96877ce90 nmethod 1775 0x000001e954535810 code [0x000001e9545359e0, 0x000001e954535cb8]
Event: 0.890 Thread 0x000001e96877c3e0 1782       3       java.lang.Character::codePointBefore (48 bytes)
Event: 0.890 Thread 0x000001e96859f9a0 nmethod 1777 0x000001e954536010 code [0x000001e9545361c0, 0x000001e954536370]

GC Heap History (2 events):
Event: 0.478 GC heap before
{Heap before GC invocations=0 (full 0):
 garbage-first heap   total 249856K, used 22528K [0x00000000c0000000, 0x0000000100000000)
  region size 1024K, 23 young (23552K), 0 survivors (0K)
 Metaspace       used 2084K, committed 2240K, reserved 1114112K
  class space    used 184K, committed 256K, reserved 1048576K
}
Event: 0.482 GC heap after
{Heap after GC invocations=1 (full 0):
 garbage-first heap   total 249856K, used 4199K [0x00000000c0000000, 0x0000000100000000)
  region size 1024K, 3 young (3072K), 3 survivors (3072K)
 Metaspace       used 2084K, committed 2240K, reserved 1114112K
  class space    used 184K, committed 256K, reserved 1048576K
}

Dll operation events (3 events):
Event: 0.015 Loaded shared library C:\Users\messi\.jdks\jbr-21.0.6\bin\java.dll
Event: 0.017 Loaded shared library C:\Users\messi\.jdks\jbr-21.0.6\bin\zip.dll
Event: 0.047 Loaded shared library C:\Users\messi\.jdks\jbr-21.0.6\bin\jsvml.dll

Deoptimization events (20 events):
Event: 0.820 Thread 0x000001e953faf390 Uncommon trap: trap_request=0xffffffde fr.pc=0x000001e95bdcdc3c relative=0x000000000000035c
Event: 0.820 Thread 0x000001e953faf390 Uncommon trap: reason=class_check action=maybe_recompile pc=0x000001e95bdcdc3c method=java.util.HashMap.getNode(Ljava/lang/Object;)Ljava/util/HashMap$Node; @ 63 c2
Event: 0.820 Thread 0x000001e953faf390 DEOPT PACKING pc=0x000001e95bdcdc3c sp=0x00000094783fcaf0
Event: 0.820 Thread 0x000001e953faf390 DEOPT UNPACKING pc=0x000001e95b6046a2 sp=0x00000094783fca38 mode 2
Event: 0.821 Thread 0x000001e953faf390 Uncommon trap: trap_request=0xffffff45 fr.pc=0x000001e95bde4be4 relative=0x00000000000004a4
Event: 0.821 Thread 0x000001e953faf390 Uncommon trap: reason=unstable_if action=reinterpret pc=0x000001e95bde4be4 method=java.lang.StringLatin1.indexOf([BI[BII)I @ 91 c2
Event: 0.821 Thread 0x000001e953faf390 DEOPT PACKING pc=0x000001e95bde4be4 sp=0x00000094783fd3d0
Event: 0.821 Thread 0x000001e953faf390 DEOPT UNPACKING pc=0x000001e95b6046a2 sp=0x00000094783fd340 mode 2
Event: 0.821 Thread 0x000001e953faf390 Uncommon trap: trap_request=0xffffff6e fr.pc=0x000001e95bd98818 relative=0x0000000000000938
Event: 0.821 Thread 0x000001e953faf390 Uncommon trap: reason=loop_limit_check action=maybe_recompile pc=0x000001e95bd98818 method=java.util.regex.Pattern$Start.match(Ljava/util/regex/Matcher;ILjava/lang/CharSequence;)Z @ 34 c2
Event: 0.821 Thread 0x000001e953faf390 DEOPT PACKING pc=0x000001e95bd98818 sp=0x00000094783fd390
Event: 0.821 Thread 0x000001e953faf390 DEOPT UNPACKING pc=0x000001e95b6046a2 sp=0x00000094783fd2f0 mode 2
Event: 0.821 Thread 0x000001e953faf390 Uncommon trap: trap_request=0xffffff45 fr.pc=0x000001e95bdd0770 relative=0x0000000000002090
Event: 0.821 Thread 0x000001e953faf390 Uncommon trap: reason=unstable_if action=reinterpret pc=0x000001e95bdd0770 method=java.util.HashMap.hash(Ljava/lang/Object;)I @ 1 c2
Event: 0.821 Thread 0x000001e953faf390 DEOPT PACKING pc=0x000001e95bdd0770 sp=0x00000094783fd6c0
Event: 0.821 Thread 0x000001e953faf390 DEOPT UNPACKING pc=0x000001e95b6046a2 sp=0x00000094783fd690 mode 2
Event: 0.821 Thread 0x000001e953faf390 Uncommon trap: trap_request=0xffffff45 fr.pc=0x000001e95bdcdcd4 relative=0x00000000000003f4
Event: 0.821 Thread 0x000001e953faf390 Uncommon trap: reason=unstable_if action=reinterpret pc=0x000001e95bdcdcd4 method=java.util.HashMap.hash(Ljava/lang/Object;)I @ 1 c2
Event: 0.821 Thread 0x000001e953faf390 DEOPT PACKING pc=0x000001e95bdcdcd4 sp=0x00000094783fd4a0
Event: 0.821 Thread 0x000001e953faf390 DEOPT UNPACKING pc=0x000001e95b6046a2 sp=0x00000094783fd378 mode 2

Classes loaded (20 events):
Event: 0.853 Loading class org/jetbrains/capture/org/objectweb/asm/Opcodes done
Event: 0.853 Loading class com/intellij/rt/debugger/agent/ThrowableTransformer$1$2
Event: 0.853 Loading class com/intellij/rt/debugger/agent/ThrowableTransformer$1$2 done
Event: 0.853 Loading class org/jetbrains/capture/org/objectweb/asm/Handler
Event: 0.853 Loading class org/jetbrains/capture/org/objectweb/asm/Handler done
Event: 0.855 Loading class org/jetbrains/capture/org/objectweb/asm/AnnotationWriter
Event: 0.855 Loading class org/jetbrains/capture/org/objectweb/asm/AnnotationVisitor
Event: 0.855 Loading class org/jetbrains/capture/org/objectweb/asm/AnnotationVisitor done
Event: 0.855 Loading class org/jetbrains/capture/org/objectweb/asm/AnnotationWriter done
Event: 0.856 Loading class com/intellij/rt/debugger/agent/CaptureStorage$ConcurrentIdentityWeakHashMap
Event: 0.856 Loading class com/intellij/rt/debugger/agent/CaptureStorage$ConcurrentIdentityWeakHashMap done
Event: 0.856 Loading class com/intellij/rt/debugger/agent/CaptureStorage$1
Event: 0.856 Loading class com/intellij/rt/debugger/agent/CaptureStorage$1 done
Event: 0.856 Loading class com/intellij/rt/debugger/agent/CaptureStorage$2
Event: 0.856 Loading class com/intellij/rt/debugger/agent/CaptureStorage$2 done
Event: 0.857 Loading class java/lang/ClassFormatError
Event: 0.857 Loading class java/lang/ClassFormatError done
Event: 0.857 Loading class org/hotswap/agent/javassist/compiler/CompileError
Event: 0.857 Loading class org/hotswap/agent/javassist/compiler/CompileError done
Event: 0.889 Loading class com/intellij/rt/debugger/agent/CaptureAgent$CaptureTransformer

Classes unloaded (0 events):
No events

Classes redefined (20 events):
Event: 0.861 Thread 0x000001e9684ba530 redefined class name=java.lang.IllegalArgumentException, count=1
Event: 0.861 Thread 0x000001e9684ba530 redefined class name=java.nio.file.InvalidPathException, count=1
Event: 0.861 Thread 0x000001e9684ba530 redefined class name=java.lang.NullPointerException, count=1
Event: 0.861 Thread 0x000001e9684ba530 redefined class name=java.lang.BootstrapMethodError, count=1
Event: 0.861 Thread 0x000001e9684ba530 redefined class name=java.lang.IllegalMonitorStateException, count=1
Event: 0.861 Thread 0x000001e9684ba530 redefined class name=java.lang.NumberFormatException, count=1
Event: 0.861 Thread 0x000001e9684ba530 redefined class name=java.lang.ArithmeticException, count=1
Event: 0.861 Thread 0x000001e9684ba530 redefined class name=java.lang.NoSuchFieldException, count=1
Event: 0.861 Thread 0x000001e9684ba530 redefined class name=java.lang.VirtualMachineError, count=1
Event: 0.861 Thread 0x000001e9684ba530 redefined class name=java.lang.StackOverflowError, count=1
Event: 0.861 Thread 0x000001e9684ba530 redefined class name=java.lang.ClassCastException, count=1
Event: 0.861 Thread 0x000001e9684ba530 redefined class name=java.lang.IllegalAccessException, count=1
Event: 0.861 Thread 0x000001e9684ba530 redefined class name=java.nio.file.FileSystemException, count=1
Event: 0.861 Thread 0x000001e9684ba530 redefined class name=java.nio.file.NoSuchFileException, count=1
Event: 0.861 Thread 0x000001e9684ba530 redefined class name=java.lang.IllegalAccessError, count=1
Event: 0.861 Thread 0x000001e9684ba530 redefined class name=java.lang.ArrayStoreException, count=1
Event: 0.861 Thread 0x000001e9684ba530 redefined class name=java.lang.InternalError, count=1
Event: 0.861 Thread 0x000001e9684ba530 redefined class name=java.lang.OutOfMemoryError, count=1
Event: 0.861 Thread 0x000001e9684ba530 redefined class name=org.hotswap.agent.javassist.compiler.CompileError, count=1
Event: 0.861 Thread 0x000001e9684ba530 redefined class name=java.lang.ClassFormatError, count=1

Internal exceptions (20 events):
Event: 0.141 Thread 0x000001e953faf390 Exception <a 'java/lang/NoSuchMethodError'{0x00000000ceea3868}: 'void java.lang.invoke.DirectMethodHandle$Holder.invokeSpecial(java.lang.Object, java.lang.Object, java.lang.Object)'> (0x00000000ceea3868) 
thrown [s\src\hotspot\share\interpreter\linkResolver.cpp, line 784]
Event: 0.211 Thread 0x000001e953faf390 Exception <a 'java/lang/NoSuchMethodError'{0x00000000ce6bb110}: 'void java.lang.invoke.DirectMethodHandle$Holder.invokeVirtual(java.lang.Object, java.lang.Object)'> (0x00000000ce6bb110) 
thrown [s\src\hotspot\share\interpreter\linkResolver.cpp, line 784]
Event: 0.214 Thread 0x000001e953faf390 Exception <a 'java/lang/NoSuchMethodError'{0x00000000ce6c5e48}: 'java.lang.Object java.lang.invoke.DirectMethodHandle$Holder.invokeInterface(java.lang.Object, java.lang.Object, java.lang.Object)'> (0x00000000ce6c5e48) 
thrown [s\src\hotspot\share\interpreter\linkResolver.cpp, line 784]
Event: 0.267 Thread 0x000001e953faf390 Exception <a 'java/lang/NoSuchMethodError'{0x00000000ce30faf8}: 'void java.lang.invoke.DirectMethodHandle$Holder.invokeSpecial(java.lang.Object, java.lang.Object, java.lang.Object, java.lang.Object, java.lang.Object)'> (0x00000000ce30faf8) 
thrown [s\src\hotspot\share\interpreter\linkResolver.cpp, line 784]
Event: 0.274 Thread 0x000001e953faf390 Exception <a 'java/lang/NoSuchMethodError'{0x00000000ce325590}: 'java.lang.Object java.lang.invoke.DirectMethodHandle$Holder.invokeInterface(java.lang.Object, java.lang.Object)'> (0x00000000ce325590) 
thrown [s\src\hotspot\share\interpreter\linkResolver.cpp, line 784]
Event: 0.275 Thread 0x000001e953faf390 Exception <a 'java/lang/IncompatibleClassChangeError'{0x00000000ce328818}: Found class java.lang.Object, but interface was expected> (0x00000000ce328818) 
thrown [s\src\hotspot\share\interpreter\linkResolver.cpp, line 851]
Event: 0.275 Thread 0x000001e953faf390 Exception <a 'java/lang/NoSuchMethodError'{0x00000000ce32b208}: 'void java.lang.invoke.DirectMethodHandle$Holder.invokeStatic(java.lang.Object, java.lang.Object, java.lang.Object, java.lang.Object)'> (0x00000000ce32b208) 
thrown [s\src\hotspot\share\interpreter\linkResolver.cpp, line 784]
Event: 0.425 Thread 0x000001e953faf390 Exception <a 'java/lang/NoSuchMethodError'{0x00000000ce0e8b50}: 'void java.lang.invoke.DirectMethodHandle$Holder.invokeStatic(java.lang.Object, java.lang.Object, java.lang.Object)'> (0x00000000ce0e8b50) 
thrown [s\src\hotspot\share\interpreter\linkResolver.cpp, line 784]
Event: 0.431 Thread 0x000001e953faf390 Exception <a 'java/lang/NoSuchMethodError'{0x00000000ce0ff030}: 'java.lang.Object java.lang.invoke.Invokers$Holder.invokeExact_MT(java.lang.Object, java.lang.Object, java.lang.Object, java.lang.Object, java.lang.Object)'> (0x00000000ce0ff030) 
thrown [s\src\hotspot\share\interpreter\linkResolver.cpp, line 784]
Event: 0.444 Thread 0x000001e953faf390 Exception <a 'sun/nio/fs/WindowsException'{0x00000000cdfdad90}> (0x00000000cdfdad90) 
thrown [s\src\hotspot\share\prims\jni.cpp, line 535]
Event: 0.486 Thread 0x000001e953faf390 Exception <a 'sun/nio/fs/WindowsException'{0x00000000cf388478}> (0x00000000cf388478) 
thrown [s\src\hotspot\share\prims\jni.cpp, line 535]
Event: 0.492 Thread 0x000001e953faf390 Exception <a 'sun/nio/fs/WindowsException'{0x00000000cf3a1a18}> (0x00000000cf3a1a18) 
thrown [s\src\hotspot\share\prims\jni.cpp, line 535]
Event: 0.651 Thread 0x000001e953faf390 Exception <a 'java/lang/NoSuchMethodError'{0x00000000ce8c5c78}: 'java.lang.Object java.lang.invoke.DirectMethodHandle$Holder.newInvokeSpecial(java.lang.Object, java.lang.Object, java.lang.Object, java.lang.Object, java.lang.Object)'> (0x00000000ce8c5c78) 
thrown [s\src\hotspot\share\interpreter\linkResolver.cpp, line 784]
Event: 0.655 Thread 0x000001e953faf390 Exception <a 'java/lang/IncompatibleClassChangeError'{0x00000000ce8dc770}: Found class java.lang.Object, but interface was expected> (0x00000000ce8dc770) 
thrown [s\src\hotspot\share\interpreter\linkResolver.cpp, line 851]
Event: 0.662 Thread 0x000001e953faf390 Exception <a 'java/lang/NoSuchMethodError'{0x00000000ce702ed8}: 'void java.lang.invoke.Invokers$Holder.invokeExact_MT(java.lang.Object, java.lang.Object, java.lang.Object)'> (0x00000000ce702ed8) 
thrown [s\src\hotspot\share\interpreter\linkResolver.cpp, line 784]
Event: 0.672 Thread 0x000001e953faf390 Exception <a 'java/lang/NoSuchMethodError'{0x00000000ce750d70}: 'java.lang.Object java.lang.invoke.Invokers$Holder.invokeExact_MT(java.lang.Object, java.lang.Object, java.lang.Object, java.lang.Object, java.lang.Object, java.lang.Object)'> (0x00000000ce750d70) 
thrown [s\src\hotspot\share\interpreter\linkResolver.cpp, line 784]
Event: 0.818 Thread 0x000001e953faf390 Implicit null exception at 0x000001e95bd652be to 0x000001e95bd65614
Event: 0.820 Thread 0x000001e953faf390 Implicit null exception at 0x000001e95bdd973d to 0x000001e95bdd97c5
Event: 0.821 Thread 0x000001e953faf390 Implicit null exception at 0x000001e95bdce731 to 0x000001e95bdd075a
Event: 0.821 Thread 0x000001e953faf390 Implicit null exception at 0x000001e95bdcd93e to 0x000001e95bdcdcac

ZGC Phase Switch (0 events):
No events

VM Operations (20 events):
Event: 0.423 Executing VM operation: HandshakeAllThreads (Deoptimize)
Event: 0.423 Executing VM operation: HandshakeAllThreads (Deoptimize) done
Event: 0.433 Executing VM operation: HandshakeAllThreads (Deoptimize)
Event: 0.433 Executing VM operation: HandshakeAllThreads (Deoptimize) done
Event: 0.433 Executing VM operation: HandshakeAllThreads (Deoptimize)
Event: 0.433 Executing VM operation: HandshakeAllThreads (Deoptimize) done
Event: 0.453 Executing VM operation: HandshakeAllThreads (Deoptimize)
Event: 0.453 Executing VM operation: HandshakeAllThreads (Deoptimize) done
Event: 0.455 Executing VM operation: HandshakeAllThreads (Deoptimize)
Event: 0.455 Executing VM operation: HandshakeAllThreads (Deoptimize) done
Event: 0.478 Executing VM operation: G1CollectForAllocation (G1 Evacuation Pause)
Event: 0.482 Executing VM operation: G1CollectForAllocation (G1 Evacuation Pause) done
Event: 0.692 Executing VM operation: HandshakeAllThreads (Deoptimize)
Event: 0.692 Executing VM operation: HandshakeAllThreads (Deoptimize) done
Event: 0.860 Executing VM operation: HandshakeAllThreads (Deoptimize)
Event: 0.860 Executing VM operation: HandshakeAllThreads (Deoptimize) done
Event: 0.861 Executing VM operation: RedefineClasses (Heap Inspection Initiated GC)
Event: 0.885 Executing VM operation: RedefineClasses (Heap Inspection Initiated GC) done
Event: 0.887 Executing VM operation: get/set locals
Event: 0.887 Executing VM operation: get/set locals done

Memory protections (0 events):
No events

Nmethod flushes (0 events):
No events

Events (20 events):
Event: 0.048 Thread 0x000001e9684f4030 Thread added: 0x000001e96859f9a0
Event: 0.081 Thread 0x000001e953faf390 Thread added: 0x000001e9685ff310
Event: 0.086 Loaded shared library C:\Users\messi\.jdks\jbr-21.0.6\bin\net.dll
Event: 0.088 Loaded shared library C:\Users\messi\.jdks\jbr-21.0.6\bin\nio.dll
Event: 0.092 Loaded shared library C:\Users\messi\.jdks\jbr-21.0.6\bin\zip.dll
Event: 0.110 Thread 0x000001e9684e7990 Thread added: 0x000001e9686c1730
Event: 0.112 Thread 0x000001e96859f9a0 Thread added: 0x000001e96877c3e0
Event: 0.112 Thread 0x000001e96859f9a0 Thread added: 0x000001e96877ce90
Event: 0.135 Thread 0x000001e96877c3e0 Thread added: 0x000001e96867ec70
Event: 0.168 Thread 0x000001e9684f4030 Thread added: 0x000001e96d4a50e0
Event: 0.168 Thread 0x000001e9684f4030 Thread added: 0x000001e96877dd40
Event: 0.311 Thread 0x000001e953faf390 Thread added: 0x000001e96e002850
Event: 0.311 Thread 0x000001e953faf390 Thread added: 0x000001e96d7e8210
Event: 0.311 Thread 0x000001e96e002850 Thread added: 0x000001e96d3a5d10
Event: 0.334 Loaded shared library C:\Users\messi\.jdks\jbr-21.0.6\bin\instrument.dll
Event: 0.370 Loaded shared library C:\Users\messi\.jdks\jbr-21.0.6\bin\jimage.dll
Event: 0.476 Thread 0x000001e953faf390 Thread added: 0x000001e96d567be0
Event: 0.478 Thread 0x000001e953faf390 Thread added: 0x000001e96d56c7e0
Event: 0.478 Thread 0x000001e953faf390 Thread added: 0x000001e96d663b50
Event: 0.483 Thread 0x000001e953faf390 Thread added: 0x000001e96d51f680


Dynamic libraries:
0x00007ff7faff0000 - 0x00007ff7faffa000 	C:\Users\messi\.jdks\jbr-21.0.6\bin\java.exe
0x00007ffe30330000 - 0x00007ffe30547000 	C:\WINDOWS\SYSTEM32\ntdll.dll
0x00007ffe2e6e0000 - 0x00007ffe2e7a4000 	C:\WINDOWS\System32\KERNEL32.DLL
0x00007ffe2d5e0000 - 0x00007ffe2d9b0000 	C:\WINDOWS\System32\KERNELBASE.dll
0x00007ffe2dc10000 - 0x00007ffe2dd21000 	C:\WINDOWS\System32\ucrtbase.dll
0x00007ffe11640000 - 0x00007ffe11658000 	C:\Users\messi\.jdks\jbr-21.0.6\bin\jli.dll
0x00007ffe10fe0000 - 0x00007ffe10ffb000 	C:\Users\messi\.jdks\jbr-21.0.6\bin\VCRUNTIME140.dll
0x00007ffe2e530000 - 0x00007ffe2e6de000 	C:\WINDOWS\System32\USER32.dll
0x00007ffe2dff0000 - 0x00007ffe2e016000 	C:\WINDOWS\System32\win32u.dll
0x00007ffe16ea0000 - 0x00007ffe17132000 	C:\WINDOWS\WinSxS\amd64_microsoft.windows.common-controls_6595b64144ccf1df_6.0.22621.4830_none_270fe7d773858e80\COMCTL32.dll
0x00007ffe2f9e0000 - 0x00007ffe2fa09000 	C:\WINDOWS\System32\GDI32.dll
0x00007ffe2e3e0000 - 0x00007ffe2e487000 	C:\WINDOWS\System32\msvcrt.dll
0x00007ffe2ddd0000 - 0x00007ffe2deeb000 	C:\WINDOWS\System32\gdi32full.dll
0x00007ffe2dd30000 - 0x00007ffe2ddca000 	C:\WINDOWS\System32\msvcp_win.dll
0x00007ffe2e930000 - 0x00007ffe2e961000 	C:\WINDOWS\System32\IMM32.DLL
0x00007ffe11630000 - 0x00007ffe1163c000 	C:\Users\messi\.jdks\jbr-21.0.6\bin\vcruntime140_1.dll
0x00007ffdf69e0000 - 0x00007ffdf6a6d000 	C:\Users\messi\.jdks\jbr-21.0.6\bin\msvcp140.dll
0x00007ffd98920000 - 0x00007ffd996e1000 	C:\Users\messi\.jdks\jbr-21.0.6\bin\server\jvm.dll
0x00007ffe2f2e0000 - 0x00007ffe2f391000 	C:\WINDOWS\System32\ADVAPI32.dll
0x00007ffe2e0d0000 - 0x00007ffe2e177000 	C:\WINDOWS\System32\sechost.dll
0x00007ffe2d9b0000 - 0x00007ffe2d9d8000 	C:\WINDOWS\System32\bcrypt.dll
0x00007ffe2ecd0000 - 0x00007ffe2ede4000 	C:\WINDOWS\System32\RPCRT4.dll
0x00007ffe2ee70000 - 0x00007ffe2eee1000 	C:\WINDOWS\System32\WS2_32.dll
0x00007ffe2d4b0000 - 0x00007ffe2d4fd000 	C:\WINDOWS\SYSTEM32\POWRPROF.dll
0x00007ffe275a0000 - 0x00007ffe275d4000 	C:\WINDOWS\SYSTEM32\WINMM.dll
0x00007ffe26fa0000 - 0x00007ffe26faa000 	C:\WINDOWS\SYSTEM32\VERSION.dll
0x00007ffe2d490000 - 0x00007ffe2d4a3000 	C:\WINDOWS\SYSTEM32\UMPDC.dll
0x00007ffe2c620000 - 0x00007ffe2c638000 	C:\WINDOWS\SYSTEM32\kernel.appcore.dll
0x00007ffe10fd0000 - 0x00007ffe10fda000 	C:\Users\messi\.jdks\jbr-21.0.6\bin\jimage.dll
0x00007ffe2ae10000 - 0x00007ffe2b042000 	C:\WINDOWS\SYSTEM32\DBGHELP.DLL
0x00007ffe2ef50000 - 0x00007ffe2f2e0000 	C:\WINDOWS\System32\combase.dll
0x00007ffe2e180000 - 0x00007ffe2e257000 	C:\WINDOWS\System32\OLEAUT32.dll
0x00007ffe1fee0000 - 0x00007ffe1ff12000 	C:\WINDOWS\SYSTEM32\dbgcore.DLL
0x00007ffe2def0000 - 0x00007ffe2df6b000 	C:\WINDOWS\System32\bcryptPrimitives.dll
0x00007ffe10ed0000 - 0x00007ffe10f0c000 	C:\Users\messi\.jdks\jbr-21.0.6\bin\jdwp.dll
0x00007ffddbd10000 - 0x00007ffddbf1e000 	C:\Users\messi\AppData\Local\Temp\idea_libasyncProfiler_dll_temp_folder10241\libasyncProfiler.dll
0x00007ffe10fc0000 - 0x00007ffe10fce000 	C:\Users\messi\.jdks\jbr-21.0.6\bin\instrument.dll
0x00007ffe10fa0000 - 0x00007ffe10fc0000 	C:\Users\messi\.jdks\jbr-21.0.6\bin\java.dll
0x00007ffe10f20000 - 0x00007ffe10f38000 	C:\Users\messi\.jdks\jbr-21.0.6\bin\zip.dll
0x00007ffe2fa70000 - 0x00007ffe302e8000 	C:\WINDOWS\System32\SHELL32.dll
0x00007ffe2b530000 - 0x00007ffe2be40000 	C:\WINDOWS\SYSTEM32\windows.storage.dll
0x00007ffe2b3f0000 - 0x00007ffe2b52f000 	C:\WINDOWS\SYSTEM32\wintypes.dll
0x00007ffe2e990000 - 0x00007ffe2ea9a000 	C:\WINDOWS\System32\SHCORE.dll
0x00007ffe2eef0000 - 0x00007ffe2ef4e000 	C:\WINDOWS\System32\shlwapi.dll
0x00007ffe2d510000 - 0x00007ffe2d53b000 	C:\WINDOWS\SYSTEM32\profapi.dll
0x00007ffde03f0000 - 0x00007ffde04c7000 	C:\Users\messi\.jdks\jbr-21.0.6\bin\jsvml.dll
0x00007ffe10f10000 - 0x00007ffe10f20000 	C:\Users\messi\.jdks\jbr-21.0.6\bin\net.dll
0x00007ffe291f0000 - 0x00007ffe2931c000 	C:\WINDOWS\SYSTEM32\WINHTTP.dll
0x00007ffe2caa0000 - 0x00007ffe2cb0a000 	C:\WINDOWS\system32\mswsock.dll
0x00007ffe10910000 - 0x00007ffe10926000 	C:\Users\messi\.jdks\jbr-21.0.6\bin\nio.dll
0x00007ffe13ed0000 - 0x00007ffe13edb000 	C:\Users\messi\.jdks\jbr-21.0.6\bin\dt_socket.dll
0x00007ffe2c0a0000 - 0x00007ffe2c0cd000 	C:\WINDOWS\SYSTEM32\IPHLPAPI.DLL
0x000001e968780000 - 0x000001e968783000 	C:\Users\messi\.openjfx\cache\17.0.6\api-ms-win-core-console-l1-1-0.dll
0x000001e968790000 - 0x000001e968793000 	C:\Users\messi\.openjfx\cache\17.0.6\api-ms-win-core-console-l1-2-0.dll
0x000001e9687a0000 - 0x000001e9687a3000 	C:\Users\messi\.openjfx\cache\17.0.6\api-ms-win-core-datetime-l1-1-0.dll
0x000001e9687b0000 - 0x000001e9687b3000 	C:\Users\messi\.openjfx\cache\17.0.6\api-ms-win-core-debug-l1-1-0.dll
0x000001e9687c0000 - 0x000001e9687c3000 	C:\Users\messi\.openjfx\cache\17.0.6\api-ms-win-core-errorhandling-l1-1-0.dll
0x000001e968830000 - 0x000001e968834000 	C:\Users\messi\.openjfx\cache\17.0.6\api-ms-win-core-file-l1-1-0.dll
0x000001e9687d0000 - 0x000001e9687d3000 	C:\Users\messi\.openjfx\cache\17.0.6\api-ms-win-core-file-l1-2-0.dll
0x000001e9687e0000 - 0x000001e9687e3000 	C:\Users\messi\.openjfx\cache\17.0.6\api-ms-win-core-file-l2-1-0.dll
0x000001e9687f0000 - 0x000001e9687f3000 	C:\Users\messi\.openjfx\cache\17.0.6\api-ms-win-core-handle-l1-1-0.dll
0x000001e968800000 - 0x000001e968803000 	C:\Users\messi\.openjfx\cache\17.0.6\api-ms-win-core-heap-l1-1-0.dll
0x000001e968810000 - 0x000001e968813000 	C:\Users\messi\.openjfx\cache\17.0.6\api-ms-win-core-interlocked-l1-1-0.dll
0x000001e968820000 - 0x000001e968823000 	C:\Users\messi\.openjfx\cache\17.0.6\api-ms-win-core-libraryloader-l1-1-0.dll
0x000001e968840000 - 0x000001e968843000 	C:\Users\messi\.openjfx\cache\17.0.6\api-ms-win-core-localization-l1-2-0.dll
0x000001e968850000 - 0x000001e968853000 	C:\Users\messi\.openjfx\cache\17.0.6\api-ms-win-core-memory-l1-1-0.dll
0x000001e968860000 - 0x000001e968863000 	C:\Users\messi\.openjfx\cache\17.0.6\api-ms-win-core-namedpipe-l1-1-0.dll
0x000001e968870000 - 0x000001e968873000 	C:\Users\messi\.openjfx\cache\17.0.6\api-ms-win-core-processenvironment-l1-1-0.dll

dbghelp: loaded successfully - version: 4.0.5 - missing functions: none
symbol engine: initialized successfully - sym options: 0x614 - pdb path: .;C:\Users\messi\.jdks\jbr-21.0.6\bin;C:\WINDOWS\SYSTEM32;C:\WINDOWS\WinSxS\amd64_microsoft.windows.common-controls_6595b64144ccf1df_6.0.22621.4830_none_270fe7d773858e80;C:\Users\messi\.jdks\jbr-21.0.6\bin\server;C:\Users\messi\AppData\Local\Temp\idea_libasyncProfiler_dll_temp_folder10241;C:\Users\messi\.openjfx\cache\17.0.6

VM Arguments:
jvm_args: -agentlib:jdwp=transport=dt_socket,address=127.0.0.1:62099,suspend=y,server=n --add-modules=javafx.controls,javafx.fxml,javafx.base --add-exports=javafx.base/com.sun.javafx.event=org.controlsfx.controls -ea -Xmx1024m -agentpath:C:\Users\messi\AppData\Local\Temp\idea_libasyncProfiler_dll_temp_folder10241\libasyncProfiler.dll=version,jfr,event=wall,interval=10ms,cstack=no,file=C:\Users\messi\IdeaSnapshots\Login_2025_03_07_013038.jfr,dbghelppath=C:\Users\messi\AppData\Local\Temp\idea_dbghelp_dll_temp_folder8\dbghelp.dll,log=C:\Users\messi\AppData\Local\Temp\Login_2025_03_07_013038.jfr.log.txt,logLevel=DEBUG -javaagent:C:\Users\messi\.hotswap\hotswap-agent.jar -XX:+AllowEnhancedClassRedefinition -XX:HotswapAgent=external -XX:+ClassUnloading --add-opens=java.base/sun.nio.ch=ALL-UNNAMED --add-opens=java.base/java.lang=ALL-UNNAMED --add-opens=java.base/java.lang.reflect=ALL-UNNAMED --add-opens=java.base/java.io=ALL-UNNAMED --add-opens=java.base/sun.security.action=ALL-UNNAMED --add-opens=java.base/jdk.internal.reflect=ALL-UNNAMED --add-opens=java.base/java.net=ALL-UNNAMED -javaagent:C:\Users\messi\AppData\Local\JetBrains\IntelliJIdea2024.3\captureAgent\debugger-agent.jar -Dkotlinx.coroutines.debug.enable.creation.stack.trace=false -Ddebugger.agent.enable.coroutines=true -Dkotlinx.coroutines.debug.enable.flows.stack.trace=true -Dkotlinx.coroutines.debug.enable.mutable.state.flows.stack.trace=true -Dfile.encoding=UTF-8 -Dsun.stdout.encoding=UTF-8 -Dsun.stderr.encoding=UTF-8 --module-path=C:\Users\messi\.m2\repository\io\github\palexdev\materialfx\11.17.0\materialfx-11.17.0.jar;C:\Users\messi\.m2\repository\com\itextpdf\io\9.1.0\io-9.1.0.jar;C:\Users\messi\.m2\repository\org\apache\pdfbox\pdfbox\3.0.3\pdfbox-3.0.3.jar;C:\Users\messi\.m2\repository\com\mysql\mysql-connector-j\8.0.33\mysql-connector-j-8.0.33.jar;C:\Users\messi\.m2\repository\io\github\palexdev\mfxresources\11.9.1\mfxresources-11.9.1.jar;C:\Users\messi\.m2\repository\io\github\palexdev\mfxcore\11.8.0\mfxcore-11.8.0.jar;C:\Users\messi\.m2\repository\org\openjfx\javafx-controls\17.0.6\javafx-controls-17.0.6-win.jar;C:\Users\messi\.m2\repository\io\github\palexdev\mfxlocalization\11.1.0\mfxlocalization-11.1.0.jar;C:\Users\messi\.m2\repository\org\openjfx\javafx-media\17.0.6\javafx-media-17.0.6-win.jar;C:\Users\messi\.m2\repository\io\github\palexdev\mfxeffects\11.3.0\mfxeffects-11.3.0.jar;C:\Users\messi\.m2\repository\org\openjfx\javafx-fxml\17.0.6\javafx-fxml-17.0.6-win.jar;C:\Users\messi\.m2\repository\de\jensd\fontawesomefx-fontawesome\4.7.0-9.1.2\fontawesomefx-fontawesome-4.7.0-9.1.2.jar;C:\Users\messi\.m2\repository\io\github\palexdev\virtualizedfx\11.9.6\virtualizedfx-11.9.6.jar;C:\Users\messi\.m2\repository\com\itextpdf\itextpdf\5.5.13.3\itextpdf-5.5.13.3.jar;C:\Users\messi\.m2\repository\org\controlsfx\controlsfx\11.1.0\controlsfx-11.1.0.jar;C:\Users\messi\.m2\repository\org\openjfx\javafx-graphics\17.0.6\javafx-graphics-17.0.6-win.jar;D:\CodingProjects\JavaProjects\BiaManagement_07_03\BilliardsManagement\target\classes;C:\Users\messi\.m2\repository\de\jensd\fontawesomefx-commons\9.1.2\fontawesomefx-commons-9.1.2.jar;C:\Users\messi\.m2\repository\org\openjfx\javafx-base\17.0.6\javafx-base-17.0.6-win.jar;C:\Users\messi\.m2\repository\com\itextpdf\kernel\9.1.0\kernel-9.1.0.jar -Djdk.module.main=src.billiardsmanagement 
java_command: src.billiardsmanagement/src.billiardsmanagement.view.Login
java_class_path (initial): C:\Users\messi\.m2\repository\com\google\protobuf\protobuf-java\3.21.9\protobuf-java-3.21.9.jar;C:\Users\messi\.m2\repository\org\openjfx\javafx-controls\17.0.6\javafx-controls-17.0.6.jar;C:\Users\messi\.m2\repository\org\openjfx\javafx-graphics\17.0.6\javafx-graphics-17.0.6.jar;C:\Users\messi\.m2\repository\org\openjfx\javafx-fxml\17.0.6\javafx-fxml-17.0.6.jar;C:\Users\messi\.m2\repository\org\openjfx\javafx-base\17.0.6\javafx-base-17.0.6.jar;C:\Users\messi\.m2\repository\org\openjfx\javafx-web\17.0.6\javafx-web-17.0.6-win.jar;C:\Users\messi\.m2\repository\org\openjfx\javafx-media\17.0.6\javafx-media-17.0.6.jar;C:\Users\messi\.m2\repository\org\kordamp\ikonli\ikonli-fontawesome-pack\12.3.1\ikonli-fontawesome-pack-12.3.1.jar;C:\Users\messi\.m2\repository\org\kordamp\ikonli\ikonli-core\12.3.1\ikonli-core-12.3.1.jar;C:\Users\messi\.m2\repository\org\kordamp\ikonli\ikonli-javafx\12.3.1\ikonli-javafx-12.3.1.jar;C:\Users\messi\.m2\repository\org\apache\pdfbox\pdfbox-io\3.0.3\pdfbox-io-3.0.3.jar;C:\Users\messi\.m2\repository\org\apache\pdfbox\fontbox\3.0.3\fontbox-3.0.3.jar;C:\Users\messi\.m2\repository\commons-logging\commons-logging\1.3.3\commons-logging-1.3.3.jar;C:\Users\messi\.m2\repository\com\itextpdf\commons\9.1.0\commons-9.1.0.jar;C:\Users\messi\.m2\repository\com\itextpdf\bouncy-castle-connector\9.1.0\bouncy-castle-connector-9.1.0.jar;C:\Users\messi\.m2\repository\org\slf4j\slf4j-api\2.0.16\slf4j-api-2.0.16.jar;C:\Users\messi\.m2\repository\de\jensd\fontawesomefx-materialdesignfont\2.0.26-9.1.2\fontawesomefx-materialdesignfont-2.0.26-9.1.2.jar;C:\Program Files\JetBrains\IntelliJ IDEA 2024.3.1.1\lib\idea_rt.jar
Launcher Type: SUN_STANDARD

[Global flags]
     bool AllowEnhancedClassRedefinition           = true                                      {product} {command line}
     intx CICompilerCount                          = 12                                        {product} {ergonomic}
     bool ClassUnloading                           = true                                      {product} {command line}
     uint ConcGCThreads                            = 3                                         {product} {ergonomic}
     uint G1ConcRefinementThreads                  = 13                                        {product} {ergonomic}
   size_t G1HeapRegionSize                         = 1048576                                   {product} {ergonomic}
    uintx GCDrainStackTargetSize                   = 64                                        {product} {ergonomic}
    ccstr HotswapAgent                             = external                                  {product} {command line}
   size_t InitialHeapSize                          = 255852544                                 {product} {ergonomic}
   size_t MarkStackSize                            = 4194304                                   {product} {ergonomic}
   size_t MaxHeapSize                              = 1073741824                                {product} {command line}
   size_t MaxNewSize                               = 643825664                                 {product} {ergonomic}
   size_t MinHeapDeltaBytes                        = 1048576                                   {product} {ergonomic}
   size_t MinHeapSize                              = 8388608                                   {product} {ergonomic}
    uintx NonNMethodCodeHeapSize                   = 7602480                                {pd product} {ergonomic}
    uintx NonProfiledCodeHeapSize                  = 122027880                              {pd product} {ergonomic}
    uintx ProfiledCodeHeapSize                     = 122027880                              {pd product} {ergonomic}
    uintx ReservedCodeCacheSize                    = 251658240                              {pd product} {ergonomic}
     bool SegmentedCodeCache                       = true                                      {product} {ergonomic}
   size_t SoftMaxHeapSize                          = 1073741824                             {manageable} {ergonomic}
     bool UseCompressedOops                        = true                           {product lp64_product} {ergonomic}
     bool UseG1GC                                  = true                                      {product} {ergonomic}
     bool UseLargePagesIndividualAllocation        = false                                  {pd product} {ergonomic}

Logging:
Log output configuration:
 #0: stdout all=warning uptime,level,tags foldmultilines=false
 #1: stderr all=off uptime,level,tags foldmultilines=false

Environment Variables:
JAVA_HOME=C:\Program Files\Eclipse Adoptium\jdk-23.0.2.7-hotspot\
PATH=C:\Program Files\Eclipse Adoptium\jdk-23.0.2.7-hotspot\bin;C:\WINDOWS\system32;C:\WINDOWS;C:\WINDOWS\System32\Wbem;C:\WINDOWS\System32\WindowsPowerShell\v1.0\;C:\WINDOWS\System32\OpenSSH\;C:\Program Files\Git\cmd;C:\Program Files\dotnet\;C:\Apache\apache-maven-3.9.6-bin\apache-maven-3.9.6\bin;C:\Program Files\Cloudflare\Cloudflare WARP\;C:\Program Files\nodejs\;C:\Users\messi\AppData\Local\Programs\Python\Python313\python.exe;C:\Program Files\Microsoft Visual Studio\2022\Community\MSBuild\Current\Bin\MSBuild.exe;C:\Program Files (x86)\Windows Kits\10\Windows Performance Toolkit\;d:\AppData\Programs\Trae\bin;C:\Users\messi\AppData\Local\Programs\Python\Python313\Scripts\;C:\Users\messi\AppData\Local\Programs\Python\Python313\;C:\Users\messi\AppData\Local\Microsoft\WindowsApps;;C:\Users\messi\.lmstudio\bin;C:\Program Files\JetBrains\IntelliJ IDEA 2024.3.1.1\bin;;C:\Users\messi\AppData\Local\Programs\Microsoft VS Code\bin;C:\Users\messi\.dotnet\tools;C:\Users\messi\AppData\Roaming\npm;C:\Users\messi\AppData\Local\Programs\cursor\resources\app\bin
USERNAME=messi
OS=Windows_NT
PROCESSOR_IDENTIFIER=AMD64 Family 25 Model 68 Stepping 1, AuthenticAMD
TMP=C:\Users\messi\AppData\Local\Temp
TEMP=C:\Users\messi\AppData\Local\Temp




Periodic native trim disabled

JNI global refs:
JNI global refs: 46, weak refs: 1939

JNI global refs memory usage: 1027, weak refs: 19985

Process memory usage:
Resident Set Size: 156992K (0% of 15985748K total physical memory with 982724K free physical memory)

OOME stack traces (most recent first):
Classloader memory used:
Loader bootstrap                                                                       : 4102K
Loader jdk.internal.loader.ClassLoaders$AppClassLoader                                 : 2229K
Loader jdk.internal.loader.ClassLoaders$PlatformClassLoader                            : 40120B

Classes loaded by more than one classloader:
Class java.lang.IllegalAccessError                                                    : loaded 2 times (x 78B)
Class java.lang.IllegalMonitorStateException                                          : loaded 2 times (x 78B)
Class org.hotswap.agent.javassist.CannotCompileException                              : loaded 2 times (x 79B)
Class java.lang.UnsupportedOperationException                                         : loaded 2 times (x 78B)
Class java.lang.InternalError                                                         : loaded 2 times (x 78B)
Class java.lang.OutOfMemoryError                                                      : loaded 2 times (x 78B)
Class java.nio.file.NoSuchFileException                                               : loaded 2 times (x 81B)
Class java.lang.IllegalStateException                                                 : loaded 2 times (x 78B)
Class org.hotswap.agent.javassist.bytecode.CodeAttribute$RuntimeCopyException         : loaded 2 times (x 78B)
Class java.net.MalformedURLException                                                  : loaded 2 times (x 78B)
Class org.hotswap.agent.javassist.bytecode.StackMapTable$RuntimeCopyException         : loaded 2 times (x 78B)
Class java.lang.ArrayStoreException                                                   : loaded 2 times (x 78B)
Class java.io.IOException                                                             : loaded 2 times (x 78B)
Class java.lang.Exception                                                             : loaded 2 times (x 78B)
Class java.lang.ClassNotFoundException                                                : loaded 2 times (x 79B)
Class java.lang.InstantiationException                                                : loaded 2 times (x 78B)
Class java.lang.ReflectiveOperationException                                          : loaded 2 times (x 78B)
Class java.lang.VirtualMachineError                                                   : loaded 2 times (x 78B)
Class java.lang.IllegalArgumentException                                              : loaded 2 times (x 78B)
Class java.lang.Error                                                                 : loaded 2 times (x 78B)
Class java.lang.InterruptedException                                                  : loaded 2 times (x 78B)
Class java.lang.NumberFormatException                                                 : loaded 2 times (x 78B)
Class java.lang.LinkageError                                                          : loaded 2 times (x 78B)
Class java.lang.NoSuchMethodError                                                     : loaded 2 times (x 78B)
Class java.lang.ClassCastException                                                    : loaded 2 times (x 78B)
Class java.lang.IncompatibleClassChangeError                                          : loaded 2 times (x 78B)
Class java.lang.ClassFormatError                                                      : loaded 2 times (x 78B)
Class java.net.URISyntaxException                                                     : loaded 2 times (x 82B)
Class org.hotswap.agent.javassist.NotFoundException                                   : loaded 2 times (x 78B)
Class java.lang.reflect.InvocationTargetException                                     : loaded 2 times (x 79B)
Class java.lang.IndexOutOfBoundsException                                             : loaded 2 times (x 78B)
Class java.util.NoSuchElementException                                                : loaded 2 times (x 78B)
Class org.hotswap.agent.javassist.compiler.CompileError                               : loaded 2 times (x 79B)
Class java.lang.BootstrapMethodError                                                  : loaded 2 times (x 78B)
Class sun.nio.fs.WindowsException                                                     : loaded 2 times (x 85B)
Class java.lang.NoSuchMethodException                                                 : loaded 2 times (x 78B)
Class java.lang.NoClassDefFoundError                                                  : loaded 2 times (x 78B)
Class org.hotswap.agent.javassist.bytecode.annotation.NoSuchClassError                : loaded 2 times (x 79B)
Class java.nio.file.InvalidPathException                                              : loaded 2 times (x 82B)
Class java.nio.file.FileSystemException                                               : loaded 2 times (x 81B)
Class java.lang.NullPointerException                                                  : loaded 2 times (x 79B)
Class java.lang.StackOverflowError                                                    : loaded 2 times (x 78B)
Class org.hotswap.agent.versions.InvalidVersionSpecificationException                 : loaded 2 times (x 78B)
Class java.lang.RuntimeException                                                      : loaded 2 times (x 78B)
Class java.lang.NoSuchFieldException                                                  : loaded 2 times (x 78B)
Class java.io.FileNotFoundException                                                   : loaded 2 times (x 78B)
Class java.lang.IllegalAccessException                                                : loaded 2 times (x 78B)
Class java.lang.ArithmeticException                                                   : loaded 2 times (x 78B)
Class java.lang.reflect.UndeclaredThrowableException                                  : loaded 2 times (x 79B)
Class org.hotswap.agent.javassist.bytecode.DuplicateMemberException                   : loaded 2 times (x 79B)
Class org.hotswap.agent.javassist.bytecode.BadBytecode                                : loaded 2 times (x 78B)
Class java.lang.Throwable                                                             : loaded 2 times (x 78B)

---------------  S Y S T E M  ---------------

OS:
 Windows 11 , 64 bit Build 22621 (10.0.22621.4830)
OS uptime: 0 days 4:56 hours

CPU: total 16 (initial active 16) (16 cores per cpu, 2 threads per core) family 25 model 68 stepping 1 microcode 0x0, cx8, cmov, fxsr, ht, mmx, 3dnowpref, sse, sse2, sse3, ssse3, sse4a, sse4.1, sse4.2, popcnt, lzcnt, tsc, tscinvbit, avx, avx2, aes, erms, clmul, bmi1, bmi2, adx, sha, fma, vzeroupper, clflush, clflushopt, rdtscp, rdpid, fsrm, f16c, pku, cet_ss
Processor Information for processor 0
  Max Mhz: 3201, Current Mhz: 1978, Mhz Limit: 3201
Processor Information for processor 1
  Max Mhz: 3201, Current Mhz: 1978, Mhz Limit: 3201
Processor Information for processor 2
  Max Mhz: 3201, Current Mhz: 3201, Mhz Limit: 3201
Processor Information for processor 3
  Max Mhz: 3201, Current Mhz: 1978, Mhz Limit: 3201
Processor Information for processor 4
  Max Mhz: 3201, Current Mhz: 3201, Mhz Limit: 3201
Processor Information for processor 5
  Max Mhz: 3201, Current Mhz: 1978, Mhz Limit: 3201
Processor Information for processor 6
  Max Mhz: 3201, Current Mhz: 3201, Mhz Limit: 3201
Processor Information for processor 7
  Max Mhz: 3201, Current Mhz: 3201, Mhz Limit: 3201
Processor Information for processor 8
  Max Mhz: 3201, Current Mhz: 1978, Mhz Limit: 3201
Processor Information for processor 9
  Max Mhz: 3201, Current Mhz: 1978, Mhz Limit: 3201
Processor Information for processor 10
  Max Mhz: 3201, Current Mhz: 1978, Mhz Limit: 3201
Processor Information for processor 11
  Max Mhz: 3201, Current Mhz: 1978, Mhz Limit: 3201
Processor Information for processor 12
  Max Mhz: 3201, Current Mhz: 1978, Mhz Limit: 3201
Processor Information for processor 13
  Max Mhz: 3201, Current Mhz: 1978, Mhz Limit: 3201
Processor Information for processor 14
  Max Mhz: 3201, Current Mhz: 3201, Mhz Limit: 3201
Processor Information for processor 15
  Max Mhz: 3201, Current Mhz: 1978, Mhz Limit: 3201

Memory: 4k page, system-wide physical 15611M (959M free)
TotalPageFile size 34612M (AvailPageFile size 5798M)
current process WorkingSet (physical memory assigned to process): 153M, peak: 153M
current process commit charge ("private bytes"): 425M, peak: 425M

vm_info: OpenJDK 64-Bit Server VM (21.0.6+9-b895.91) for windows-amd64 JRE (21.0.6+9-b895.91), built on 2025-02-16 by "builduser" with MS VC++ 16.10 / 16.11 (VS2019)

END.
