#
# A fatal error has been detected by the Java Runtime Environment:
#
#  EXCEPTION_ACCESS_VIOLATION (0xc0000005) at pc=0x00007ffddeb6d632, pid=77572, tid=73196
#
# JRE version: OpenJDK Runtime Environment JBR-21.0.6+9-895.91-nomod (21.0.6+9) (build 21.0.6+9-b895.91)
# Java VM: OpenJDK 64-Bit Server VM JBR-21.0.6+9-895.91-nomod (21.0.6+9-b895.91, mixed mode, sharing, tiered, compressed oops, compressed class ptrs, g1 gc, windows-amd64)
# Problematic frame:
# V  [jvm.dll+0x8d632]  Node::add_out+0x32
#
# No core dump will be written. Minidumps are not enabled by default on client versions of Windows
#
# If you would like to submit a bug report, please visit:
#   https://youtrack.jetbrains.com/issues/JBR
#

---------------  S U M M A R Y ------------

Command Line: -agentlib:jdwp=transport=dt_socket,address=127.0.0.1:55783,suspend=y,server=n --add-modules=javafx.controls,javafx.fxml,javafx.base --add-exports=javafx.base/com.sun.javafx.event=org.controlsfx.controls -ea -Xmx1024m -agentpath:C:\Users\messi\AppData\Local\Temp\idea_libasyncProfiler_dll_temp_folder6800\libasyncProfiler.dll=version,jfr,event=wall,interval=10ms,cstack=no,file=C:\Users\messi\IdeaSnapshots\Login_2025_03_05_210827.jfr,dbghelppath=C:\Users\messi\AppData\Local\Temp\idea_dbghelp_dll_temp_folder4\dbghelp.dll,log=C:\Users\messi\AppData\Local\Temp\Login_2025_03_05_210827.jfr.log.txt,logLevel=DEBUG -javaagent:C:\Users\messi\.hotswap\hotswap-agent.jar -XX:+AllowEnhancedClassRedefinition -XX:HotswapAgent=external -XX:+ClassUnloading --add-opens=java.base/sun.nio.ch=ALL-UNNAMED --add-opens=java.base/java.lang=ALL-UNNAMED --add-opens=java.base/java.lang.reflect=ALL-UNNAMED --add-opens=java.base/java.io=ALL-UNNAMED --add-opens=java.base/sun.security.action=ALL-UNNAMED --add-opens=java.base/jdk.internal.reflect=ALL-UNNAMED --add-opens=java.base/java.net=ALL-UNNAMED -javaagent:C:\Users\messi\AppData\Local\JetBrains\IntelliJIdea2024.3\captureAgent\debugger-agent.jar -Dkotlinx.coroutines.debug.enable.creation.stack.trace=false -Ddebugger.agent.enable.coroutines=true -Dkotlinx.coroutines.debug.enable.flows.stack.trace=true -Dkotlinx.coroutines.debug.enable.mutable.state.flows.stack.trace=true -Dfile.encoding=UTF-8 -Dsun.stdout.encoding=UTF-8 -Dsun.stderr.encoding=UTF-8 --module-path=C:\Users\messi\.m2\repository\org\apache\pdfbox\pdfbox\3.0.3\pdfbox-3.0.3.jar;C:\Users\messi\.m2\repository\org\openjfx\javafx-fxml\17.0.6\javafx-fxml-17.0.6-win.jar;C:\Users\messi\.m2\repository\com\itextpdf\itextpdf\5.5.13.3\itextpdf-5.5.13.3.jar;C:\Users\messi\.m2\repository\com\itextpdf\io\9.1.0\io-9.1.0.jar;D:\CodingProjects\JavaProjects\BilliardsManagement_0503\BilliardsManagement\target\classes;C:\Users\messi\.m2\repository\com\mysql\mysql-connector-j\8.0.33\mysql-connector-j-8.0.33.jar;C:\Users\messi\.m2\repository\org\controlsfx\controlsfx\11.1.0\controlsfx-11.1.0.jar;C:\Users\messi\.m2\repository\org\openjfx\javafx-media\17.0.6\javafx-media-17.0.6-win.jar;C:\Users\messi\.m2\repository\org\openjfx\javafx-controls\17.0.6\javafx-controls-17.0.6-win.jar;C:\Users\messi\.m2\repository\com\itextpdf\kernel\9.1.0\kernel-9.1.0.jar;C:\Users\messi\.m2\repository\org\openjfx\javafx-graphics\17.0.6\javafx-graphics-17.0.6-win.jar;C:\Users\messi\.m2\repository\de\jensd\fontawesomefx-commons\9.1.2\fontawesomefx-commons-9.1.2.jar;C:\Users\messi\.m2\repository\de\jensd\fontawesomefx-fontawesome\4.7.0-9.1.2\fontawesomefx-fontawesome-4.7.0-9.1.2.jar;C:\Users\messi\.m2\repository\org\openjfx\javafx-base\17.0.6\javafx-base-17.0.6-win.jar -Djdk.module.main=src.billiardsmanagement src.billiardsmanagement/src.billiardsmanagement.view.Login

Host: AMD Ryzen 7 7735HS with Radeon Graphics        , 16 cores, 15G,  Windows 11 , 64 bit Build 22621 (10.0.22621.4830)
Time: Wed Mar  5 21:08:28 2025 SE Asia Standard Time elapsed time: 1.009770 seconds (0d 0h 0m 1s)

---------------  T H R E A D  ---------------

Current thread (0x000001b6e5060ee0):  JavaThread "C2 CompilerThread2" daemon [_thread_in_native, id=73196, stack(0x00000075b4d00000,0x00000075b4e00000) (1024K)]


Current CompileTask:
C2:1009 1698       4       java.util.ArrayList$Itr::next (66 bytes)

Stack: [0x00000075b4d00000,0x00000075b4e00000],  sp=0x00000075b4dfcd50,  free space=1011k
Native frames: (J=compiled Java code, j=interpreted, Vv=VM code, C=native code)
V  [jvm.dll+0x8d632]  Node::add_out+0x32  (node.hpp:505)
V  [jvm.dll+0x6bee1f]  Node::add_req+0x8f  (node.cpp:775)
V  [jvm.dll+0x66d8b4]  Matcher::find_shared+0x324  (matcher.cpp:2193)
V  [jvm.dll+0x6720b9]  Matcher::match+0x549  (matcher.cpp:327)
V  [jvm.dll+0x25063f]  Compile::Code_Gen+0xbf  (compile.cpp:2918)
V  [jvm.dll+0x24fd91]  Compile::Compile+0xee1  (compile.cpp:885)
V  [jvm.dll+0x1cd6c4]  C2Compiler::compile_method+0xd4  (c2compiler.cpp:123)
V  [jvm.dll+0x25f60c]  CompileBroker::invoke_compiler_on_method+0x78c  (compileBroker.cpp:2310)
V  [jvm.dll+0x25db33]  CompileBroker::compiler_thread_loop+0x393  (compileBroker.cpp:1974)
V  [jvm.dll+0x3ff796]  JavaThread::run+0x116  (javaThread.cpp:702)
V  [jvm.dll+0x86bc68]  Thread::call_run+0xc8  (thread.cpp:231)
V  [jvm.dll+0x6e44bd]  os::win32::thread_native_entry+0x7d  (os_windows.cpp:557)
C  [ucrtbase.dll+0x29333]
C  [KERNEL32.DLL+0x1259d]
C  [ntdll.dll+0x5af38]


siginfo: EXCEPTION_ACCESS_VIOLATION (0xc0000005), reading address 0xffffffffffffffff


Registers:
RAX=0x00000000deaefee0, RBX=0x00007ffddf4e3458, RCX=0x00007ffddeaf4700, RDX=0x000001b6e6a399a0
RSP=0x00000075b4dfcd50, RBP=0x00000075b4dfcdf9, RSI=0x0000000000000000, RDI=0x000001b6e6a399a0
R8 =0x0000000000000002, R9 =0x0000000000000000, R10=0x00007ffe39d80000, R11=0x000001b6e6a40058
R12=0x00000000000000b1, R13=0x0000000000000000, R14=0x0000000000000000, R15=0x00000075b4dfd250
RIP=0x00007ffddeb6d632, EFLAGS=0x0000000000010292

XMM[0]=0x0000000000000000 0x0000000000000000
XMM[1]=0x000001b6e6a39958 0x000001b6e58fb300
XMM[2]=0x000001b6e6a39958 0x000001b6e58fb300
XMM[3]=0x0000000000000000 0x000000003f7fffef
XMM[4]=0x000001b6e6a3ce88 0x000001b6e6a3cee0
XMM[5]=0x000001b6e6a3c3a8 0x000001b6e6a3ba90
XMM[6]=0x0000000000000000 0x0000000000000000
XMM[7]=0x0000000000000000 0x0000000000000000
XMM[8]=0x0000000000000000 0x0000000000000000
XMM[9]=0x0000000000000000 0x0000000000000000
XMM[10]=0x0000000000000000 0x0000000000000000
XMM[11]=0x0000000000000000 0x0000000000000000
XMM[12]=0x0000000000000000 0x0000000000000000
XMM[13]=0x0000000000000000 0x0000000000000000
XMM[14]=0x0000000000000000 0x0000000000000000
XMM[15]=0x0000000000000000 0x0000000000000000
  MXCSR=0x00001fa0


Register to memory mapping:

RAX=0x00000000deaefee0 is an unallocated location in the heap
RBX=0x00007ffddf4e3458 jvm.dll::IfNode::`vftable' + 0x0
RCX=0x00007ffddeaf4700 jvm.dll::jmpConUCF2_shortNode::pinned + 0x0
RDX=0x000001b6e6a399a0 points into unknown readable memory: 0x00007ffddf4e3458 | 58 34 4e df fd 7f 00 00
RSP=0x00000075b4dfcd50 is pointing into the stack for thread: 0x000001b6e5060ee0
RBP=0x00000075b4dfcdf9 is pointing into the stack for thread: 0x000001b6e5060ee0
RSI=0x0 is null
RDI=0x000001b6e6a399a0 points into unknown readable memory: 0x00007ffddf4e3458 | 58 34 4e df fd 7f 00 00
R8 =0x0000000000000002 is an unknown value
R9 =0x0 is null
R10=0x00007ffe39d80000 VCRUNTIME140.dll
R11=0x000001b6e6a40058 points into unknown readable memory: 0x00007ffddf4e3458 | 58 34 4e df fd 7f 00 00
R12=0x00000000000000b1 is an unknown value
R13=0x0 is null
R14=0x0 is null
R15=0x00000075b4dfd250 is pointing into the stack for thread: 0x000001b6e5060ee0

Top of Stack: (sp=0x00000075b4dfcd50)
0x00000075b4dfcd50:   0000000000000003 000001b6e6a399a0
0x00000075b4dfcd60:   0000000000000000 0000000000000000
0x00000075b4dfcd70:   00007ffddf4e3458 00007ffddf19ee1f
0x00000075b4dfcd80:   000001b6e6a399a0 0000000000000000
0x00000075b4dfcd90:   00000075b4dfd250 0000000000000000
0x00000075b4dfcda0:   000001b6e6a399a0 00007ffddf14d8b4
0x00000075b4dfcdb0:   0000000000000003 000000000000007b
0x00000075b4dfcdc0:   0000000000000000 0000000000000000
0x00000075b4dfcdd0:   00000075b4dfce60 00000075b4dfce68
0x00000075b4dfcde0:   000001b6e551cea8 000001b6e551daa8
0x00000075b4dfcdf0:   000001b6e551cd28 000001b69f8f54b0
0x00000075b4dfce00:   0000000000000002 000001b6e551daa8
0x00000075b4dfce10:   00007ffd00000002 000001b69f8f54b0
0x00000075b4dfce20:   000001b6e551ccc0 0000000000000000
0x00000075b4dfce30:   0000000000000000 0000000000000060
0x00000075b4dfce40:   0000000000000004 00000075b4dfd250
0x00000075b4dfce50:   00000075b4dfcee9 00007ffddf1520b9
0x00000075b4dfce60:   00000075b4dfd200 00000075b4dfcee9
0x00000075b4dfce70:   0000000000000010 000001b69f880ed0
0x00000075b4dfce80:   000001b6e551cca8 0000000000000000
0x00000075b4dfce90:   0000000000100000 0000000000000000
0x00000075b4dfcea0:   0000000000000000 0000000000000000
0x00000075b4dfceb0:   0000000000000000 0000000000000000
0x00000075b4dfcec0:   0000000000000000 0000000000000000
0x00000075b4dfced0:   0000000000000000 0000000000000000
0x00000075b4dfcee0:   0000000000000000 0000000000000000
0x00000075b4dfcef0:   00000075b4dfd2f8 0000000000000007
0x00000075b4dfcf00:   0000000000000000 0000000000000000
0x00000075b4dfcf10:   0000051776f31998 00007ffddf14b78e
0x00000075b4dfcf20:   0000000000000000 0000000080000000
0x00000075b4dfcf30:   000001b69f7afd00 0000000000000000
0x00000075b4dfcf40:   00000075b4dfd050 00007ffdded3063f 

Instructions: (pc=0x00007ffddeb6d632)
0x00007ffddeb6d532:   00 00 00 48 89 03 c6 43 3c 00 c7 43 2c 08 00 00
0x00007ffddeb6d542:   00 8b 4d 2c 83 e1 0f 80 f9 09 75 04 83 4b 30 40
0x00007ffddeb6d552:   4c 89 23 0f 28 05 64 92 bb 00 0f 11 43 40 0f 28
0x00007ffddeb6d562:   0d 69 92 bb 00 0f 11 4b 50 0f 28 05 6e 92 bb 00
0x00007ffddeb6d572:   0f 11 43 60 0f 28 0d 73 92 bb 00 0f 11 4b 70 0f
0x00007ffddeb6d582:   28 05 78 92 bb 00 0f 11 83 80 00 00 00 0f 28 0d
0x00007ffddeb6d592:   7a 92 bb 00 0f 11 8b 90 00 00 00 c7 83 a0 00 00
0x00007ffddeb6d5a2:   00 0f 00 00 00 c7 43 2c 08 02 00 00 eb 02 33 db
0x00007ffddeb6d5b2:   8b 77 18 8d 46 01 89 47 18 3b 77 08 72 0a 8b d6
0x00007ffddeb6d5c2:   48 8b cf e8 e6 2e 63 00 48 8b 47 10 48 8b 7c 24
0x00007ffddeb6d5d2:   58 48 89 1c f0 48 8b c5 48 8b 6c 24 48 48 8b 5c
0x00007ffddeb6d5e2:   24 40 48 8b 74 24 50 48 83 c4 20 41 5f 41 5e 41
0x00007ffddeb6d5f2:   5c c3 cc cc cc cc cc cc cc cc cc cc cc cc 48 89
0x00007ffddeb6d602:   5c 24 08 57 48 83 ec 20 48 8b d9 48 8b fa 48 8b
0x00007ffddeb6d612:   49 10 48 85 c9 74 20 8b 43 20 3b 43 24 75 11 8b
0x00007ffddeb6d622:   d0 48 8b cb e8 85 40 63 00 8b 43 20 48 8b 4b 10
0x00007ffddeb6d632:   48 89 3c c1 ff 43 20 48 8b 5c 24 30 48 83 c4 20
0x00007ffddeb6d642:   5f c3 cc cc cc cc cc cc cc cc cc cc cc cc 48 89
0x00007ffddeb6d652:   5c 24 08 57 48 83 ec 20 48 8b 01 48 8b d9 ff 90
0x00007ffddeb6d662:   c8 00 00 00 8d 50 01 48 8b 43 08 48 8b 0c d0 48
0x00007ffddeb6d672:   8b 01 ff 50 28 48 8b 13 48 8b cb 48 8b f8 ff 92
0x00007ffddeb6d682:   c8 00 00 00 83 c0 02 39 43 18 77 0e 48 8b c7 48
0x00007ffddeb6d692:   8b 5c 24 30 48 83 c4 20 5f c3 48 8b 03 48 8b cb
0x00007ffddeb6d6a2:   ff 90 c8 00 00 00 8d 48 02 48 8b 43 08 48 8b 0c
0x00007ffddeb6d6b2:   c8 48 8b 01 ff 50 28 45 33 c0 48 8b cf 48 8b d0
0x00007ffddeb6d6c2:   48 8b 5c 24 30 48 83 c4 20 5f e9 1f 57 7f 00 cc
0x00007ffddeb6d6d2:   cc cc cc cc cc cc cc cc cc cc cc cc cc cc 48 8b
0x00007ffddeb6d6e2:   41 60 c3 cc cc cc cc cc cc cc cc cc cc cc 48 8b
0x00007ffddeb6d6f2:   41 70 c3 cc cc cc cc cc cc cc cc cc cc cc 8b 81
0x00007ffddeb6d702:   a0 00 00 00 c3 cc cc cc cc cc cc cc cc cc 48 89
0x00007ffddeb6d712:   5c 24 08 48 89 74 24 10 57 48 83 ec 20 49 8b f0
0x00007ffddeb6d722:   8b da 48 8b f9 3b 51 08 72 07 8b d3 e8 7d 2d 63 


Stack slot to memory mapping:

stack at sp + 0 slots: 0x0000000000000003 is an unknown value
stack at sp + 1 slots: 0x000001b6e6a399a0 points into unknown readable memory: 0x00007ffddf4e3458 | 58 34 4e df fd 7f 00 00
stack at sp + 2 slots: 0x0 is null
stack at sp + 3 slots: 0x0 is null
stack at sp + 4 slots: 0x00007ffddf4e3458 jvm.dll::IfNode::`vftable' + 0x0
stack at sp + 5 slots: 0x00007ffddf19ee1f jvm.dll::Node::add_req + 0x8f
stack at sp + 6 slots: 0x000001b6e6a399a0 points into unknown readable memory: 0x00007ffddf4e3458 | 58 34 4e df fd 7f 00 00
stack at sp + 7 slots: 0x0 is null


---------------  P R O C E S S  ---------------

Threads class SMR info:
_java_thread_list=0x000001b6e6837c60, length=28, elements={
0x000001b68b2bbd90, 0x000001b69f7d9b60, 0x000001b69f7da6b0, 0x000001b69f7df570,
0x000001b69f7e2330, 0x000001b69f7e2d80, 0x000001b69f7eb910, 0x000001b69f7ee370,
0x000001b69f7eea10, 0x000001b69f89b690, 0x000001b69f9536b0, 0x000001b69f9a2bb0,
0x000001b69f9a3250, 0x000001b6e501dfb0, 0x000001b6e5060ee0, 0x000001b69f99bff0,
0x000001b6e598ae80, 0x000001b6e5be8460, 0x000001b6e5678900, 0x000001b6e5747b10,
0x000001b6e59ab370, 0x000001b6e57b0260, 0x000001b6e674d020, 0x000001b6e52f5f10,
0x000001b6e5dd1da0, 0x000001b6e5dd2400, 0x000001b6e5dd2a60, 0x000001b6e6835640
}

Java Threads: ( => current thread )
  0x000001b68b2bbd90 JavaThread "main"                              [_thread_in_native, id=77104, stack(0x00000075b3800000,0x00000075b3900000) (1024K)]
  0x000001b69f7d9b60 JavaThread "Reference Handler"          daemon [_thread_blocked, id=25360, stack(0x00000075b4000000,0x00000075b4100000) (1024K)]
  0x000001b69f7da6b0 JavaThread "Finalizer"                  daemon [_thread_blocked, id=8364, stack(0x00000075b4100000,0x00000075b4200000) (1024K)]
  0x000001b69f7df570 JavaThread "Signal Dispatcher"          daemon [_thread_blocked, id=78684, stack(0x00000075b4200000,0x00000075b4300000) (1024K)]
  0x000001b69f7e2330 JavaThread "Attach Listener"            daemon [_thread_blocked, id=13316, stack(0x00000075b4300000,0x00000075b4400000) (1024K)]
  0x000001b69f7e2d80 JavaThread "Service Thread"             daemon [_thread_blocked, id=78320, stack(0x00000075b4400000,0x00000075b4500000) (1024K)]
  0x000001b69f7eb910 JavaThread "Monitor Deflation Thread"   daemon [_thread_blocked, id=71080, stack(0x00000075b4500000,0x00000075b4600000) (1024K)]
  0x000001b69f7ee370 JavaThread "C2 CompilerThread0"         daemon [_thread_in_native, id=69692, stack(0x00000075b4600000,0x00000075b4700000) (1024K)]
  0x000001b69f7eea10 JavaThread "C1 CompilerThread0"         daemon [_thread_blocked, id=78008, stack(0x00000075b4700000,0x00000075b4800000) (1024K)]
  0x000001b69f89b690 JavaThread "C1 CompilerThread1"         daemon [_thread_blocked, id=78016, stack(0x00000075b4800000,0x00000075b4900000) (1024K)]
  0x000001b69f9536b0 JavaThread "Common-Cleaner"             daemon [_thread_blocked, id=77848, stack(0x00000075b4900000,0x00000075b4a00000) (1024K)]
  0x000001b69f9a2bb0 JavaThread "C1 CompilerThread2"         daemon [_thread_blocked, id=78004, stack(0x00000075b4a00000,0x00000075b4b00000) (1024K)]
  0x000001b69f9a3250 JavaThread "C1 CompilerThread3"         daemon [_thread_blocked, id=78020, stack(0x00000075b4b00000,0x00000075b4c00000) (1024K)]
  0x000001b6e501dfb0 JavaThread "C2 CompilerThread1"         daemon [_thread_in_native, id=16300, stack(0x00000075b4c00000,0x00000075b4d00000) (1024K)]
=>0x000001b6e5060ee0 JavaThread "C2 CompilerThread2"         daemon [_thread_in_native, id=73196, stack(0x00000075b4d00000,0x00000075b4e00000) (1024K)]
  0x000001b69f99bff0 JavaThread "C2 CompilerThread3"         daemon [_thread_in_native, id=46880, stack(0x00000075b4e00000,0x00000075b4f00000) (1024K)]
  0x000001b6e598ae80 JavaThread "C2 CompilerThread4"         daemon [_thread_in_native, id=43888, stack(0x00000075b4f00000,0x00000075b5000000) (1024K)]
  0x000001b6e5be8460 JavaThread "C2 CompilerThread5"         daemon [_thread_in_native, id=43036, stack(0x00000075b5000000,0x00000075b5100000) (1024K)]
  0x000001b6e5678900 JavaThread "C2 CompilerThread6"         daemon [_thread_in_native, id=77428, stack(0x00000075b5100000,0x00000075b5200000) (1024K)]
  0x000001b6e5747b10 JavaThread "C2 CompilerThread7"         daemon [_thread_in_native, id=78136, stack(0x00000075b5200000,0x00000075b5300000) (1024K)]
  0x000001b6e59ab370 JavaThread "JDWP Transport Listener: dt_socket" daemon [_thread_blocked, id=78012, stack(0x00000075b5300000,0x00000075b5400000) (1024K)]
  0x000001b6e57b0260 JavaThread "JDWP Event Helper Thread"   daemon [_thread_blocked, id=42596, stack(0x00000075b5400000,0x00000075b5500000) (1024K)]
  0x000001b6e674d020 JavaThread "JDWP Command Reader"        daemon [_thread_in_native, id=64604, stack(0x00000075b5500000,0x00000075b5600000) (1024K)]
  0x000001b6e52f5f10 JavaThread "FileSystemWatchService"     daemon [_thread_in_native, id=22956, stack(0x00000075b5600000,0x00000075b5700000) (1024K)]
  0x000001b6e5dd1da0 JavaThread "HotSwap Watcher"            daemon [_thread_blocked, id=73008, stack(0x00000075b5700000,0x00000075b5800000) (1024K)]
  0x000001b6e5dd2400 JavaThread "HotSwap Dispatcher"         daemon [_thread_blocked, id=44336, stack(0x00000075b5800000,0x00000075b5900000) (1024K)]
  0x000001b6e5dd2a60 JavaThread "Thread-2"                   daemon [_thread_blocked, id=66700, stack(0x00000075b5900000,0x00000075b5a00000) (1024K)]
  0x000001b6e6835640 JavaThread "Notification Thread"        daemon [_thread_blocked, id=78612, stack(0x00000075b6400000,0x00000075b6500000) (1024K)]
Total: 28

Other Threads:
  0x000001b69f7b7380 VMThread "VM Thread"                           [id=43880, stack(0x00000075b3f00000,0x00000075b4000000) (1024K)]
  0x000001b68b453a70 WatcherThread "VM Periodic Task Thread"        [id=78472, stack(0x00000075b3e00000,0x00000075b3f00000) (1024K)]
  0x000001b68b2ff6c0 WorkerThread "GC Thread#0"                     [id=65272, stack(0x00000075b3900000,0x00000075b3a00000) (1024K)]
  0x000001b6e60f3250 WorkerThread "GC Thread#1"                     [id=56732, stack(0x00000075b5a00000,0x00000075b5b00000) (1024K)]
  0x000001b6e669e040 WorkerThread "GC Thread#2"                     [id=67564, stack(0x00000075b5b00000,0x00000075b5c00000) (1024K)]
  0x000001b6e60ee5f0 WorkerThread "GC Thread#3"                     [id=71596, stack(0x00000075b5c00000,0x00000075b5d00000) (1024K)]
  0x000001b6e58f1b10 WorkerThread "GC Thread#4"                     [id=77744, stack(0x00000075b5d00000,0x00000075b5e00000) (1024K)]
  0x000001b6e6b8d920 WorkerThread "GC Thread#5"                     [id=45040, stack(0x00000075b5e00000,0x00000075b5f00000) (1024K)]
  0x000001b6e6b8bfc0 WorkerThread "GC Thread#6"                     [id=70312, stack(0x00000075b5f00000,0x00000075b6000000) (1024K)]
  0x000001b6e6b8d580 WorkerThread "GC Thread#7"                     [id=1684, stack(0x00000075b6000000,0x00000075b6100000) (1024K)]
  0x000001b6e6b8c360 WorkerThread "GC Thread#8"                     [id=76200, stack(0x00000075b6100000,0x00000075b6200000) (1024K)]
  0x000001b6e6b8c700 WorkerThread "GC Thread#9"                     [id=77384, stack(0x00000075b6200000,0x00000075b6300000) (1024K)]
  0x000001b6e6b8caa0 WorkerThread "GC Thread#10"                    [id=71912, stack(0x00000075b6300000,0x00000075b6400000) (1024K)]
  0x000001b68b309830 ConcurrentGCThread "G1 Main Marker"            [id=64752, stack(0x00000075b3a00000,0x00000075b3b00000) (1024K)]
  0x000001b68b30a0e0 WorkerThread "G1 Conc#0"                       [id=68596, stack(0x00000075b3b00000,0x00000075b3c00000) (1024K)]
  0x000001b68b4489a0 ConcurrentGCThread "G1 Refine#0"               [id=75020, stack(0x00000075b3c00000,0x00000075b3d00000) (1024K)]
  0x000001b68b4492c0 ConcurrentGCThread "G1 Service"                [id=44008, stack(0x00000075b3d00000,0x00000075b3e00000) (1024K)]
Total: 17

Threads with active compile tasks:
C2 CompilerThread0  1103 1710       4       java.util.regex.Matcher::<init> (95 bytes)
C2 CompilerThread1  1103 1709   !   4       java.util.regex.Pattern::matcher (44 bytes)
C2 CompilerThread2  1103 1698       4       java.util.ArrayList$Itr::next (66 bytes)
C2 CompilerThread3  1103 1722       4       java.lang.String::hashCode (60 bytes)
C2 CompilerThread4  1103 1721       4       java.lang.Class::getName (18 bytes)
C2 CompilerThread5  1103 1717  s!   4       jdk.internal.loader.URLClassPath::getLoader (194 bytes)
C2 CompilerThread6  1103 1731       4       java.lang.StringLatin1::equals (36 bytes)
C2 CompilerThread7  1104 1728 %     4       java.lang.StringLatin1::replace @ 79 (198 bytes)
Total: 8

VM state: not at safepoint (normal execution)

VM Mutex/Monitor currently owned by a thread: None

Heap address: 0x00000000c0000000, size: 1024 MB, Compressed Oops mode: 32-bit

CDS archive(s) mapped at: [0x000001b6a0000000-0x000001b6a0d00000-0x000001b6a0d00000), size 13631488, SharedBaseAddress: 0x000001b6a0000000, ArchiveRelocationMode: 1.
Compressed class space mapped at: 0x000001b6a1000000-0x000001b6e1000000, reserved size: 1073741824
Narrow klass base: 0x000001b6a0000000, Narrow klass shift: 0, Narrow klass range: 0x100000000

GC Precious Log:
 CardTable entry size: 512
 Card Set container configuration: InlinePtr #cards 5 size 8 Array Of Cards #cards 12 size 40 Howl #buckets 4 coarsen threshold 1843 Howl Bitmap #cards 512 size 80 coarsen threshold 460 Card regions per heap region 1 cards per card region 2048
 CPUs: 16 total, 16 available
 Memory: 15611M
 Large Page Support: Disabled
 NUMA Support: Disabled
 Compressed Oops: Enabled (32-bit)
 Heap Region Size: 1M
 Heap Min Capacity: 8M
 Heap Initial Capacity: 244M
 Heap Max Capacity: 1G
 Pre-touch: Disabled
 Parallel Workers: 13
 Concurrent Workers: 3
 Concurrent Refinement Workers: 13
 Periodic GC: Disabled

Heap:
 garbage-first heap   total 249856K, used 31323K [0x00000000c0000000, 0x0000000100000000)
  region size 1024K, 30 young (30720K), 3 survivors (3072K)
 Metaspace       used 6345K, committed 6592K, reserved 1114112K
  class space    used 643K, committed 768K, reserved 1048576K

Heap Regions: E=young(eden), S=young(survivor), O=old, HS=humongous(starts), HC=humongous(continues), CS=collection set, F=free, TAMS=top-at-mark-start, PB=parsable bottom
|   0|0x00000000c0000000, 0x00000000c0100000, 0x00000000c0100000|100%| O|  |TAMS 0x00000000c0000000| PB 0x00000000c0000000| Untracked 
|   1|0x00000000c0100000, 0x00000000c0196c70, 0x00000000c0200000| 58%| O|  |TAMS 0x00000000c0100000| PB 0x00000000c0100000| Untracked 
|   2|0x00000000c0200000, 0x00000000c0200000, 0x00000000c0300000|  0%| F|  |TAMS 0x00000000c0200000| PB 0x00000000c0200000| Untracked 
|   3|0x00000000c0300000, 0x00000000c0300000, 0x00000000c0400000|  0%| F|  |TAMS 0x00000000c0300000| PB 0x00000000c0300000| Untracked 
|   4|0x00000000c0400000, 0x00000000c0400000, 0x00000000c0500000|  0%| F|  |TAMS 0x00000000c0400000| PB 0x00000000c0400000| Untracked 
|   5|0x00000000c0500000, 0x00000000c0500000, 0x00000000c0600000|  0%| F|  |TAMS 0x00000000c0500000| PB 0x00000000c0500000| Untracked 
|   6|0x00000000c0600000, 0x00000000c0600000, 0x00000000c0700000|  0%| F|  |TAMS 0x00000000c0600000| PB 0x00000000c0600000| Untracked 
|   7|0x00000000c0700000, 0x00000000c0700000, 0x00000000c0800000|  0%| F|  |TAMS 0x00000000c0700000| PB 0x00000000c0700000| Untracked 
|   8|0x00000000c0800000, 0x00000000c0800000, 0x00000000c0900000|  0%| F|  |TAMS 0x00000000c0800000| PB 0x00000000c0800000| Untracked 
|   9|0x00000000c0900000, 0x00000000c0900000, 0x00000000c0a00000|  0%| F|  |TAMS 0x00000000c0900000| PB 0x00000000c0900000| Untracked 
|  10|0x00000000c0a00000, 0x00000000c0a00000, 0x00000000c0b00000|  0%| F|  |TAMS 0x00000000c0a00000| PB 0x00000000c0a00000| Untracked 
|  11|0x00000000c0b00000, 0x00000000c0b00000, 0x00000000c0c00000|  0%| F|  |TAMS 0x00000000c0b00000| PB 0x00000000c0b00000| Untracked 
|  12|0x00000000c0c00000, 0x00000000c0c00000, 0x00000000c0d00000|  0%| F|  |TAMS 0x00000000c0c00000| PB 0x00000000c0c00000| Untracked 
|  13|0x00000000c0d00000, 0x00000000c0d00000, 0x00000000c0e00000|  0%| F|  |TAMS 0x00000000c0d00000| PB 0x00000000c0d00000| Untracked 
|  14|0x00000000c0e00000, 0x00000000c0e00000, 0x00000000c0f00000|  0%| F|  |TAMS 0x00000000c0e00000| PB 0x00000000c0e00000| Untracked 
|  15|0x00000000c0f00000, 0x00000000c0f00000, 0x00000000c1000000|  0%| F|  |TAMS 0x00000000c0f00000| PB 0x00000000c0f00000| Untracked 
|  16|0x00000000c1000000, 0x00000000c1000000, 0x00000000c1100000|  0%| F|  |TAMS 0x00000000c1000000| PB 0x00000000c1000000| Untracked 
|  17|0x00000000c1100000, 0x00000000c1100000, 0x00000000c1200000|  0%| F|  |TAMS 0x00000000c1100000| PB 0x00000000c1100000| Untracked 
|  18|0x00000000c1200000, 0x00000000c1200000, 0x00000000c1300000|  0%| F|  |TAMS 0x00000000c1200000| PB 0x00000000c1200000| Untracked 
|  19|0x00000000c1300000, 0x00000000c1300000, 0x00000000c1400000|  0%| F|  |TAMS 0x00000000c1300000| PB 0x00000000c1300000| Untracked 
|  20|0x00000000c1400000, 0x00000000c1400000, 0x00000000c1500000|  0%| F|  |TAMS 0x00000000c1400000| PB 0x00000000c1400000| Untracked 
|  21|0x00000000c1500000, 0x00000000c1500000, 0x00000000c1600000|  0%| F|  |TAMS 0x00000000c1500000| PB 0x00000000c1500000| Untracked 
|  22|0x00000000c1600000, 0x00000000c1600000, 0x00000000c1700000|  0%| F|  |TAMS 0x00000000c1600000| PB 0x00000000c1600000| Untracked 
|  23|0x00000000c1700000, 0x00000000c1700000, 0x00000000c1800000|  0%| F|  |TAMS 0x00000000c1700000| PB 0x00000000c1700000| Untracked 
|  24|0x00000000c1800000, 0x00000000c1800000, 0x00000000c1900000|  0%| F|  |TAMS 0x00000000c1800000| PB 0x00000000c1800000| Untracked 
|  25|0x00000000c1900000, 0x00000000c1900000, 0x00000000c1a00000|  0%| F|  |TAMS 0x00000000c1900000| PB 0x00000000c1900000| Untracked 
|  26|0x00000000c1a00000, 0x00000000c1a00000, 0x00000000c1b00000|  0%| F|  |TAMS 0x00000000c1a00000| PB 0x00000000c1a00000| Untracked 
|  27|0x00000000c1b00000, 0x00000000c1b00000, 0x00000000c1c00000|  0%| F|  |TAMS 0x00000000c1b00000| PB 0x00000000c1b00000| Untracked 
|  28|0x00000000c1c00000, 0x00000000c1c00000, 0x00000000c1d00000|  0%| F|  |TAMS 0x00000000c1c00000| PB 0x00000000c1c00000| Untracked 
|  29|0x00000000c1d00000, 0x00000000c1d00000, 0x00000000c1e00000|  0%| F|  |TAMS 0x00000000c1d00000| PB 0x00000000c1d00000| Untracked 
|  30|0x00000000c1e00000, 0x00000000c1e00000, 0x00000000c1f00000|  0%| F|  |TAMS 0x00000000c1e00000| PB 0x00000000c1e00000| Untracked 
|  31|0x00000000c1f00000, 0x00000000c1f00000, 0x00000000c2000000|  0%| F|  |TAMS 0x00000000c1f00000| PB 0x00000000c1f00000| Untracked 
|  32|0x00000000c2000000, 0x00000000c2000000, 0x00000000c2100000|  0%| F|  |TAMS 0x00000000c2000000| PB 0x00000000c2000000| Untracked 
|  33|0x00000000c2100000, 0x00000000c2100000, 0x00000000c2200000|  0%| F|  |TAMS 0x00000000c2100000| PB 0x00000000c2100000| Untracked 
|  34|0x00000000c2200000, 0x00000000c2200000, 0x00000000c2300000|  0%| F|  |TAMS 0x00000000c2200000| PB 0x00000000c2200000| Untracked 
|  35|0x00000000c2300000, 0x00000000c2300000, 0x00000000c2400000|  0%| F|  |TAMS 0x00000000c2300000| PB 0x00000000c2300000| Untracked 
|  36|0x00000000c2400000, 0x00000000c2400000, 0x00000000c2500000|  0%| F|  |TAMS 0x00000000c2400000| PB 0x00000000c2400000| Untracked 
|  37|0x00000000c2500000, 0x00000000c2500000, 0x00000000c2600000|  0%| F|  |TAMS 0x00000000c2500000| PB 0x00000000c2500000| Untracked 
|  38|0x00000000c2600000, 0x00000000c2600000, 0x00000000c2700000|  0%| F|  |TAMS 0x00000000c2600000| PB 0x00000000c2600000| Untracked 
|  39|0x00000000c2700000, 0x00000000c2700000, 0x00000000c2800000|  0%| F|  |TAMS 0x00000000c2700000| PB 0x00000000c2700000| Untracked 
|  40|0x00000000c2800000, 0x00000000c2800000, 0x00000000c2900000|  0%| F|  |TAMS 0x00000000c2800000| PB 0x00000000c2800000| Untracked 
|  41|0x00000000c2900000, 0x00000000c2900000, 0x00000000c2a00000|  0%| F|  |TAMS 0x00000000c2900000| PB 0x00000000c2900000| Untracked 
|  42|0x00000000c2a00000, 0x00000000c2a00000, 0x00000000c2b00000|  0%| F|  |TAMS 0x00000000c2a00000| PB 0x00000000c2a00000| Untracked 
|  43|0x00000000c2b00000, 0x00000000c2b00000, 0x00000000c2c00000|  0%| F|  |TAMS 0x00000000c2b00000| PB 0x00000000c2b00000| Untracked 
|  44|0x00000000c2c00000, 0x00000000c2c00000, 0x00000000c2d00000|  0%| F|  |TAMS 0x00000000c2c00000| PB 0x00000000c2c00000| Untracked 
|  45|0x00000000c2d00000, 0x00000000c2d00000, 0x00000000c2e00000|  0%| F|  |TAMS 0x00000000c2d00000| PB 0x00000000c2d00000| Untracked 
|  46|0x00000000c2e00000, 0x00000000c2e00000, 0x00000000c2f00000|  0%| F|  |TAMS 0x00000000c2e00000| PB 0x00000000c2e00000| Untracked 
|  47|0x00000000c2f00000, 0x00000000c2f00000, 0x00000000c3000000|  0%| F|  |TAMS 0x00000000c2f00000| PB 0x00000000c2f00000| Untracked 
|  48|0x00000000c3000000, 0x00000000c3000000, 0x00000000c3100000|  0%| F|  |TAMS 0x00000000c3000000| PB 0x00000000c3000000| Untracked 
|  49|0x00000000c3100000, 0x00000000c3100000, 0x00000000c3200000|  0%| F|  |TAMS 0x00000000c3100000| PB 0x00000000c3100000| Untracked 
|  50|0x00000000c3200000, 0x00000000c3200000, 0x00000000c3300000|  0%| F|  |TAMS 0x00000000c3200000| PB 0x00000000c3200000| Untracked 
|  51|0x00000000c3300000, 0x00000000c3300000, 0x00000000c3400000|  0%| F|  |TAMS 0x00000000c3300000| PB 0x00000000c3300000| Untracked 
|  52|0x00000000c3400000, 0x00000000c3400000, 0x00000000c3500000|  0%| F|  |TAMS 0x00000000c3400000| PB 0x00000000c3400000| Untracked 
|  53|0x00000000c3500000, 0x00000000c3500000, 0x00000000c3600000|  0%| F|  |TAMS 0x00000000c3500000| PB 0x00000000c3500000| Untracked 
|  54|0x00000000c3600000, 0x00000000c3600000, 0x00000000c3700000|  0%| F|  |TAMS 0x00000000c3600000| PB 0x00000000c3600000| Untracked 
|  55|0x00000000c3700000, 0x00000000c3700000, 0x00000000c3800000|  0%| F|  |TAMS 0x00000000c3700000| PB 0x00000000c3700000| Untracked 
|  56|0x00000000c3800000, 0x00000000c3800000, 0x00000000c3900000|  0%| F|  |TAMS 0x00000000c3800000| PB 0x00000000c3800000| Untracked 
|  57|0x00000000c3900000, 0x00000000c3900000, 0x00000000c3a00000|  0%| F|  |TAMS 0x00000000c3900000| PB 0x00000000c3900000| Untracked 
|  58|0x00000000c3a00000, 0x00000000c3a00000, 0x00000000c3b00000|  0%| F|  |TAMS 0x00000000c3a00000| PB 0x00000000c3a00000| Untracked 
|  59|0x00000000c3b00000, 0x00000000c3b00000, 0x00000000c3c00000|  0%| F|  |TAMS 0x00000000c3b00000| PB 0x00000000c3b00000| Untracked 
|  60|0x00000000c3c00000, 0x00000000c3c00000, 0x00000000c3d00000|  0%| F|  |TAMS 0x00000000c3c00000| PB 0x00000000c3c00000| Untracked 
|  61|0x00000000c3d00000, 0x00000000c3d00000, 0x00000000c3e00000|  0%| F|  |TAMS 0x00000000c3d00000| PB 0x00000000c3d00000| Untracked 
|  62|0x00000000c3e00000, 0x00000000c3e00000, 0x00000000c3f00000|  0%| F|  |TAMS 0x00000000c3e00000| PB 0x00000000c3e00000| Untracked 
|  63|0x00000000c3f00000, 0x00000000c3f00000, 0x00000000c4000000|  0%| F|  |TAMS 0x00000000c3f00000| PB 0x00000000c3f00000| Untracked 
|  64|0x00000000c4000000, 0x00000000c4000000, 0x00000000c4100000|  0%| F|  |TAMS 0x00000000c4000000| PB 0x00000000c4000000| Untracked 
|  65|0x00000000c4100000, 0x00000000c4100000, 0x00000000c4200000|  0%| F|  |TAMS 0x00000000c4100000| PB 0x00000000c4100000| Untracked 
|  66|0x00000000c4200000, 0x00000000c4200000, 0x00000000c4300000|  0%| F|  |TAMS 0x00000000c4200000| PB 0x00000000c4200000| Untracked 
|  67|0x00000000c4300000, 0x00000000c4300000, 0x00000000c4400000|  0%| F|  |TAMS 0x00000000c4300000| PB 0x00000000c4300000| Untracked 
|  68|0x00000000c4400000, 0x00000000c4400000, 0x00000000c4500000|  0%| F|  |TAMS 0x00000000c4400000| PB 0x00000000c4400000| Untracked 
|  69|0x00000000c4500000, 0x00000000c4500000, 0x00000000c4600000|  0%| F|  |TAMS 0x00000000c4500000| PB 0x00000000c4500000| Untracked 
|  70|0x00000000c4600000, 0x00000000c4600000, 0x00000000c4700000|  0%| F|  |TAMS 0x00000000c4600000| PB 0x00000000c4600000| Untracked 
|  71|0x00000000c4700000, 0x00000000c4700000, 0x00000000c4800000|  0%| F|  |TAMS 0x00000000c4700000| PB 0x00000000c4700000| Untracked 
|  72|0x00000000c4800000, 0x00000000c4800000, 0x00000000c4900000|  0%| F|  |TAMS 0x00000000c4800000| PB 0x00000000c4800000| Untracked 
|  73|0x00000000c4900000, 0x00000000c4900000, 0x00000000c4a00000|  0%| F|  |TAMS 0x00000000c4900000| PB 0x00000000c4900000| Untracked 
|  74|0x00000000c4a00000, 0x00000000c4a00000, 0x00000000c4b00000|  0%| F|  |TAMS 0x00000000c4a00000| PB 0x00000000c4a00000| Untracked 
|  75|0x00000000c4b00000, 0x00000000c4b00000, 0x00000000c4c00000|  0%| F|  |TAMS 0x00000000c4b00000| PB 0x00000000c4b00000| Untracked 
|  76|0x00000000c4c00000, 0x00000000c4c00000, 0x00000000c4d00000|  0%| F|  |TAMS 0x00000000c4c00000| PB 0x00000000c4c00000| Untracked 
|  77|0x00000000c4d00000, 0x00000000c4d00000, 0x00000000c4e00000|  0%| F|  |TAMS 0x00000000c4d00000| PB 0x00000000c4d00000| Untracked 
|  78|0x00000000c4e00000, 0x00000000c4e00000, 0x00000000c4f00000|  0%| F|  |TAMS 0x00000000c4e00000| PB 0x00000000c4e00000| Untracked 
|  79|0x00000000c4f00000, 0x00000000c4f00000, 0x00000000c5000000|  0%| F|  |TAMS 0x00000000c4f00000| PB 0x00000000c4f00000| Untracked 
|  80|0x00000000c5000000, 0x00000000c5000000, 0x00000000c5100000|  0%| F|  |TAMS 0x00000000c5000000| PB 0x00000000c5000000| Untracked 
|  81|0x00000000c5100000, 0x00000000c5100000, 0x00000000c5200000|  0%| F|  |TAMS 0x00000000c5100000| PB 0x00000000c5100000| Untracked 
|  82|0x00000000c5200000, 0x00000000c5200000, 0x00000000c5300000|  0%| F|  |TAMS 0x00000000c5200000| PB 0x00000000c5200000| Untracked 
|  83|0x00000000c5300000, 0x00000000c5300000, 0x00000000c5400000|  0%| F|  |TAMS 0x00000000c5300000| PB 0x00000000c5300000| Untracked 
|  84|0x00000000c5400000, 0x00000000c5400000, 0x00000000c5500000|  0%| F|  |TAMS 0x00000000c5400000| PB 0x00000000c5400000| Untracked 
|  85|0x00000000c5500000, 0x00000000c5500000, 0x00000000c5600000|  0%| F|  |TAMS 0x00000000c5500000| PB 0x00000000c5500000| Untracked 
|  86|0x00000000c5600000, 0x00000000c5600000, 0x00000000c5700000|  0%| F|  |TAMS 0x00000000c5600000| PB 0x00000000c5600000| Untracked 
|  87|0x00000000c5700000, 0x00000000c5700000, 0x00000000c5800000|  0%| F|  |TAMS 0x00000000c5700000| PB 0x00000000c5700000| Untracked 
|  88|0x00000000c5800000, 0x00000000c5800000, 0x00000000c5900000|  0%| F|  |TAMS 0x00000000c5800000| PB 0x00000000c5800000| Untracked 
|  89|0x00000000c5900000, 0x00000000c5900000, 0x00000000c5a00000|  0%| F|  |TAMS 0x00000000c5900000| PB 0x00000000c5900000| Untracked 
|  90|0x00000000c5a00000, 0x00000000c5a00000, 0x00000000c5b00000|  0%| F|  |TAMS 0x00000000c5a00000| PB 0x00000000c5a00000| Untracked 
|  91|0x00000000c5b00000, 0x00000000c5b00000, 0x00000000c5c00000|  0%| F|  |TAMS 0x00000000c5b00000| PB 0x00000000c5b00000| Untracked 
|  92|0x00000000c5c00000, 0x00000000c5c00000, 0x00000000c5d00000|  0%| F|  |TAMS 0x00000000c5c00000| PB 0x00000000c5c00000| Untracked 
|  93|0x00000000c5d00000, 0x00000000c5d00000, 0x00000000c5e00000|  0%| F|  |TAMS 0x00000000c5d00000| PB 0x00000000c5d00000| Untracked 
|  94|0x00000000c5e00000, 0x00000000c5e00000, 0x00000000c5f00000|  0%| F|  |TAMS 0x00000000c5e00000| PB 0x00000000c5e00000| Untracked 
|  95|0x00000000c5f00000, 0x00000000c5f00000, 0x00000000c6000000|  0%| F|  |TAMS 0x00000000c5f00000| PB 0x00000000c5f00000| Untracked 
|  96|0x00000000c6000000, 0x00000000c6000000, 0x00000000c6100000|  0%| F|  |TAMS 0x00000000c6000000| PB 0x00000000c6000000| Untracked 
|  97|0x00000000c6100000, 0x00000000c6100000, 0x00000000c6200000|  0%| F|  |TAMS 0x00000000c6100000| PB 0x00000000c6100000| Untracked 
|  98|0x00000000c6200000, 0x00000000c6200000, 0x00000000c6300000|  0%| F|  |TAMS 0x00000000c6200000| PB 0x00000000c6200000| Untracked 
|  99|0x00000000c6300000, 0x00000000c6300000, 0x00000000c6400000|  0%| F|  |TAMS 0x00000000c6300000| PB 0x00000000c6300000| Untracked 
| 100|0x00000000c6400000, 0x00000000c6400000, 0x00000000c6500000|  0%| F|  |TAMS 0x00000000c6400000| PB 0x00000000c6400000| Untracked 
| 101|0x00000000c6500000, 0x00000000c6500000, 0x00000000c6600000|  0%| F|  |TAMS 0x00000000c6500000| PB 0x00000000c6500000| Untracked 
| 102|0x00000000c6600000, 0x00000000c6600000, 0x00000000c6700000|  0%| F|  |TAMS 0x00000000c6600000| PB 0x00000000c6600000| Untracked 
| 103|0x00000000c6700000, 0x00000000c6700000, 0x00000000c6800000|  0%| F|  |TAMS 0x00000000c6700000| PB 0x00000000c6700000| Untracked 
| 104|0x00000000c6800000, 0x00000000c6800000, 0x00000000c6900000|  0%| F|  |TAMS 0x00000000c6800000| PB 0x00000000c6800000| Untracked 
| 105|0x00000000c6900000, 0x00000000c6900000, 0x00000000c6a00000|  0%| F|  |TAMS 0x00000000c6900000| PB 0x00000000c6900000| Untracked 
| 106|0x00000000c6a00000, 0x00000000c6a00000, 0x00000000c6b00000|  0%| F|  |TAMS 0x00000000c6a00000| PB 0x00000000c6a00000| Untracked 
| 107|0x00000000c6b00000, 0x00000000c6b00000, 0x00000000c6c00000|  0%| F|  |TAMS 0x00000000c6b00000| PB 0x00000000c6b00000| Untracked 
| 108|0x00000000c6c00000, 0x00000000c6c00000, 0x00000000c6d00000|  0%| F|  |TAMS 0x00000000c6c00000| PB 0x00000000c6c00000| Untracked 
| 109|0x00000000c6d00000, 0x00000000c6d00000, 0x00000000c6e00000|  0%| F|  |TAMS 0x00000000c6d00000| PB 0x00000000c6d00000| Untracked 
| 110|0x00000000c6e00000, 0x00000000c6e00000, 0x00000000c6f00000|  0%| F|  |TAMS 0x00000000c6e00000| PB 0x00000000c6e00000| Untracked 
| 111|0x00000000c6f00000, 0x00000000c6f00000, 0x00000000c7000000|  0%| F|  |TAMS 0x00000000c6f00000| PB 0x00000000c6f00000| Untracked 
| 112|0x00000000c7000000, 0x00000000c7000000, 0x00000000c7100000|  0%| F|  |TAMS 0x00000000c7000000| PB 0x00000000c7000000| Untracked 
| 113|0x00000000c7100000, 0x00000000c7100000, 0x00000000c7200000|  0%| F|  |TAMS 0x00000000c7100000| PB 0x00000000c7100000| Untracked 
| 114|0x00000000c7200000, 0x00000000c7200000, 0x00000000c7300000|  0%| F|  |TAMS 0x00000000c7200000| PB 0x00000000c7200000| Untracked 
| 115|0x00000000c7300000, 0x00000000c7300000, 0x00000000c7400000|  0%| F|  |TAMS 0x00000000c7300000| PB 0x00000000c7300000| Untracked 
| 116|0x00000000c7400000, 0x00000000c7400000, 0x00000000c7500000|  0%| F|  |TAMS 0x00000000c7400000| PB 0x00000000c7400000| Untracked 
| 117|0x00000000c7500000, 0x00000000c7500000, 0x00000000c7600000|  0%| F|  |TAMS 0x00000000c7500000| PB 0x00000000c7500000| Untracked 
| 118|0x00000000c7600000, 0x00000000c7600000, 0x00000000c7700000|  0%| F|  |TAMS 0x00000000c7600000| PB 0x00000000c7600000| Untracked 
| 119|0x00000000c7700000, 0x00000000c7700000, 0x00000000c7800000|  0%| F|  |TAMS 0x00000000c7700000| PB 0x00000000c7700000| Untracked 
| 120|0x00000000c7800000, 0x00000000c7800000, 0x00000000c7900000|  0%| F|  |TAMS 0x00000000c7800000| PB 0x00000000c7800000| Untracked 
| 121|0x00000000c7900000, 0x00000000c7900000, 0x00000000c7a00000|  0%| F|  |TAMS 0x00000000c7900000| PB 0x00000000c7900000| Untracked 
| 122|0x00000000c7a00000, 0x00000000c7a00000, 0x00000000c7b00000|  0%| F|  |TAMS 0x00000000c7a00000| PB 0x00000000c7a00000| Untracked 
| 123|0x00000000c7b00000, 0x00000000c7b00000, 0x00000000c7c00000|  0%| F|  |TAMS 0x00000000c7b00000| PB 0x00000000c7b00000| Untracked 
| 124|0x00000000c7c00000, 0x00000000c7c00000, 0x00000000c7d00000|  0%| F|  |TAMS 0x00000000c7c00000| PB 0x00000000c7c00000| Untracked 
| 125|0x00000000c7d00000, 0x00000000c7d00000, 0x00000000c7e00000|  0%| F|  |TAMS 0x00000000c7d00000| PB 0x00000000c7d00000| Untracked 
| 126|0x00000000c7e00000, 0x00000000c7e00000, 0x00000000c7f00000|  0%| F|  |TAMS 0x00000000c7e00000| PB 0x00000000c7e00000| Untracked 
| 127|0x00000000c7f00000, 0x00000000c7f00000, 0x00000000c8000000|  0%| F|  |TAMS 0x00000000c7f00000| PB 0x00000000c7f00000| Untracked 
| 128|0x00000000c8000000, 0x00000000c8000000, 0x00000000c8100000|  0%| F|  |TAMS 0x00000000c8000000| PB 0x00000000c8000000| Untracked 
| 129|0x00000000c8100000, 0x00000000c8100000, 0x00000000c8200000|  0%| F|  |TAMS 0x00000000c8100000| PB 0x00000000c8100000| Untracked 
| 130|0x00000000c8200000, 0x00000000c8200000, 0x00000000c8300000|  0%| F|  |TAMS 0x00000000c8200000| PB 0x00000000c8200000| Untracked 
| 131|0x00000000c8300000, 0x00000000c8300000, 0x00000000c8400000|  0%| F|  |TAMS 0x00000000c8300000| PB 0x00000000c8300000| Untracked 
| 132|0x00000000c8400000, 0x00000000c8400000, 0x00000000c8500000|  0%| F|  |TAMS 0x00000000c8400000| PB 0x00000000c8400000| Untracked 
| 133|0x00000000c8500000, 0x00000000c8500000, 0x00000000c8600000|  0%| F|  |TAMS 0x00000000c8500000| PB 0x00000000c8500000| Untracked 
| 134|0x00000000c8600000, 0x00000000c8600000, 0x00000000c8700000|  0%| F|  |TAMS 0x00000000c8600000| PB 0x00000000c8600000| Untracked 
| 135|0x00000000c8700000, 0x00000000c8700000, 0x00000000c8800000|  0%| F|  |TAMS 0x00000000c8700000| PB 0x00000000c8700000| Untracked 
| 136|0x00000000c8800000, 0x00000000c8800000, 0x00000000c8900000|  0%| F|  |TAMS 0x00000000c8800000| PB 0x00000000c8800000| Untracked 
| 137|0x00000000c8900000, 0x00000000c8900000, 0x00000000c8a00000|  0%| F|  |TAMS 0x00000000c8900000| PB 0x00000000c8900000| Untracked 
| 138|0x00000000c8a00000, 0x00000000c8a00000, 0x00000000c8b00000|  0%| F|  |TAMS 0x00000000c8a00000| PB 0x00000000c8a00000| Untracked 
| 139|0x00000000c8b00000, 0x00000000c8b00000, 0x00000000c8c00000|  0%| F|  |TAMS 0x00000000c8b00000| PB 0x00000000c8b00000| Untracked 
| 140|0x00000000c8c00000, 0x00000000c8c00000, 0x00000000c8d00000|  0%| F|  |TAMS 0x00000000c8c00000| PB 0x00000000c8c00000| Untracked 
| 141|0x00000000c8d00000, 0x00000000c8d00000, 0x00000000c8e00000|  0%| F|  |TAMS 0x00000000c8d00000| PB 0x00000000c8d00000| Untracked 
| 142|0x00000000c8e00000, 0x00000000c8e00000, 0x00000000c8f00000|  0%| F|  |TAMS 0x00000000c8e00000| PB 0x00000000c8e00000| Untracked 
| 143|0x00000000c8f00000, 0x00000000c8f00000, 0x00000000c9000000|  0%| F|  |TAMS 0x00000000c8f00000| PB 0x00000000c8f00000| Untracked 
| 144|0x00000000c9000000, 0x00000000c9000000, 0x00000000c9100000|  0%| F|  |TAMS 0x00000000c9000000| PB 0x00000000c9000000| Untracked 
| 145|0x00000000c9100000, 0x00000000c9100000, 0x00000000c9200000|  0%| F|  |TAMS 0x00000000c9100000| PB 0x00000000c9100000| Untracked 
| 146|0x00000000c9200000, 0x00000000c9200000, 0x00000000c9300000|  0%| F|  |TAMS 0x00000000c9200000| PB 0x00000000c9200000| Untracked 
| 147|0x00000000c9300000, 0x00000000c9300000, 0x00000000c9400000|  0%| F|  |TAMS 0x00000000c9300000| PB 0x00000000c9300000| Untracked 
| 148|0x00000000c9400000, 0x00000000c9400000, 0x00000000c9500000|  0%| F|  |TAMS 0x00000000c9400000| PB 0x00000000c9400000| Untracked 
| 149|0x00000000c9500000, 0x00000000c9500000, 0x00000000c9600000|  0%| F|  |TAMS 0x00000000c9500000| PB 0x00000000c9500000| Untracked 
| 150|0x00000000c9600000, 0x00000000c9600000, 0x00000000c9700000|  0%| F|  |TAMS 0x00000000c9600000| PB 0x00000000c9600000| Untracked 
| 151|0x00000000c9700000, 0x00000000c9700000, 0x00000000c9800000|  0%| F|  |TAMS 0x00000000c9700000| PB 0x00000000c9700000| Untracked 
| 152|0x00000000c9800000, 0x00000000c9800000, 0x00000000c9900000|  0%| F|  |TAMS 0x00000000c9800000| PB 0x00000000c9800000| Untracked 
| 153|0x00000000c9900000, 0x00000000c9900000, 0x00000000c9a00000|  0%| F|  |TAMS 0x00000000c9900000| PB 0x00000000c9900000| Untracked 
| 154|0x00000000c9a00000, 0x00000000c9a00000, 0x00000000c9b00000|  0%| F|  |TAMS 0x00000000c9a00000| PB 0x00000000c9a00000| Untracked 
| 155|0x00000000c9b00000, 0x00000000c9b00000, 0x00000000c9c00000|  0%| F|  |TAMS 0x00000000c9b00000| PB 0x00000000c9b00000| Untracked 
| 156|0x00000000c9c00000, 0x00000000c9c00000, 0x00000000c9d00000|  0%| F|  |TAMS 0x00000000c9c00000| PB 0x00000000c9c00000| Untracked 
| 157|0x00000000c9d00000, 0x00000000c9d00000, 0x00000000c9e00000|  0%| F|  |TAMS 0x00000000c9d00000| PB 0x00000000c9d00000| Untracked 
| 158|0x00000000c9e00000, 0x00000000c9e00000, 0x00000000c9f00000|  0%| F|  |TAMS 0x00000000c9e00000| PB 0x00000000c9e00000| Untracked 
| 159|0x00000000c9f00000, 0x00000000c9f00000, 0x00000000ca000000|  0%| F|  |TAMS 0x00000000c9f00000| PB 0x00000000c9f00000| Untracked 
| 160|0x00000000ca000000, 0x00000000ca000000, 0x00000000ca100000|  0%| F|  |TAMS 0x00000000ca000000| PB 0x00000000ca000000| Untracked 
| 161|0x00000000ca100000, 0x00000000ca100000, 0x00000000ca200000|  0%| F|  |TAMS 0x00000000ca100000| PB 0x00000000ca100000| Untracked 
| 162|0x00000000ca200000, 0x00000000ca200000, 0x00000000ca300000|  0%| F|  |TAMS 0x00000000ca200000| PB 0x00000000ca200000| Untracked 
| 163|0x00000000ca300000, 0x00000000ca300000, 0x00000000ca400000|  0%| F|  |TAMS 0x00000000ca300000| PB 0x00000000ca300000| Untracked 
| 164|0x00000000ca400000, 0x00000000ca400000, 0x00000000ca500000|  0%| F|  |TAMS 0x00000000ca400000| PB 0x00000000ca400000| Untracked 
| 165|0x00000000ca500000, 0x00000000ca500000, 0x00000000ca600000|  0%| F|  |TAMS 0x00000000ca500000| PB 0x00000000ca500000| Untracked 
| 166|0x00000000ca600000, 0x00000000ca600000, 0x00000000ca700000|  0%| F|  |TAMS 0x00000000ca600000| PB 0x00000000ca600000| Untracked 
| 167|0x00000000ca700000, 0x00000000ca700000, 0x00000000ca800000|  0%| F|  |TAMS 0x00000000ca700000| PB 0x00000000ca700000| Untracked 
| 168|0x00000000ca800000, 0x00000000ca800000, 0x00000000ca900000|  0%| F|  |TAMS 0x00000000ca800000| PB 0x00000000ca800000| Untracked 
| 169|0x00000000ca900000, 0x00000000ca900000, 0x00000000caa00000|  0%| F|  |TAMS 0x00000000ca900000| PB 0x00000000ca900000| Untracked 
| 170|0x00000000caa00000, 0x00000000caa00000, 0x00000000cab00000|  0%| F|  |TAMS 0x00000000caa00000| PB 0x00000000caa00000| Untracked 
| 171|0x00000000cab00000, 0x00000000cab00000, 0x00000000cac00000|  0%| F|  |TAMS 0x00000000cab00000| PB 0x00000000cab00000| Untracked 
| 172|0x00000000cac00000, 0x00000000cac00000, 0x00000000cad00000|  0%| F|  |TAMS 0x00000000cac00000| PB 0x00000000cac00000| Untracked 
| 173|0x00000000cad00000, 0x00000000cad00000, 0x00000000cae00000|  0%| F|  |TAMS 0x00000000cad00000| PB 0x00000000cad00000| Untracked 
| 174|0x00000000cae00000, 0x00000000cae00000, 0x00000000caf00000|  0%| F|  |TAMS 0x00000000cae00000| PB 0x00000000cae00000| Untracked 
| 175|0x00000000caf00000, 0x00000000caf00000, 0x00000000cb000000|  0%| F|  |TAMS 0x00000000caf00000| PB 0x00000000caf00000| Untracked 
| 176|0x00000000cb000000, 0x00000000cb000000, 0x00000000cb100000|  0%| F|  |TAMS 0x00000000cb000000| PB 0x00000000cb000000| Untracked 
| 177|0x00000000cb100000, 0x00000000cb100000, 0x00000000cb200000|  0%| F|  |TAMS 0x00000000cb100000| PB 0x00000000cb100000| Untracked 
| 178|0x00000000cb200000, 0x00000000cb200000, 0x00000000cb300000|  0%| F|  |TAMS 0x00000000cb200000| PB 0x00000000cb200000| Untracked 
| 179|0x00000000cb300000, 0x00000000cb300000, 0x00000000cb400000|  0%| F|  |TAMS 0x00000000cb300000| PB 0x00000000cb300000| Untracked 
| 180|0x00000000cb400000, 0x00000000cb400000, 0x00000000cb500000|  0%| F|  |TAMS 0x00000000cb400000| PB 0x00000000cb400000| Untracked 
| 181|0x00000000cb500000, 0x00000000cb500000, 0x00000000cb600000|  0%| F|  |TAMS 0x00000000cb500000| PB 0x00000000cb500000| Untracked 
| 182|0x00000000cb600000, 0x00000000cb600000, 0x00000000cb700000|  0%| F|  |TAMS 0x00000000cb600000| PB 0x00000000cb600000| Untracked 
| 183|0x00000000cb700000, 0x00000000cb700000, 0x00000000cb800000|  0%| F|  |TAMS 0x00000000cb700000| PB 0x00000000cb700000| Untracked 
| 184|0x00000000cb800000, 0x00000000cb800000, 0x00000000cb900000|  0%| F|  |TAMS 0x00000000cb800000| PB 0x00000000cb800000| Untracked 
| 185|0x00000000cb900000, 0x00000000cb900000, 0x00000000cba00000|  0%| F|  |TAMS 0x00000000cb900000| PB 0x00000000cb900000| Untracked 
| 186|0x00000000cba00000, 0x00000000cba00000, 0x00000000cbb00000|  0%| F|  |TAMS 0x00000000cba00000| PB 0x00000000cba00000| Untracked 
| 187|0x00000000cbb00000, 0x00000000cbb00000, 0x00000000cbc00000|  0%| F|  |TAMS 0x00000000cbb00000| PB 0x00000000cbb00000| Untracked 
| 188|0x00000000cbc00000, 0x00000000cbc00000, 0x00000000cbd00000|  0%| F|  |TAMS 0x00000000cbc00000| PB 0x00000000cbc00000| Untracked 
| 189|0x00000000cbd00000, 0x00000000cbd00000, 0x00000000cbe00000|  0%| F|  |TAMS 0x00000000cbd00000| PB 0x00000000cbd00000| Untracked 
| 190|0x00000000cbe00000, 0x00000000cbe00000, 0x00000000cbf00000|  0%| F|  |TAMS 0x00000000cbe00000| PB 0x00000000cbe00000| Untracked 
| 191|0x00000000cbf00000, 0x00000000cbf00000, 0x00000000cc000000|  0%| F|  |TAMS 0x00000000cbf00000| PB 0x00000000cbf00000| Untracked 
| 192|0x00000000cc000000, 0x00000000cc000000, 0x00000000cc100000|  0%| F|  |TAMS 0x00000000cc000000| PB 0x00000000cc000000| Untracked 
| 193|0x00000000cc100000, 0x00000000cc100000, 0x00000000cc200000|  0%| F|  |TAMS 0x00000000cc100000| PB 0x00000000cc100000| Untracked 
| 194|0x00000000cc200000, 0x00000000cc200000, 0x00000000cc300000|  0%| F|  |TAMS 0x00000000cc200000| PB 0x00000000cc200000| Untracked 
| 195|0x00000000cc300000, 0x00000000cc300000, 0x00000000cc400000|  0%| F|  |TAMS 0x00000000cc300000| PB 0x00000000cc300000| Untracked 
| 196|0x00000000cc400000, 0x00000000cc400000, 0x00000000cc500000|  0%| F|  |TAMS 0x00000000cc400000| PB 0x00000000cc400000| Untracked 
| 197|0x00000000cc500000, 0x00000000cc500000, 0x00000000cc600000|  0%| F|  |TAMS 0x00000000cc500000| PB 0x00000000cc500000| Untracked 
| 198|0x00000000cc600000, 0x00000000cc600000, 0x00000000cc700000|  0%| F|  |TAMS 0x00000000cc600000| PB 0x00000000cc600000| Untracked 
| 199|0x00000000cc700000, 0x00000000cc700000, 0x00000000cc800000|  0%| F|  |TAMS 0x00000000cc700000| PB 0x00000000cc700000| Untracked 
| 200|0x00000000cc800000, 0x00000000cc800000, 0x00000000cc900000|  0%| F|  |TAMS 0x00000000cc800000| PB 0x00000000cc800000| Untracked 
| 201|0x00000000cc900000, 0x00000000cc900000, 0x00000000cca00000|  0%| F|  |TAMS 0x00000000cc900000| PB 0x00000000cc900000| Untracked 
| 202|0x00000000cca00000, 0x00000000cca00000, 0x00000000ccb00000|  0%| F|  |TAMS 0x00000000cca00000| PB 0x00000000cca00000| Untracked 
| 203|0x00000000ccb00000, 0x00000000ccb00000, 0x00000000ccc00000|  0%| F|  |TAMS 0x00000000ccb00000| PB 0x00000000ccb00000| Untracked 
| 204|0x00000000ccc00000, 0x00000000ccc00000, 0x00000000ccd00000|  0%| F|  |TAMS 0x00000000ccc00000| PB 0x00000000ccc00000| Untracked 
| 205|0x00000000ccd00000, 0x00000000ccd00000, 0x00000000cce00000|  0%| F|  |TAMS 0x00000000ccd00000| PB 0x00000000ccd00000| Untracked 
| 206|0x00000000cce00000, 0x00000000cce00000, 0x00000000ccf00000|  0%| F|  |TAMS 0x00000000cce00000| PB 0x00000000cce00000| Untracked 
| 207|0x00000000ccf00000, 0x00000000ccf00000, 0x00000000cd000000|  0%| F|  |TAMS 0x00000000ccf00000| PB 0x00000000ccf00000| Untracked 
| 208|0x00000000cd000000, 0x00000000cd000000, 0x00000000cd100000|  0%| F|  |TAMS 0x00000000cd000000| PB 0x00000000cd000000| Untracked 
| 209|0x00000000cd100000, 0x00000000cd100000, 0x00000000cd200000|  0%| F|  |TAMS 0x00000000cd100000| PB 0x00000000cd100000| Untracked 
| 210|0x00000000cd200000, 0x00000000cd200000, 0x00000000cd300000|  0%| F|  |TAMS 0x00000000cd200000| PB 0x00000000cd200000| Untracked 
| 211|0x00000000cd300000, 0x00000000cd300000, 0x00000000cd400000|  0%| F|  |TAMS 0x00000000cd300000| PB 0x00000000cd300000| Untracked 
| 212|0x00000000cd400000, 0x00000000cd400000, 0x00000000cd500000|  0%| F|  |TAMS 0x00000000cd400000| PB 0x00000000cd400000| Untracked 
| 213|0x00000000cd500000, 0x00000000cd500000, 0x00000000cd600000|  0%| F|  |TAMS 0x00000000cd500000| PB 0x00000000cd500000| Untracked 
| 214|0x00000000cd600000, 0x00000000cd6d5e00, 0x00000000cd700000| 83%| E|  |TAMS 0x00000000cd600000| PB 0x00000000cd600000| Complete 
| 215|0x00000000cd700000, 0x00000000cd800000, 0x00000000cd800000|100%| E|CS|TAMS 0x00000000cd700000| PB 0x00000000cd700000| Complete 
| 216|0x00000000cd800000, 0x00000000cd900000, 0x00000000cd900000|100%| E|CS|TAMS 0x00000000cd800000| PB 0x00000000cd800000| Complete 
| 217|0x00000000cd900000, 0x00000000cda00000, 0x00000000cda00000|100%| E|CS|TAMS 0x00000000cd900000| PB 0x00000000cd900000| Complete 
| 218|0x00000000cda00000, 0x00000000cdb00000, 0x00000000cdb00000|100%| S|CS|TAMS 0x00000000cda00000| PB 0x00000000cda00000| Complete 
| 219|0x00000000cdb00000, 0x00000000cdc00000, 0x00000000cdc00000|100%| S|CS|TAMS 0x00000000cdb00000| PB 0x00000000cdb00000| Complete 
| 220|0x00000000cdc00000, 0x00000000cdd00000, 0x00000000cdd00000|100%| S|CS|TAMS 0x00000000cdc00000| PB 0x00000000cdc00000| Complete 
| 221|0x00000000cdd00000, 0x00000000cde00000, 0x00000000cde00000|100%| E|CS|TAMS 0x00000000cdd00000| PB 0x00000000cdd00000| Complete 
| 222|0x00000000cde00000, 0x00000000cdf00000, 0x00000000cdf00000|100%| E|CS|TAMS 0x00000000cde00000| PB 0x00000000cde00000| Complete 
| 223|0x00000000cdf00000, 0x00000000ce000000, 0x00000000ce000000|100%| E|CS|TAMS 0x00000000cdf00000| PB 0x00000000cdf00000| Complete 
| 224|0x00000000ce000000, 0x00000000ce100000, 0x00000000ce100000|100%| E|CS|TAMS 0x00000000ce000000| PB 0x00000000ce000000| Complete 
| 225|0x00000000ce100000, 0x00000000ce200000, 0x00000000ce200000|100%| E|CS|TAMS 0x00000000ce100000| PB 0x00000000ce100000| Complete 
| 226|0x00000000ce200000, 0x00000000ce300000, 0x00000000ce300000|100%| E|CS|TAMS 0x00000000ce200000| PB 0x00000000ce200000| Complete 
| 227|0x00000000ce300000, 0x00000000ce400000, 0x00000000ce400000|100%| E|CS|TAMS 0x00000000ce300000| PB 0x00000000ce300000| Complete 
| 228|0x00000000ce400000, 0x00000000ce500000, 0x00000000ce500000|100%| E|CS|TAMS 0x00000000ce400000| PB 0x00000000ce400000| Complete 
| 229|0x00000000ce500000, 0x00000000ce600000, 0x00000000ce600000|100%| E|CS|TAMS 0x00000000ce500000| PB 0x00000000ce500000| Complete 
| 230|0x00000000ce600000, 0x00000000ce700000, 0x00000000ce700000|100%| E|CS|TAMS 0x00000000ce600000| PB 0x00000000ce600000| Complete 
| 231|0x00000000ce700000, 0x00000000ce800000, 0x00000000ce800000|100%| E|CS|TAMS 0x00000000ce700000| PB 0x00000000ce700000| Complete 
| 232|0x00000000ce800000, 0x00000000ce900000, 0x00000000ce900000|100%| E|CS|TAMS 0x00000000ce800000| PB 0x00000000ce800000| Complete 
| 233|0x00000000ce900000, 0x00000000cea00000, 0x00000000cea00000|100%| E|CS|TAMS 0x00000000ce900000| PB 0x00000000ce900000| Complete 
| 234|0x00000000cea00000, 0x00000000ceb00000, 0x00000000ceb00000|100%| E|CS|TAMS 0x00000000cea00000| PB 0x00000000cea00000| Complete 
| 235|0x00000000ceb00000, 0x00000000cec00000, 0x00000000cec00000|100%| E|CS|TAMS 0x00000000ceb00000| PB 0x00000000ceb00000| Complete 
| 236|0x00000000cec00000, 0x00000000ced00000, 0x00000000ced00000|100%| E|CS|TAMS 0x00000000cec00000| PB 0x00000000cec00000| Complete 
| 237|0x00000000ced00000, 0x00000000cee00000, 0x00000000cee00000|100%| E|CS|TAMS 0x00000000ced00000| PB 0x00000000ced00000| Complete 
| 238|0x00000000cee00000, 0x00000000cef00000, 0x00000000cef00000|100%| E|CS|TAMS 0x00000000cee00000| PB 0x00000000cee00000| Complete 
| 239|0x00000000cef00000, 0x00000000cf000000, 0x00000000cf000000|100%| E|CS|TAMS 0x00000000cef00000| PB 0x00000000cef00000| Complete 
| 240|0x00000000cf000000, 0x00000000cf100000, 0x00000000cf100000|100%| E|CS|TAMS 0x00000000cf000000| PB 0x00000000cf000000| Complete 
| 241|0x00000000cf100000, 0x00000000cf200000, 0x00000000cf200000|100%| E|CS|TAMS 0x00000000cf100000| PB 0x00000000cf100000| Complete 
| 242|0x00000000cf200000, 0x00000000cf300000, 0x00000000cf300000|100%| E|CS|TAMS 0x00000000cf200000| PB 0x00000000cf200000| Complete 
| 243|0x00000000cf300000, 0x00000000cf400000, 0x00000000cf400000|100%| E|CS|TAMS 0x00000000cf300000| PB 0x00000000cf300000| Complete 

Card table byte_map: [0x000001b69b640000,0x000001b69b840000] _byte_map_base: 0x000001b69b040000

Marking Bits: (CMBitMap*) 0x000001b68b300b80
 Bits: [0x000001b69b840000, 0x000001b69c840000)

Polling page: 0x000001b685310000

Metaspace:

Usage:
  Non-class:      5.57 MB used.
      Class:    643.10 KB used.
       Both:      6.20 MB used.

Virtual space:
  Non-class space:       64.00 MB reserved,       5.69 MB (  9%) committed,  1 nodes.
      Class space:        1.00 GB reserved,     768.00 KB ( <1%) committed,  1 nodes.
             Both:        1.06 GB reserved,       6.44 MB ( <1%) committed. 

Chunk freelists:
   Non-Class:  9.93 MB
       Class:  15.16 MB
        Both:  25.09 MB

MaxMetaspaceSize: unlimited
CompressedClassSpaceSize: 1.00 GB
Initial GC threshold: 21.00 MB
Current GC threshold: 21.00 MB
CDS: on
 - commit_granule_bytes: 65536.
 - commit_granule_words: 8192.
 - virtual_space_node_default_size: 8388608.
 - enlarge_chunks_in_place: 1.
 - use_allocation_guard: 0.


Internal statistics:

num_allocs_failed_limit: 0.
num_arena_births: 126.
num_arena_deaths: 0.
num_vsnodes_births: 2.
num_vsnodes_deaths: 0.
num_space_committed: 103.
num_space_uncommitted: 0.
num_chunks_returned_to_freelist: 0.
num_chunks_taken_from_freelist: 251.
num_chunk_merges: 0.
num_chunk_splits: 163.
num_chunks_enlarged: 108.
num_inconsistent_stats: 0.

CodeHeap 'non-profiled nmethods': size=119168Kb used=1019Kb max_used=1019Kb free=118148Kb
 bounds [0x000001b693010000, 0x000001b693280000, 0x000001b69a470000]
CodeHeap 'profiled nmethods': size=119104Kb used=5053Kb max_used=5053Kb free=114050Kb
 bounds [0x000001b68b470000, 0x000001b68b960000, 0x000001b6928c0000]
CodeHeap 'non-nmethods': size=7488Kb used=3123Kb max_used=3168Kb free=4364Kb
 bounds [0x000001b6928c0000, 0x000001b692be0000, 0x000001b693010000]
 total_blobs=2717 nmethods=2243 adapters=376
 compilation: enabled
              stopped_count=0, restarted_count=0
 full_count=0

Compilation events (20 events):
Event: 0.836 Thread 0x000001b69f89b690 1720       3       java.lang.Boolean::parseBoolean (7 bytes)
Event: 0.836 Thread 0x000001b69f89b690 nmethod 1720 0x000001b68b82d590 code [0x000001b68b82d740, 0x000001b68b82d870]
Event: 0.836 Thread 0x000001b6e598ae80 1721       4       java.lang.Class::getName (18 bytes)
Event: 0.837 Thread 0x000001b69f99bff0 1722       4       java.lang.String::hashCode (60 bytes)
Event: 0.837 Thread 0x000001b69f9a3250 1723       3       java.lang.StringConcatHelper::newArray (40 bytes)
Event: 0.837 Thread 0x000001b6e5747b10 1724       4       java.lang.String::isLatin1 (19 bytes)
Event: 0.837 Thread 0x000001b69f89b690 1725       3       java.lang.System::checkKey (34 bytes)
Event: 0.837 Thread 0x000001b69f9a2bb0 1727       3       java.lang.String::equalsIgnoreCase (45 bytes)
Event: 0.837 Thread 0x000001b69f9a3250 nmethod 1723 0x000001b68b82d990 code [0x000001b68b82db60, 0x000001b68b82dea8]
Event: 0.837 Thread 0x000001b69f9a3250 1726       3       java.util.Properties::getProperty (50 bytes)
Event: 0.837 Thread 0x000001b6e5747b10 

Event: 0.837 Thread 0x000001b6e5747b10 1728 %     4       java.lang.StringLatin1::replace @ 79 (198 bytes)
Event: 0.837 Thread 0x000001b69f89b690 nmethod 1725 0x000001b68b82e090 code [0x000001b68b82e280, 0x000001b68b82e648]
Event: 0.837 Thread 0x000001b69f89b690 1729       3       java.util.Properties::getProperty (16 bytes)
Event: 0.837 Thread 0x000001b69f89b690 nmethod 1729 0x000001b68b82e990 code [0x000001b68b82eb40, 0x000001b68b82ed70]
Event: 0.837 Thread 0x000001b69f9a3250 nmethod 1726 0x000001b68b82ee90 code [0x000001b68b82f060, 0x000001b68b82f550]
Event: 0.837 Thread 0x000001b69f89b690 1733       3       java.lang.StringLatin1::canEncode (13 bytes)
Event: 0.837 Thread 0x000001b69f9a3250 1730       3       com.intellij.rt.debugger.agent.CaptureAgent::getInternalClsName (5 bytes)
Event: 0.837 Thread 0x000001b69f9a2bb0 nmethod 1727 0x000001b68b82f810 code [0x000001b68b82fa00, 0x000001b68b82ff48]
Event: 0.837 Thread 0x000001b69f89b690 nmethod 1733 0x000001b68b830390 code [0x000001b68b830520, 0x000001b68b830660]

GC Heap History (2 events):
Event: 0.507 GC heap before
{Heap before GC invocations=0 (full 0):
 garbage-first heap   total 249856K, used 22528K [0x00000000c0000000, 0x0000000100000000)
  region size 1024K, 23 young (23552K), 0 survivors (0K)
 Metaspace       used 2747K, committed 2880K, reserved 1114112K
  class space    used 262K, committed 320K, reserved 1048576K
}
Event: 0.512 GC heap after
{Heap after GC invocations=1 (full 0):
 garbage-first heap   total 249856K, used 4699K [0x00000000c0000000, 0x0000000100000000)
  region size 1024K, 3 young (3072K), 3 survivors (3072K)
 Metaspace       used 2747K, committed 2880K, reserved 1114112K
  class space    used 262K, committed 320K, reserved 1048576K
}

Dll operation events (3 events):
Event: 0.027 Loaded shared library C:\Users\messi\.jdks\jbr-21.0.6\bin\java.dll
Event: 0.029 Loaded shared library C:\Users\messi\.jdks\jbr-21.0.6\bin\zip.dll
Event: 0.059 Loaded shared library C:\Users\messi\.jdks\jbr-21.0.6\bin\jsvml.dll

Deoptimization events (20 events):
Event: 0.768 Thread 0x000001b68b2bbd90 Uncommon trap: trap_request=0xffffff45 fr.pc=0x000001b6930e8e88 relative=0x0000000000000068
Event: 0.768 Thread 0x000001b68b2bbd90 Uncommon trap: reason=unstable_if action=reinterpret pc=0x000001b6930e8e88 method=java.util.jar.JarFile.checkForSpecialAttributes()V @ 4 c2
Event: 0.768 Thread 0x000001b68b2bbd90 DEOPT PACKING pc=0x000001b6930e8e88 sp=0x00000075b38fcac0
Event: 0.768 Thread 0x000001b68b2bbd90 DEOPT UNPACKING pc=0x000001b6929146a2 sp=0x00000075b38fca28 mode 2
Event: 0.769 Thread 0x000001b68b2bbd90 Uncommon trap: trap_request=0xffffff45 fr.pc=0x000001b6930e6ae4 relative=0x00000000000004a4
Event: 0.769 Thread 0x000001b68b2bbd90 Uncommon trap: reason=unstable_if action=reinterpret pc=0x000001b6930e6ae4 method=java.lang.StringLatin1.indexOf([BI[BII)I @ 91 c2
Event: 0.769 Thread 0x000001b68b2bbd90 DEOPT PACKING pc=0x000001b6930e6ae4 sp=0x00000075b38fcc60
Event: 0.769 Thread 0x000001b68b2bbd90 DEOPT UNPACKING pc=0x000001b6929146a2 sp=0x00000075b38fcbd0 mode 2
Event: 0.769 Thread 0x000001b68b2bbd90 Uncommon trap: trap_request=0xffffff6e fr.pc=0x000001b6930a0c98 relative=0x0000000000000938
Event: 0.769 Thread 0x000001b68b2bbd90 Uncommon trap: reason=loop_limit_check action=maybe_recompile pc=0x000001b6930a0c98 method=java.util.regex.Pattern$Start.match(Ljava/util/regex/Matcher;ILjava/lang/CharSequence;)Z @ 34 c2
Event: 0.769 Thread 0x000001b68b2bbd90 DEOPT PACKING pc=0x000001b6930a0c98 sp=0x00000075b38fcc20
Event: 0.769 Thread 0x000001b68b2bbd90 DEOPT UNPACKING pc=0x000001b6929146a2 sp=0x00000075b38fcb80 mode 2
Event: 0.769 Thread 0x000001b68b2bbd90 Uncommon trap: trap_request=0xffffff45 fr.pc=0x000001b693091914 relative=0x00000000000000f4
Event: 0.769 Thread 0x000001b68b2bbd90 Uncommon trap: reason=unstable_if action=reinterpret pc=0x000001b693091914 method=java.util.HashMap.hash(Ljava/lang/Object;)I @ 1 c2
Event: 0.769 Thread 0x000001b68b2bbd90 DEOPT PACKING pc=0x000001b693091914 sp=0x00000075b38fcfd0
Event: 0.769 Thread 0x000001b68b2bbd90 DEOPT UNPACKING pc=0x000001b6929146a2 sp=0x00000075b38fcf20 mode 2
Event: 0.770 Thread 0x000001b68b2bbd90 Uncommon trap: trap_request=0xffffff45 fr.pc=0x000001b6930d04cc relative=0x00000000000003ec
Event: 0.770 Thread 0x000001b68b2bbd90 Uncommon trap: reason=unstable_if action=reinterpret pc=0x000001b6930d04cc method=java.util.HashMap.hash(Ljava/lang/Object;)I @ 1 c2
Event: 0.770 Thread 0x000001b68b2bbd90 DEOPT PACKING pc=0x000001b6930d04cc sp=0x00000075b38fcd30
Event: 0.770 Thread 0x000001b68b2bbd90 DEOPT UNPACKING pc=0x000001b6929146a2 sp=0x00000075b38fcc08 mode 2

Classes loaded (20 events):
Event: 0.806 Loading class org/jetbrains/capture/org/objectweb/asm/Opcodes done
Event: 0.807 Loading class com/intellij/rt/debugger/agent/ThrowableTransformer$1$2
Event: 0.807 Loading class com/intellij/rt/debugger/agent/ThrowableTransformer$1$2 done
Event: 0.807 Loading class org/jetbrains/capture/org/objectweb/asm/Handler
Event: 0.807 Loading class org/jetbrains/capture/org/objectweb/asm/Handler done
Event: 0.809 Loading class org/jetbrains/capture/org/objectweb/asm/AnnotationWriter
Event: 0.809 Loading class org/jetbrains/capture/org/objectweb/asm/AnnotationVisitor
Event: 0.809 Loading class org/jetbrains/capture/org/objectweb/asm/AnnotationVisitor done
Event: 0.809 Loading class org/jetbrains/capture/org/objectweb/asm/AnnotationWriter done
Event: 0.809 Loading class com/intellij/rt/debugger/agent/CaptureStorage$ConcurrentIdentityWeakHashMap
Event: 0.809 Loading class com/intellij/rt/debugger/agent/CaptureStorage$ConcurrentIdentityWeakHashMap done
Event: 0.809 Loading class com/intellij/rt/debugger/agent/CaptureStorage$1
Event: 0.809 Loading class com/intellij/rt/debugger/agent/CaptureStorage$1 done
Event: 0.810 Loading class com/intellij/rt/debugger/agent/CaptureStorage$2
Event: 0.810 Loading class com/intellij/rt/debugger/agent/CaptureStorage$2 done
Event: 0.810 Loading class java/lang/ClassFormatError
Event: 0.810 Loading class java/lang/ClassFormatError done
Event: 0.810 Loading class org/hotswap/agent/javassist/compiler/CompileError
Event: 0.810 Loading class org/hotswap/agent/javassist/compiler/CompileError done
Event: 0.837 Loading class com/intellij/rt/debugger/agent/CaptureAgent$CaptureTransformer

Classes unloaded (0 events):
No events

Classes redefined (20 events):
Event: 0.814 Thread 0x000001b69f7b7380 redefined class name=java.lang.IllegalArgumentException, count=1
Event: 0.814 Thread 0x000001b69f7b7380 redefined class name=java.nio.file.InvalidPathException, count=1
Event: 0.814 Thread 0x000001b69f7b7380 redefined class name=java.lang.NullPointerException, count=1
Event: 0.814 Thread 0x000001b69f7b7380 redefined class name=java.lang.BootstrapMethodError, count=1
Event: 0.814 Thread 0x000001b69f7b7380 redefined class name=java.lang.IllegalMonitorStateException, count=1
Event: 0.814 Thread 0x000001b69f7b7380 redefined class name=java.lang.NumberFormatException, count=1
Event: 0.814 Thread 0x000001b69f7b7380 redefined class name=java.lang.ArithmeticException, count=1
Event: 0.814 Thread 0x000001b69f7b7380 redefined class name=java.lang.NoSuchFieldException, count=1
Event: 0.814 Thread 0x000001b69f7b7380 redefined class name=java.lang.VirtualMachineError, count=1
Event: 0.814 Thread 0x000001b69f7b7380 redefined class name=java.lang.StackOverflowError, count=1
Event: 0.814 Thread 0x000001b69f7b7380 redefined class name=java.lang.ClassCastException, count=1
Event: 0.814 Thread 0x000001b69f7b7380 redefined class name=java.lang.IllegalAccessException, count=1
Event: 0.814 Thread 0x000001b69f7b7380 redefined class name=java.nio.file.FileSystemException, count=1
Event: 0.814 Thread 0x000001b69f7b7380 redefined class name=java.nio.file.NoSuchFileException, count=1
Event: 0.814 Thread 0x000001b69f7b7380 redefined class name=java.lang.IllegalAccessError, count=1
Event: 0.814 Thread 0x000001b69f7b7380 redefined class name=java.lang.ArrayStoreException, count=1
Event: 0.814 Thread 0x000001b69f7b7380 redefined class name=java.lang.InternalError, count=1
Event: 0.814 Thread 0x000001b69f7b7380 redefined class name=java.lang.OutOfMemoryError, count=1
Event: 0.814 Thread 0x000001b69f7b7380 redefined class name=org.hotswap.agent.javassist.compiler.CompileError, count=1
Event: 0.814 Thread 0x000001b69f7b7380 redefined class name=java.lang.ClassFormatError, count=1

Internal exceptions (20 events):
Event: 0.152 Thread 0x000001b68b2bbd90 Exception <a 'java/lang/NoSuchMethodError'{0x00000000cee17870}: 'void java.lang.invoke.DirectMethodHandle$Holder.invokeVirtual(java.lang.Object, java.lang.Object)'> (0x00000000cee17870) 
thrown [s\src\hotspot\share\interpreter\linkResolver.cpp, line 784]
Event: 0.154 Thread 0x000001b68b2bbd90 Exception <a 'java/lang/NoSuchMethodError'{0x00000000cee225a8}: 'java.lang.Object java.lang.invoke.DirectMethodHandle$Holder.invokeInterface(java.lang.Object, java.lang.Object, java.lang.Object)'> (0x00000000cee225a8) 
thrown [s\src\hotspot\share\interpreter\linkResolver.cpp, line 784]
Event: 0.188 Thread 0x000001b68b2bbd90 Exception <a 'java/lang/NoSuchMethodError'{0x00000000cec0a9b8}: 'void java.lang.invoke.DirectMethodHandle$Holder.invokeSpecial(java.lang.Object, java.lang.Object, java.lang.Object)'> (0x00000000cec0a9b8) 
thrown [s\src\hotspot\share\interpreter\linkResolver.cpp, line 784]
Event: 0.235 Thread 0x000001b68b2bbd90 Exception <a 'java/lang/NoSuchMethodError'{0x00000000ce76b748}: 'void java.lang.invoke.DirectMethodHandle$Holder.invokeSpecial(java.lang.Object, java.lang.Object, java.lang.Object, java.lang.Object, java.lang.Object)'> (0x00000000ce76b748) 
thrown [s\src\hotspot\share\interpreter\linkResolver.cpp, line 784]
Event: 0.242 Thread 0x000001b68b2bbd90 Exception <a 'java/lang/NoSuchMethodError'{0x00000000ce780818}: 'java.lang.Object java.lang.invoke.DirectMethodHandle$Holder.invokeInterface(java.lang.Object, java.lang.Object)'> (0x00000000ce780818) 
thrown [s\src\hotspot\share\interpreter\linkResolver.cpp, line 784]
Event: 0.243 Thread 0x000001b68b2bbd90 Exception <a 'java/lang/IncompatibleClassChangeError'{0x00000000ce783aa0}: Found class java.lang.Object, but interface was expected> (0x00000000ce783aa0) 
thrown [s\src\hotspot\share\interpreter\linkResolver.cpp, line 851]
Event: 0.244 Thread 0x000001b68b2bbd90 Exception <a 'java/lang/NoSuchMethodError'{0x00000000ce786490}: 'void java.lang.invoke.DirectMethodHandle$Holder.invokeStatic(java.lang.Object, java.lang.Object, java.lang.Object, java.lang.Object)'> (0x00000000ce786490) 
thrown [s\src\hotspot\share\interpreter\linkResolver.cpp, line 784]
Event: 0.382 Thread 0x000001b68b2bbd90 Exception <a 'java/lang/NoSuchMethodError'{0x00000000ce3a7e38}: 'void java.lang.invoke.DirectMethodHandle$Holder.invokeStatic(java.lang.Object, java.lang.Object, java.lang.Object)'> (0x00000000ce3a7e38) 
thrown [s\src\hotspot\share\interpreter\linkResolver.cpp, line 784]
Event: 0.385 Thread 0x000001b68b2bbd90 Exception <a 'java/lang/NoSuchMethodError'{0x00000000ce3bdf00}: 'java.lang.Object java.lang.invoke.Invokers$Holder.invokeExact_MT(java.lang.Object, java.lang.Object, java.lang.Object, java.lang.Object, java.lang.Object)'> (0x00000000ce3bdf00) 
thrown [s\src\hotspot\share\interpreter\linkResolver.cpp, line 784]
Event: 0.394 Thread 0x000001b68b2bbd90 Exception <a 'sun/nio/fs/WindowsException'{0x00000000ce289480}> (0x00000000ce289480) 
thrown [s\src\hotspot\share\prims\jni.cpp, line 535]
Event: 0.429 Thread 0x000001b68b2bbd90 Exception <a 'sun/nio/fs/WindowsException'{0x00000000ce088208}> (0x00000000ce088208) 
thrown [s\src\hotspot\share\prims\jni.cpp, line 535]
Event: 0.435 Thread 0x000001b68b2bbd90 Exception <a 'sun/nio/fs/WindowsException'{0x00000000ce0a1800}> (0x00000000ce0a1800) 
thrown [s\src\hotspot\share\prims\jni.cpp, line 535]
Event: 0.608 Thread 0x000001b68b2bbd90 Exception <a 'java/lang/NoSuchMethodError'{0x00000000ceb529f8}: 'java.lang.Object java.lang.invoke.DirectMethodHandle$Holder.newInvokeSpecial(java.lang.Object, java.lang.Object, java.lang.Object, java.lang.Object, java.lang.Object)'> (0x00000000ceb529f8) 
thrown [s\src\hotspot\share\interpreter\linkResolver.cpp, line 784]
Event: 0.612 Thread 0x000001b68b2bbd90 Exception <a 'java/lang/IncompatibleClassChangeError'{0x00000000ceb694f0}: Found class java.lang.Object, but interface was expected> (0x00000000ceb694f0) 
thrown [s\src\hotspot\share\interpreter\linkResolver.cpp, line 851]
Event: 0.619 Thread 0x000001b68b2bbd90 Exception <a 'java/lang/NoSuchMethodError'{0x00000000ceb8f860}: 'void java.lang.invoke.Invokers$Holder.invokeExact_MT(java.lang.Object, java.lang.Object, java.lang.Object)'> (0x00000000ceb8f860) 
thrown [s\src\hotspot\share\interpreter\linkResolver.cpp, line 784]
Event: 0.630 Thread 0x000001b68b2bbd90 Exception <a 'java/lang/NoSuchMethodError'{0x00000000cebdd968}: 'java.lang.Object java.lang.invoke.Invokers$Holder.invokeExact_MT(java.lang.Object, java.lang.Object, java.lang.Object, java.lang.Object, java.lang.Object, java.lang.Object)'> (0x00000000cebdd968) 
thrown [s\src\hotspot\share\interpreter\linkResolver.cpp, line 784]
Event: 0.767 Thread 0x000001b68b2bbd90 Implicit null exception at 0x000001b69308e63e to 0x000001b69308e994
Event: 0.768 Thread 0x000001b68b2bbd90 Implicit null exception at 0x000001b69304227a to 0x000001b693042554
Event: 0.769 Thread 0x000001b68b2bbd90 Implicit null exception at 0x000001b693091866 to 0x000001b69309190a
Event: 0.770 Thread 0x000001b68b2bbd90 Implicit null exception at 0x000001b6930d013e to 0x000001b6930d04a4

ZGC Phase Switch (0 events):
No events

VM Operations (20 events):
Event: 0.379 Executing VM operation: HandshakeAllThreads (Deoptimize)
Event: 0.379 Executing VM operation: HandshakeAllThreads (Deoptimize) done
Event: 0.388 Executing VM operation: HandshakeAllThreads (Deoptimize)
Event: 0.388 Executing VM operation: HandshakeAllThreads (Deoptimize) done
Event: 0.388 Executing VM operation: HandshakeAllThreads (Deoptimize)
Event: 0.388 Executing VM operation: HandshakeAllThreads (Deoptimize) done
Event: 0.398 Executing VM operation: HandshakeAllThreads (Deoptimize)
Event: 0.398 Executing VM operation: HandshakeAllThreads (Deoptimize) done
Event: 0.400 Executing VM operation: HandshakeAllThreads (Deoptimize)
Event: 0.400 Executing VM operation: HandshakeAllThreads (Deoptimize) done
Event: 0.507 Executing VM operation: G1CollectForAllocation (G1 Evacuation Pause)
Event: 0.512 Executing VM operation: G1CollectForAllocation (G1 Evacuation Pause) done
Event: 0.648 Executing VM operation: HandshakeAllThreads (Deoptimize)
Event: 0.648 Executing VM operation: HandshakeAllThreads (Deoptimize) done
Event: 0.813 Executing VM operation: HandshakeAllThreads (Deoptimize)
Event: 0.813 Executing VM operation: HandshakeAllThreads (Deoptimize) done
Event: 0.814 Executing VM operation: RedefineClasses (Heap Inspection Initiated GC)
Event: 0.833 Executing VM operation: RedefineClasses (Heap Inspection Initiated GC) done
Event: 0.835 Executing VM operation: get/set locals
Event: 0.835 Executing VM operation: get/set locals done

Memory protections (0 events):
No events

Nmethod flushes (0 events):
No events

Events (20 events):
Event: 0.096 Loaded shared library C:\Users\messi\.jdks\jbr-21.0.6\bin\nio.dll
Event: 0.101 Loaded shared library C:\Users\messi\.jdks\jbr-21.0.6\bin\zip.dll
Event: 0.113 Thread 0x000001b69f89b690 Thread added: 0x000001b69f9a2bb0
Event: 0.113 Thread 0x000001b69f89b690 Thread added: 0x000001b69f9a3250
Event: 0.123 Thread 0x000001b69f7eea10 Thread added: 0x000001b6e501dfb0
Event: 0.137 Thread 0x000001b6e501dfb0 Thread added: 0x000001b6e5060ee0
Event: 0.137 Thread 0x000001b6e501dfb0 Thread added: 0x000001b69f99bff0
Event: 0.212 Thread 0x000001b69f89b690 Thread added: 0x000001b6e598ae80
Event: 0.219 Thread 0x000001b6e501dfb0 Thread added: 0x000001b6e5be8460
Event: 0.219 Thread 0x000001b6e501dfb0 Thread added: 0x000001b6e5678900
Event: 0.219 Thread 0x000001b6e501dfb0 Thread added: 0x000001b6e5747b10
Event: 0.283 Thread 0x000001b68b2bbd90 Thread added: 0x000001b6e59ab370
Event: 0.283 Thread 0x000001b68b2bbd90 Thread added: 0x000001b6e57b0260
Event: 0.283 Thread 0x000001b6e59ab370 Thread added: 0x000001b6e674d020
Event: 0.308 Loaded shared library C:\Users\messi\.jdks\jbr-21.0.6\bin\instrument.dll
Event: 0.344 Loaded shared library C:\Users\messi\.jdks\jbr-21.0.6\bin\jimage.dll
Event: 0.423 Thread 0x000001b68b2bbd90 Thread added: 0x000001b6e52f5f10
Event: 0.425 Thread 0x000001b68b2bbd90 Thread added: 0x000001b6e5dd1da0
Event: 0.425 Thread 0x000001b68b2bbd90 Thread added: 0x000001b6e5dd2400
Event: 0.427 Thread 0x000001b68b2bbd90 Thread added: 0x000001b6e5dd2a60


Dynamic libraries:
0x00007ff722ec0000 - 0x00007ff722eca000 	C:\Users\messi\.jdks\jbr-21.0.6\bin\java.exe
0x00007ffe541d0000 - 0x00007ffe543e7000 	C:\WINDOWS\SYSTEM32\ntdll.dll
0x00007ffe53910000 - 0x00007ffe539d4000 	C:\WINDOWS\System32\KERNEL32.DLL
0x00007ffe51530000 - 0x00007ffe51900000 	C:\WINDOWS\System32\KERNELBASE.dll
0x00007ffe51b40000 - 0x00007ffe51c51000 	C:\WINDOWS\System32\ucrtbase.dll
0x00007ffe39d80000 - 0x00007ffe39d9b000 	C:\Users\messi\.jdks\jbr-21.0.6\bin\VCRUNTIME140.dll
0x00007ffe3f0b0000 - 0x00007ffe3f0c8000 	C:\Users\messi\.jdks\jbr-21.0.6\bin\jli.dll
0x00007ffe53b20000 - 0x00007ffe53cce000 	C:\WINDOWS\System32\USER32.dll
0x00007ffe3fd50000 - 0x00007ffe3ffe2000 	C:\WINDOWS\WinSxS\amd64_microsoft.windows.common-controls_6595b64144ccf1df_6.0.22621.4830_none_270fe7d773858e80\COMCTL32.dll
0x00007ffe51500000 - 0x00007ffe51526000 	C:\WINDOWS\System32\win32u.dll
0x00007ffe536c0000 - 0x00007ffe53767000 	C:\WINDOWS\System32\msvcrt.dll
0x00007ffe52970000 - 0x00007ffe52999000 	C:\WINDOWS\System32\GDI32.dll
0x00007ffe519a0000 - 0x00007ffe51abb000 	C:\WINDOWS\System32\gdi32full.dll
0x00007ffe51900000 - 0x00007ffe5199a000 	C:\WINDOWS\System32\msvcp_win.dll
0x00007ffe53cf0000 - 0x00007ffe53d21000 	C:\WINDOWS\System32\IMM32.DLL
0x00007ffe3f730000 - 0x00007ffe3f73c000 	C:\Users\messi\.jdks\jbr-21.0.6\bin\vcruntime140_1.dll
0x00007ffe39870000 - 0x00007ffe398fd000 	C:\Users\messi\.jdks\jbr-21.0.6\bin\msvcp140.dll
0x00007ffddeae0000 - 0x00007ffddf8a1000 	C:\Users\messi\.jdks\jbr-21.0.6\bin\server\jvm.dll
0x00007ffe539e0000 - 0x00007ffe53a91000 	C:\WINDOWS\System32\ADVAPI32.dll
0x00007ffe53e40000 - 0x00007ffe53ee7000 	C:\WINDOWS\System32\sechost.dll
0x00007ffe51c60000 - 0x00007ffe51c88000 	C:\WINDOWS\System32\bcrypt.dll
0x00007ffe53770000 - 0x00007ffe53884000 	C:\WINDOWS\System32\RPCRT4.dll
0x00007ffe53640000 - 0x00007ffe536b1000 	C:\WINDOWS\System32\WS2_32.dll
0x00007ffe43f10000 - 0x00007ffe43f44000 	C:\WINDOWS\SYSTEM32\WINMM.dll
0x00007ffe51350000 - 0x00007ffe5139d000 	C:\WINDOWS\SYSTEM32\POWRPROF.dll
0x00007ffe4ba20000 - 0x00007ffe4ba2a000 	C:\WINDOWS\SYSTEM32\VERSION.dll
0x00007ffe51330000 - 0x00007ffe51343000 	C:\WINDOWS\SYSTEM32\UMPDC.dll
0x00007ffe504c0000 - 0x00007ffe504d8000 	C:\WINDOWS\SYSTEM32\kernel.appcore.dll
0x00007ffe3f0a0000 - 0x00007ffe3f0aa000 	C:\Users\messi\.jdks\jbr-21.0.6\bin\jimage.dll
0x00007ffe4ee70000 - 0x00007ffe4f0a2000 	C:\WINDOWS\SYSTEM32\DBGHELP.DLL
0x00007ffe53220000 - 0x00007ffe535b0000 	C:\WINDOWS\System32\combase.dll
0x00007ffe52070000 - 0x00007ffe52147000 	C:\WINDOWS\System32\OLEAUT32.dll
0x00007ffe38150000 - 0x00007ffe38182000 	C:\WINDOWS\SYSTEM32\dbgcore.DLL
0x00007ffe51480000 - 0x00007ffe514fb000 	C:\WINDOWS\System32\bcryptPrimitives.dll
0x00007ffe29660000 - 0x00007ffe2969c000 	C:\Users\messi\.jdks\jbr-21.0.6\bin\jdwp.dll
0x00007ffe0f8d0000 - 0x00007ffe0fade000 	C:\Users\messi\AppData\Local\Temp\idea_libasyncProfiler_dll_temp_folder6800\libasyncProfiler.dll
0x00007ffe3f830000 - 0x00007ffe3f83e000 	C:\Users\messi\.jdks\jbr-21.0.6\bin\instrument.dll
0x00007ffe39850000 - 0x00007ffe39870000 	C:\Users\messi\.jdks\jbr-21.0.6\bin\java.dll
0x00007ffe39400000 - 0x00007ffe39418000 	C:\Users\messi\.jdks\jbr-21.0.6\bin\zip.dll
0x00007ffe529a0000 - 0x00007ffe53218000 	C:\WINDOWS\System32\SHELL32.dll
0x00007ffe4f3d0000 - 0x00007ffe4fce0000 	C:\WINDOWS\SYSTEM32\windows.storage.dll
0x00007ffe4f290000 - 0x00007ffe4f3cf000 	C:\WINDOWS\SYSTEM32\wintypes.dll
0x00007ffe527a0000 - 0x00007ffe528aa000 	C:\WINDOWS\System32\SHCORE.dll
0x00007ffe540b0000 - 0x00007ffe5410e000 	C:\WINDOWS\System32\shlwapi.dll
0x00007ffe513b0000 - 0x00007ffe513db000 	C:\WINDOWS\SYSTEM32\profapi.dll
0x00007ffe29880000 - 0x00007ffe29957000 	C:\Users\messi\.jdks\jbr-21.0.6\bin\jsvml.dll
0x00007ffe3eea0000 - 0x00007ffe3eeb0000 	C:\Users\messi\.jdks\jbr-21.0.6\bin\net.dll
0x00007ffe4d0a0000 - 0x00007ffe4d1cc000 	C:\WINDOWS\SYSTEM32\WINHTTP.dll
0x00007ffe50940000 - 0x00007ffe509aa000 	C:\WINDOWS\system32\mswsock.dll
0x00007ffe32d40000 - 0x00007ffe32d56000 	C:\Users\messi\.jdks\jbr-21.0.6\bin\nio.dll
0x00007ffe39d60000 - 0x00007ffe39d6b000 	C:\Users\messi\.jdks\jbr-21.0.6\bin\dt_socket.dll
0x00007ffe4ff40000 - 0x00007ffe4ff6d000 	C:\WINDOWS\SYSTEM32\IPHLPAPI.DLL
0x000001b69fa90000 - 0x000001b69fa93000 	C:\Users\messi\.openjfx\cache\17.0.6\api-ms-win-core-console-l1-1-0.dll
0x000001b69faa0000 - 0x000001b69faa3000 	C:\Users\messi\.openjfx\cache\17.0.6\api-ms-win-core-console-l1-2-0.dll
0x000001b69fab0000 - 0x000001b69fab3000 	C:\Users\messi\.openjfx\cache\17.0.6\api-ms-win-core-datetime-l1-1-0.dll
0x000001b69fac0000 - 0x000001b69fac3000 	C:\Users\messi\.openjfx\cache\17.0.6\api-ms-win-core-debug-l1-1-0.dll
0x000001b69fad0000 - 0x000001b69fad3000 	C:\Users\messi\.openjfx\cache\17.0.6\api-ms-win-core-errorhandling-l1-1-0.dll
0x000001b69fae0000 - 0x000001b69fae4000 	C:\Users\messi\.openjfx\cache\17.0.6\api-ms-win-core-file-l1-1-0.dll
0x000001b69faf0000 - 0x000001b69faf3000 	C:\Users\messi\.openjfx\cache\17.0.6\api-ms-win-core-file-l1-2-0.dll
0x000001b69fb00000 - 0x000001b69fb03000 	C:\Users\messi\.openjfx\cache\17.0.6\api-ms-win-core-file-l2-1-0.dll
0x000001b69fb10000 - 0x000001b69fb13000 	C:\Users\messi\.openjfx\cache\17.0.6\api-ms-win-core-handle-l1-1-0.dll
0x000001b69fb20000 - 0x000001b69fb23000 	C:\Users\messi\.openjfx\cache\17.0.6\api-ms-win-core-heap-l1-1-0.dll
0x000001b69fb30000 - 0x000001b69fb33000 	C:\Users\messi\.openjfx\cache\17.0.6\api-ms-win-core-interlocked-l1-1-0.dll
0x000001b69fb40000 - 0x000001b69fb43000 	C:\Users\messi\.openjfx\cache\17.0.6\api-ms-win-core-libraryloader-l1-1-0.dll
0x000001b69fb50000 - 0x000001b69fb53000 	C:\Users\messi\.openjfx\cache\17.0.6\api-ms-win-core-localization-l1-2-0.dll
0x000001b69fb60000 - 0x000001b69fb63000 	C:\Users\messi\.openjfx\cache\17.0.6\api-ms-win-core-memory-l1-1-0.dll

dbghelp: loaded successfully - version: 4.0.5 - missing functions: none
symbol engine: initialized successfully - sym options: 0x614 - pdb path: .;C:\Users\messi\.jdks\jbr-21.0.6\bin;C:\WINDOWS\SYSTEM32;C:\WINDOWS\WinSxS\amd64_microsoft.windows.common-controls_6595b64144ccf1df_6.0.22621.4830_none_270fe7d773858e80;C:\Users\messi\.jdks\jbr-21.0.6\bin\server;C:\Users\messi\AppData\Local\Temp\idea_libasyncProfiler_dll_temp_folder6800;C:\Users\messi\.openjfx\cache\17.0.6

VM Arguments:
jvm_args: -agentlib:jdwp=transport=dt_socket,address=127.0.0.1:55783,suspend=y,server=n --add-modules=javafx.controls,javafx.fxml,javafx.base --add-exports=javafx.base/com.sun.javafx.event=org.controlsfx.controls -ea -Xmx1024m -agentpath:C:\Users\messi\AppData\Local\Temp\idea_libasyncProfiler_dll_temp_folder6800\libasyncProfiler.dll=version,jfr,event=wall,interval=10ms,cstack=no,file=C:\Users\messi\IdeaSnapshots\Login_2025_03_05_210827.jfr,dbghelppath=C:\Users\messi\AppData\Local\Temp\idea_dbghelp_dll_temp_folder4\dbghelp.dll,log=C:\Users\messi\AppData\Local\Temp\Login_2025_03_05_210827.jfr.log.txt,logLevel=DEBUG -javaagent:C:\Users\messi\.hotswap\hotswap-agent.jar -XX:+AllowEnhancedClassRedefinition -XX:HotswapAgent=external -XX:+ClassUnloading --add-opens=java.base/sun.nio.ch=ALL-UNNAMED --add-opens=java.base/java.lang=ALL-UNNAMED --add-opens=java.base/java.lang.reflect=ALL-UNNAMED --add-opens=java.base/java.io=ALL-UNNAMED --add-opens=java.base/sun.security.action=ALL-UNNAMED --add-opens=java.base/jdk.internal.reflect=ALL-UNNAMED --add-opens=java.base/java.net=ALL-UNNAMED -javaagent:C:\Users\messi\AppData\Local\JetBrains\IntelliJIdea2024.3\captureAgent\debugger-agent.jar -Dkotlinx.coroutines.debug.enable.creation.stack.trace=false -Ddebugger.agent.enable.coroutines=true -Dkotlinx.coroutines.debug.enable.flows.stack.trace=true -Dkotlinx.coroutines.debug.enable.mutable.state.flows.stack.trace=true -Dfile.encoding=UTF-8 -Dsun.stdout.encoding=UTF-8 -Dsun.stderr.encoding=UTF-8 --module-path=C:\Users\messi\.m2\repository\org\apache\pdfbox\pdfbox\3.0.3\pdfbox-3.0.3.jar;C:\Users\messi\.m2\repository\org\openjfx\javafx-fxml\17.0.6\javafx-fxml-17.0.6-win.jar;C:\Users\messi\.m2\repository\com\itextpdf\itextpdf\5.5.13.3\itextpdf-5.5.13.3.jar;C:\Users\messi\.m2\repository\com\itextpdf\io\9.1.0\io-9.1.0.jar;D:\CodingProjects\JavaProjects\BilliardsManagement_0503\BilliardsManagement\target\classes;C:\Users\messi\.m2\repository\com\mysql\mysql-connector-j\8.0.33\mysql-connector-j-8.0.33.jar;C:\Users\messi\.m2\repository\org\controlsfx\controlsfx\11.1.0\controlsfx-11.1.0.jar;C:\Users\messi\.m2\repository\org\openjfx\javafx-media\17.0.6\javafx-media-17.0.6-win.jar;C:\Users\messi\.m2\repository\org\openjfx\javafx-controls\17.0.6\javafx-controls-17.0.6-win.jar;C:\Users\messi\.m2\repository\com\itextpdf\kernel\9.1.0\kernel-9.1.0.jar;C:\Users\messi\.m2\repository\org\openjfx\javafx-graphics\17.0.6\javafx-graphics-17.0.6-win.jar;C:\Users\messi\.m2\repository\de\jensd\fontawesomefx-commons\9.1.2\fontawesomefx-commons-9.1.2.jar;C:\Users\messi\.m2\repository\de\jensd\fontawesomefx-fontawesome\4.7.0-9.1.2\fontawesomefx-fontawesome-4.7.0-9.1.2.jar;C:\Users\messi\.m2\repository\org\openjfx\javafx-base\17.0.6\javafx-base-17.0.6-win.jar -Djdk.module.main=src.billiardsmanagement 
java_command: src.billiardsmanagement/src.billiardsmanagement.view.Login
java_class_path (initial): C:\Users\messi\.m2\repository\com\google\protobuf\protobuf-java\3.21.9\protobuf-java-3.21.9.jar;C:\Users\messi\.m2\repository\org\openjfx\javafx-controls\17.0.6\javafx-controls-17.0.6.jar;C:\Users\messi\.m2\repository\org\openjfx\javafx-graphics\17.0.6\javafx-graphics-17.0.6.jar;C:\Users\messi\.m2\repository\org\openjfx\javafx-fxml\17.0.6\javafx-fxml-17.0.6.jar;C:\Users\messi\.m2\repository\org\openjfx\javafx-base\17.0.6\javafx-base-17.0.6.jar;C:\Users\messi\.m2\repository\org\openjfx\javafx-web\17.0.6\javafx-web-17.0.6-win.jar;C:\Users\messi\.m2\repository\org\openjfx\javafx-media\17.0.6\javafx-media-17.0.6.jar;C:\Users\messi\.m2\repository\org\kordamp\ikonli\ikonli-fontawesome-pack\12.3.1\ikonli-fontawesome-pack-12.3.1.jar;C:\Users\messi\.m2\repository\org\kordamp\ikonli\ikonli-core\12.3.1\ikonli-core-12.3.1.jar;C:\Users\messi\.m2\repository\org\kordamp\ikonli\ikonli-javafx\12.3.1\ikonli-javafx-12.3.1.jar;C:\Users\messi\.m2\repository\org\apache\pdfbox\pdfbox-io\3.0.3\pdfbox-io-3.0.3.jar;C:\Users\messi\.m2\repository\org\apache\pdfbox\fontbox\3.0.3\fontbox-3.0.3.jar;C:\Users\messi\.m2\repository\commons-logging\commons-logging\1.3.3\commons-logging-1.3.3.jar;C:\Users\messi\.m2\repository\com\itextpdf\commons\9.1.0\commons-9.1.0.jar;C:\Users\messi\.m2\repository\com\itextpdf\bouncy-castle-connector\9.1.0\bouncy-castle-connector-9.1.0.jar;C:\Users\messi\.m2\repository\org\slf4j\slf4j-api\2.0.16\slf4j-api-2.0.16.jar;C:\Users\messi\.m2\repository\de\jensd\fontawesomefx-materialdesignfont\2.0.26-9.1.2\fontawesomefx-materialdesignfont-2.0.26-9.1.2.jar;C:\Users\messi\.m2\repository\io\github\palexdev\materialfx\11.17.0\materialfx-11.17.0.jar;C:\Users\messi\.m2\repository\io\github\palexdev\mfxcore\11.8.0\mfxcore-11.8.0.jar;C:\Users\messi\.m2\repository\io\github\palexdev\mfxlocalization\11.1.0\mfxlocalization-11.1.0.jar;C:\Users\messi\.m2\repository\io\github\palexdev\mfxresources\11.9.1\mfxresources-11.9.1.jar;C:\Users\messi\.m2\repository\io\github\palexdev\mfxeffects\11.3.0\mfxeffects-11.3.0.jar;C:\Users\messi\.m2\repository\io\github\palexdev\virtualizedfx\11.9.6\virtualizedfx-11.9.6.jar;C:\Program Files\JetBrains\IntelliJ IDEA 2024.3.1.1\lib\idea_rt.jar
Launcher Type: SUN_STANDARD

[Global flags]
     bool AllowEnhancedClassRedefinition           = true                                      {product} {command line}
     intx CICompilerCount                          = 12                                        {product} {ergonomic}
     bool ClassUnloading                           = true                                      {product} {command line}
     uint ConcGCThreads                            = 3                                         {product} {ergonomic}
     uint G1ConcRefinementThreads                  = 13                                        {product} {ergonomic}
   size_t G1HeapRegionSize                         = 1048576                                   {product} {ergonomic}
    uintx GCDrainStackTargetSize                   = 64                                        {product} {ergonomic}
    ccstr HotswapAgent                             = external                                  {product} {command line}
   size_t InitialHeapSize                          = 255852544                                 {product} {ergonomic}
   size_t MarkStackSize                            = 4194304                                   {product} {ergonomic}
   size_t MaxHeapSize                              = 1073741824                                {product} {command line}
   size_t MaxNewSize                               = 643825664                                 {product} {ergonomic}
   size_t MinHeapDeltaBytes                        = 1048576                                   {product} {ergonomic}
   size_t MinHeapSize                              = 8388608                                   {product} {ergonomic}
    uintx NonNMethodCodeHeapSize                   = 7602480                                {pd product} {ergonomic}
    uintx NonProfiledCodeHeapSize                  = 122027880                              {pd product} {ergonomic}
    uintx ProfiledCodeHeapSize                     = 122027880                              {pd product} {ergonomic}
    uintx ReservedCodeCacheSize                    = 251658240                              {pd product} {ergonomic}
     bool SegmentedCodeCache                       = true                                      {product} {ergonomic}
   size_t SoftMaxHeapSize                          = 1073741824                             {manageable} {ergonomic}
     bool UseCompressedOops                        = true                           {product lp64_product} {ergonomic}
     bool UseG1GC                                  = true                                      {product} {ergonomic}
     bool UseLargePagesIndividualAllocation        = false                                  {pd product} {ergonomic}

Logging:
Log output configuration:
 #0: stdout all=warning uptime,level,tags foldmultilines=false
 #1: stderr all=off uptime,level,tags foldmultilines=false

Environment Variables:
JAVA_HOME=C:\Program Files\Eclipse Adoptium\jdk-23.0.2.7-hotspot\
PATH=C:\Program Files\Eclipse Adoptium\jdk-23.0.2.7-hotspot\bin;C:\WINDOWS\system32;C:\WINDOWS;C:\WINDOWS\System32\Wbem;C:\WINDOWS\System32\WindowsPowerShell\v1.0\;C:\WINDOWS\System32\OpenSSH\;C:\Program Files\Git\cmd;C:\Program Files\dotnet\;C:\Apache\apache-maven-3.9.6-bin\apache-maven-3.9.6\bin;C:\Program Files\Cloudflare\Cloudflare WARP\;C:\Program Files\nodejs\;C:\Users\messi\AppData\Local\Programs\Python\Python313\python.exe;C:\Program Files\Microsoft Visual Studio\2022\Community\MSBuild\Current\Bin\MSBuild.exe;C:\Program Files (x86)\Windows Kits\10\Windows Performance Toolkit\;d:\AppData\Programs\Trae\bin;C:\Users\messi\AppData\Local\Programs\Python\Python313\Scripts\;C:\Users\messi\AppData\Local\Programs\Python\Python313\;C:\Users\messi\AppData\Local\Microsoft\WindowsApps;;C:\Users\messi\.lmstudio\bin;C:\Program Files\JetBrains\IntelliJ IDEA 2024.3.1.1\bin;;C:\Users\messi\AppData\Local\Programs\Microsoft VS Code\bin;C:\Users\messi\.dotnet\tools;C:\Users\messi\AppData\Roaming\npm;C:\Users\messi\AppData\Local\Programs\cursor\resources\app\bin
USERNAME=messi
OS=Windows_NT
PROCESSOR_IDENTIFIER=AMD64 Family 25 Model 68 Stepping 1, AuthenticAMD
TMP=C:\Users\messi\AppData\Local\Temp
TEMP=C:\Users\messi\AppData\Local\Temp




Periodic native trim disabled

JNI global refs:
JNI global refs: 46, weak refs: 1937

JNI global refs memory usage: 1027, weak refs: 19985

Process memory usage:
Resident Set Size: 152488K (0% of 15985748K total physical memory with 2516660K free physical memory)

OOME stack traces (most recent first):
Classloader memory used:
Loader bootstrap                                                                       : 4076K
Loader jdk.internal.loader.ClassLoaders$AppClassLoader                                 : 2229K
Loader jdk.internal.loader.ClassLoaders$PlatformClassLoader                            : 40120B

Classes loaded by more than one classloader:
Class java.lang.IllegalAccessError                                                    : loaded 2 times (x 78B)
Class java.lang.IllegalMonitorStateException                                          : loaded 2 times (x 78B)
Class org.hotswap.agent.javassist.CannotCompileException                              : loaded 2 times (x 79B)
Class java.lang.UnsupportedOperationException                                         : loaded 2 times (x 78B)
Class java.lang.InternalError                                                         : loaded 2 times (x 78B)
Class java.lang.OutOfMemoryError                                                      : loaded 2 times (x 78B)
Class java.nio.file.NoSuchFileException                                               : loaded 2 times (x 81B)
Class java.lang.IllegalStateException                                                 : loaded 2 times (x 78B)
Class org.hotswap.agent.javassist.bytecode.CodeAttribute$RuntimeCopyException         : loaded 2 times (x 78B)
Class java.net.MalformedURLException                                                  : loaded 2 times (x 78B)
Class org.hotswap.agent.javassist.bytecode.StackMapTable$RuntimeCopyException         : loaded 2 times (x 78B)
Class java.lang.ArrayStoreException                                                   : loaded 2 times (x 78B)
Class java.io.IOException                                                             : loaded 2 times (x 78B)
Class java.lang.Exception                                                             : loaded 2 times (x 78B)
Class java.lang.ClassNotFoundException                                                : loaded 2 times (x 79B)
Class java.lang.InstantiationException                                                : loaded 2 times (x 78B)
Class java.lang.ReflectiveOperationException                                          : loaded 2 times (x 78B)
Class java.lang.VirtualMachineError                                                   : loaded 2 times (x 78B)
Class java.lang.IllegalArgumentException                                              : loaded 2 times (x 78B)
Class java.lang.Error                                                                 : loaded 2 times (x 78B)
Class java.lang.InterruptedException                                                  : loaded 2 times (x 78B)
Class java.lang.NumberFormatException                                                 : loaded 2 times (x 78B)
Class java.lang.LinkageError                                                          : loaded 2 times (x 78B)
Class java.lang.NoSuchMethodError                                                     : loaded 2 times (x 78B)
Class java.lang.ClassCastException                                                    : loaded 2 times (x 78B)
Class java.lang.IncompatibleClassChangeError                                          : loaded 2 times (x 78B)
Class java.lang.ClassFormatError                                                      : loaded 2 times (x 78B)
Class java.net.URISyntaxException                                                     : loaded 2 times (x 82B)
Class org.hotswap.agent.javassist.NotFoundException                                   : loaded 2 times (x 78B)
Class java.lang.reflect.InvocationTargetException                                     : loaded 2 times (x 79B)
Class java.lang.IndexOutOfBoundsException                                             : loaded 2 times (x 78B)
Class java.util.NoSuchElementException                                                : loaded 2 times (x 78B)
Class org.hotswap.agent.javassist.compiler.CompileError                               : loaded 2 times (x 79B)
Class java.lang.BootstrapMethodError                                                  : loaded 2 times (x 78B)
Class sun.nio.fs.WindowsException                                                     : loaded 2 times (x 85B)
Class java.lang.NoSuchMethodException                                                 : loaded 2 times (x 78B)
Class java.lang.NoClassDefFoundError                                                  : loaded 2 times (x 78B)
Class org.hotswap.agent.javassist.bytecode.annotation.NoSuchClassError                : loaded 2 times (x 79B)
Class java.nio.file.InvalidPathException                                              : loaded 2 times (x 82B)
Class java.nio.file.FileSystemException                                               : loaded 2 times (x 81B)
Class java.lang.NullPointerException                                                  : loaded 2 times (x 79B)
Class java.lang.StackOverflowError                                                    : loaded 2 times (x 78B)
Class org.hotswap.agent.versions.InvalidVersionSpecificationException                 : loaded 2 times (x 78B)
Class java.lang.RuntimeException                                                      : loaded 2 times (x 78B)
Class java.lang.NoSuchFieldException                                                  : loaded 2 times (x 78B)
Class java.io.FileNotFoundException                                                   : loaded 2 times (x 78B)
Class java.lang.IllegalAccessException                                                : loaded 2 times (x 78B)
Class java.lang.ArithmeticException                                                   : loaded 2 times (x 78B)
Class java.lang.reflect.UndeclaredThrowableException                                  : loaded 2 times (x 79B)
Class org.hotswap.agent.javassist.bytecode.DuplicateMemberException                   : loaded 2 times (x 79B)
Class org.hotswap.agent.javassist.bytecode.BadBytecode                                : loaded 2 times (x 78B)
Class java.lang.Throwable                                                             : loaded 2 times (x 78B)

---------------  S Y S T E M  ---------------

OS:
 Windows 11 , 64 bit Build 22621 (10.0.22621.4830)
OS uptime: 0 days 1:50 hours

CPU: total 16 (initial active 16) (16 cores per cpu, 2 threads per core) family 25 model 68 stepping 1 microcode 0x0, cx8, cmov, fxsr, ht, mmx, 3dnowpref, sse, sse2, sse3, ssse3, sse4a, sse4.1, sse4.2, popcnt, lzcnt, tsc, tscinvbit, avx, avx2, aes, erms, clmul, bmi1, bmi2, adx, sha, fma, vzeroupper, clflush, clflushopt, rdtscp, rdpid, fsrm, f16c, pku, cet_ss
Processor Information for processor 0
  Max Mhz: 3201, Current Mhz: 1978, Mhz Limit: 3201
Processor Information for processor 1
  Max Mhz: 3201, Current Mhz: 1978, Mhz Limit: 3201
Processor Information for processor 2
  Max Mhz: 3201, Current Mhz: 3201, Mhz Limit: 3201
Processor Information for processor 3
  Max Mhz: 3201, Current Mhz: 3201, Mhz Limit: 3201
Processor Information for processor 4
  Max Mhz: 3201, Current Mhz: 1978, Mhz Limit: 3201
Processor Information for processor 5
  Max Mhz: 3201, Current Mhz: 1978, Mhz Limit: 3201
Processor Information for processor 6
  Max Mhz: 3201, Current Mhz: 3201, Mhz Limit: 3201
Processor Information for processor 7
  Max Mhz: 3201, Current Mhz: 1978, Mhz Limit: 3201
Processor Information for processor 8
  Max Mhz: 3201, Current Mhz: 3201, Mhz Limit: 3201
Processor Information for processor 9
  Max Mhz: 3201, Current Mhz: 1978, Mhz Limit: 3201
Processor Information for processor 10
  Max Mhz: 3201, Current Mhz: 1978, Mhz Limit: 3201
Processor Information for processor 11
  Max Mhz: 3201, Current Mhz: 1978, Mhz Limit: 3201
Processor Information for processor 12
  Max Mhz: 3201, Current Mhz: 1978, Mhz Limit: 3201
Processor Information for processor 13
  Max Mhz: 3201, Current Mhz: 3201, Mhz Limit: 3201
Processor Information for processor 14
  Max Mhz: 3201, Current Mhz: 1978, Mhz Limit: 3201
Processor Information for processor 15
  Max Mhz: 3201, Current Mhz: 1978, Mhz Limit: 3201

Memory: 4k page, system-wide physical 15611M (2457M free)
TotalPageFile size 29435M (AvailPageFile size 7973M)
current process WorkingSet (physical memory assigned to process): 149M, peak: 149M
current process commit charge ("private bytes"): 423M, peak: 423M

vm_info: OpenJDK 64-Bit Server VM (21.0.6+9-b895.91) for windows-amd64 JRE (21.0.6+9-b895.91), built on 2025-02-16 by "builduser" with MS VC++ 16.10 / 16.11 (VS2019)

END.
